[COT 2023-2M-19 18:40:16] 76561197994877771: Set rain to 0 0 0
[COT 2023-2M-19 18:40:16] 76561197994877771: Set storm to 0 0.8 4000
[COT 2023-2M-19 18:40:16] 76561197994877771: Set fog to 0 0 0
[COT 2023-2M-19 18:40:16] 76561197994877771: Set overcast to 0 0 0
[COT 2023-2M-19 18:40:16] 76561197994877771: Set wind to 0 0 1
[COT 2023-2M-19 18:40:18] 76561197994877771: Set the date to 2023/9/20 6:0
[COT 2023-2M-19 18:40:20] 76561197994877771: Set rain to 0 0 0
[COT 2023-2M-19 18:40:20] 76561197994877771: Set storm to 0 0.8 4000
[COT 2023-2M-19 18:40:20] 76561197994877771: Set fog to 0 0 0
[COT 2023-2M-19 18:40:20] 76561197994877771: Set overcast to 0 0 0
[COT 2023-2M-19 18:40:20] 76561197994877771: Set the date to 2023/9/20 6:0
[COT 2023-2M-19 18:40:20] 76561197994877771: Set wind to 0 0 1
[COT 2023-2M-19 18:40:26] 76561197994877771: Set rain to 0 0 0
[COT 2023-2M-19 18:40:26] 76561197994877771: Set storm to 0 0.8 4000
[COT 2023-2M-19 18:40:26] 76561197994877771: Set fog to 0.01 0 0
[COT 2023-2M-19 18:40:26] 76561197994877771: Set overcast to 0 0 0
[COT 2023-2M-19 18:40:26] 76561197994877771: Set the date to 2023/9/20 6:0
[COT 2023-2M-19 18:40:26] 76561197994877771: Set wind to 0 0 1
[COT 2023-2M-19 18:40:32] 76561197994877771: Set rain to 0 0 0
[COT 2023-2M-19 18:40:32] 76561197994877771: Set storm to 0 0.8 4000
[COT 2023-2M-19 18:40:32] 76561197994877771: Set fog to 0.01 0 0
[COT 2023-2M-19 18:40:32] 76561197994877771: Set overcast to 0 0 0
[COT 2023-2M-19 18:40:32] 76561197994877771: Set the date to 2023/9/20 6:0
[COT 2023-2M-19 18:40:32] 76561197994877771: Set wind to 0.97 0.97 1
[COT 2023-2M-19 18:40:39] 76561197994877771: Set rain to 0 0 0
[COT 2023-2M-19 18:40:39] 76561197994877771: Set storm to 0 0.8 4000
[COT 2023-2M-19 18:40:39] 76561197994877771: Set fog to 0.01 0 0
[COT 2023-2M-19 18:40:39] 76561197994877771: Set overcast to 0.01 0 0
[COT 2023-2M-19 18:40:39] 76561197994877771: Set the date to 2023/9/20 6:0
[COT 2023-2M-19 18:40:39] 76561197994877771: Set wind to 0.97 0.97 1
[COT 2023-2M-19 18:40:43] 76561197994877771: Set rain to 0 0 0
[COT 2023-2M-19 18:40:43] 76561197994877771: Set storm to 0 0.8 4000
[COT 2023-2M-19 18:40:43] 76561197994877771: Set fog to 0.01 0 0
[COT 2023-2M-19 18:40:43] 76561197994877771: Set overcast to 0.97 0 0
[COT 2023-2M-19 18:40:43] 76561197994877771: Set the date to 2023/9/20 6:0
[COT 2023-2M-19 18:40:43] 76561197994877771: Set wind to 0.97 0.97 1
[COT 2023-2M-19 18:40:49] 76561197994877771: Set rain to 0 0 0
[COT 2023-2M-19 18:40:49] 76561197994877771: Set storm to 0 0.8 4000
[COT 2023-2M-19 18:40:49] 76561197994877771: Set fog to 0.01 0 0
[COT 2023-2M-19 18:40:49] 76561197994877771: Set overcast to 0.01 0 0
[COT 2023-2M-19 18:40:49] 76561197994877771: Set the date to 2023/9/20 6:0
[COT 2023-2M-19 18:40:49] 76561197994877771: Set wind to 0.97 0.97 1
[COT 2023-2M-19 18:41:15] 76561197994877771: Healed [guid=y5tvJ1kpP-wFiLya9EcS0I27-rJqniJ-cSI1z7Lv22I=]
