[COT 2023-2M-15 19:50:51] 76561197994877771: Set the date to 2023/9/20 12:0
[COT 2023-2M-15 19:50:52] 76561197994877771: Set the date to 2023/9/20 6:0
[COT 2023-2M-15 19:50:54] 76561197994877771: Set the date to 2023/9/20 18:0
[COT 2023-2M-15 19:50:56] 76561197994877771: Set the date to 2023/9/20 6:0
[COT 2023-2M-15 19:50:57] 76561197994877771: Set rain to 0 0 0
[COT 2023-2M-15 19:50:57] 76561197994877771: Set storm to 0 0.8 4000
[COT 2023-2M-15 19:50:57] 76561197994877771: Set fog to 0 0 0
[COT 2023-2M-15 19:50:57] 76561197994877771: Set overcast to 0 0 0
[COT 2023-2M-15 19:50:57] 76561197994877771: Set wind to 0 0 1
[COT 2023-2M-15 19:51:0s] 76561197994877771: Set rain to 0 0 0
[COT 2023-2M-15 19:51:0s] 76561197994877771: Set storm to 0 0.8 4000
[COT 2023-2M-15 19:51:0s] 76561197994877771: Set fog to 0 0 0
[COT 2023-2M-15 19:51:0s] 76561197994877771: Set overcast to 0 0 0
[COT 2023-2M-15 19:51:0s] 76561197994877771: Set wind to 0 0 1
[COT 2023-2M-15 19:51:9s] 76561197994877771: Set rain to 0.8 0 0
[COT 2023-2M-15 19:51:9s] 76561197994877771: Set storm to 0.64 0.8 4000
[COT 2023-2M-15 19:51:9s] 76561197994877771: Set fog to 0.3 0 0
[COT 2023-2M-15 19:51:9s] 76561197994877771: Set overcast to 1 0 0
[COT 2023-2M-15 19:51:9s] 76561197994877771: Set wind to 0.56 0.7 1
[COT 2023-2M-15 19:51:12] 76561197994877771: Set rain to 0 0 0
[COT 2023-2M-15 19:51:12] 76561197994877771: Set storm to 0 0.8 4000
[COT 2023-2M-15 19:51:12] 76561197994877771: Set fog to 0 0 0
[COT 2023-2M-15 19:51:12] 76561197994877771: Set overcast to 0 0 0
[COT 2023-2M-15 19:51:12] 76561197994877771: Set wind to 0 0 1
[COT 2023-2M-15 19:51:15] 76561197994877771: Set the date to 2023/9/20 18:0
[COT 2023-2M-15 19:51:17] 76561197994877771: Set the date to 2023/9/20 6:0
[COT 2023-2M-15 19:51:18] 76561197994877771: Set rain to 0 0 0
[COT 2023-2M-15 19:51:18] 76561197994877771: Set storm to 0 0.8 4000
[COT 2023-2M-15 19:51:18] 76561197994877771: Set fog to 0 0 0
[COT 2023-2M-15 19:51:18] 76561197994877771: Set overcast to 0 0 0
[COT 2023-2M-15 19:51:18] 76561197994877771: Set the date to 2023/9/20 6:0
[COT 2023-2M-15 19:51:18] 76561197994877771: Set wind to 0 0 1
