[COT 2023-2M-15 17:5m:14] 76561197994877771: Entered the Free Camera
[COT 2023-2M-15 17:5m:21] 76561197994877771: Left the Free Camera
[COT 2023-2M-15 17:6m:16] 76561197994877771: Teleported to position <7293.109375, 12.040001, 1233.385010>
[COT 2023-2M-15 17:7m:7s] 76561197994877771: Teleported to position <7266.679688, 12.040001, 880.991211>
[COT 2023-2M-15 17:7m:56] 76561197994877771: Teleported to position <15914.847656, 13.535946, 2052.720947>
[COT 2023-2M-15 17:9m:3s] 76561197994877771: Teleported to position <17346.296875, 5.810000, 4091.776123>
[COT 2023-2M-15 17:10:0s] 76561197994877771: Teleported to position <16677.283203, 6.437520, 4035.673828>
[COT 2023-2M-15 17:10:33] 76561197994877771: Teleported to position <16772.658203, 6.066424, 4377.894531>
[COT 2023-2M-15 17:11:23] 76561197994877771: Teleported to position <13835.775391, 7.906475, 14363.748047>
[COT 2023-2M-15 17:12:35] 76561197994877771: Teleported to position <13975.537109, 8.350001, 15262.983398>
[COT 2023-2M-15 17:12:42] 76561197994877771: Teleported to position <14419.111328, 6.967105, 15256.052734>
[COT 2023-2M-15 17:13:20] 76561197994877771: Teleported to position <14136.406250, 7.873240, 15623.873047>
[COT 2023-2M-15 17:13:28] 76561197994877771: Teleported to position <14267.120117, 7.320610, 15632.993164>
[COT 2023-2M-15 17:14:20] 76561197994877771: Teleported to position <13695.298828, 7.620000, 18489.917969>
[COT 2023-2M-15 17:15:17] 76561197994877771: Teleported to position <13423.192383, 6.855639, 18523.929688>
[COT 2023-2M-15 17:15:50] 76561197994877771: Teleported to position <13642.388672, 6.602947, 18712.892578>
[COT 2023-2M-15 17:16:49] 76561197994877771: Teleported to position <3662.400391, 9.235959, 17507.259766>
[COT 2023-2M-15 17:16:54] 76561197994877771: Teleported to position <3116.734619, 8.001631, 17915.322266>
[COT 2023-2M-15 17:17:3s] 76561197994877771: Healed [guid=y5tvJ1kpP-wFiLya9EcS0I27-rJqniJ-cSI1z7Lv22I=]
[COT 2023-2M-15 17:17:6s] 76561197994877771: Set GodMode To true [guid=y5tvJ1kpP-wFiLya9EcS0I27-rJqniJ-cSI1z7Lv22I=]
[COT 2023-2M-15 17:17:12] 76561197994877771: Healed [guid=y5tvJ1kpP-wFiLya9EcS0I27-rJqniJ-cSI1z7Lv22I=]
[COT 2023-2M-15 17:17:15] 76561197994877771: Bleeding stopped [guid=y5tvJ1kpP-wFiLya9EcS0I27-rJqniJ-cSI1z7Lv22I=]
[COT 2023-2M-15 17:19:35] 76561197994877771: Teleported to position <4672.386230, 6.790000, 17277.152344>
[COT 2023-2M-15 17:21:11] 76561197994877771: Teleported to position <5365.455078, 9.001943, 16348.640625>
[COT 2023-2M-15 17:22:37] 76561197994877771: Teleported to position <1744.685791, 9.521372, 19339.085938>
[COT 2023-2M-15 17:24:4s] 76561197994877771: Teleported to position <1663.067383, 8.422305, 18822.167969>
[COT 2023-2M-15 17:24:42] 76561197994877771: Teleported to position <1193.175415, 8.760000, 19002.835938>
[COT 2023-2M-15 17:26:5s] 76561197994877771: Teleported to position <9638.029297, 13.077982, 9278.067383>
[COT 2023-2M-15 17:28:49] 76561197994877771: Teleported to position <7569.064941, 9.872525, 10141.456055>
[COT 2023-2M-15 17:29:25] 76561197994877771: Teleported to position <9005.476563, 8.620000, 9604.037109>
[COT 2023-2M-15 17:30:43] 76561197994877771: Teleported to position <8313.453125, 10.730454, 9449.212891>
[COT 2023-2M-15 17:32:24] 76561197994877771: Teleported to position <12072.015625, 13.440000, 6127.896484>
[COT 2023-2M-15 17:33:32] 76561197994877771: Teleported to position <11820.118164, 13.200000, 5157.424316>
[COT 2023-2M-15 17:45:47] 76561197994877771: Teleported to position <16889.597656, 25.945591, 11654.976563>
