00:33:18: Player "Barba_Imersivo" (steam64id="76561197994877771" pos=<15116.2, 7.05, 3167.65>)[HP: 99.25] hit by Infectado into RightArm(17) for 7.5 damage (MeleeZombieFemale)
03:17:12: Player "Barba_Imersivo" (steam64id="76561197994877771" pos=<11502.6, 0.84, 14207>)[HP: 99.25] hit by Infectado into LeftArm(18) for 7.5 damage (MeleeZombieMale)
03:17:13: Player "Barba_Imersivo" (steam64id="76561197994877771" pos=<11502.6, 0.84, 14207>)[HP: 92.5] hit by Infectado into Torso(1) for 6.75 damage (MeleeZombieMale)
04:10:44: Player "null" (DEAD) (steam64id="null" pos=<7668.82, 9.65, 15053.8>) bled out
05:08:27: Player "null" (DEAD) (steam64id="null" pos=<16420.4, 25.94, 11639.2>) bled out
15:38:46: Player "null" (DEAD) (steam64id="null" pos=<16287.1, 25.95, 11573.1>) bled out
16:38:21: Player "Barba_Imersivo" (steam64id="76561197994877771" pos=<1465.23, 7.97, 19123>)[HP: 100] hit by Infectado into Block(-1) for 0 damage 
16:38:27: Player "Barba_Imersivo" (steam64id="76561197994877771" pos=<1465.92, 7.99, 19126.9>)[HP: 99.25] hit by Infectado into RightArm(17) for 7.5 damage (MeleeZombieMale)
17:27:47: Player "Barba_Imersivo" (steam64id="76561197994877771" pos=<2265.57, 14.97, 14530.9>)[HP: 98.125] hit by Infectado into RightLeg(3) for 7.5 damage (MeleeZombieMale)
17:27:51: Player "Barba_Imersivo" (steam64id="76561197994877771" pos=<2267.85, 14.97, 14519.1>)[HP: 98.215] hit by Infectado into Block(-1) for 0 damage 
17:27:52: Player "Barba_Imersivo" (steam64id="76561197994877771" pos=<2268.3, 14.97, 14517.7>)[HP: 97.5551] hit by Infectado into LeftArm(18) for 7.5 damage (MeleeZombieMale)
17:27:58: Player "Barba_Imersivo" (steam64id="76561197994877771" pos=<2262.7, 14.97, 14517.1>)[HP: 97.7351] hit by Infectado into Block(-1) for 0 damage 
17:28:01: Player "Barba_Imersivo" (steam64id="76561197994877771" pos=<2259.39, 14.97, 14516.6>)[HP: 91.0751] hit by Infectado into Torso(1) for 6.75 damage (MeleeZombieMale)
17:29:25: Player "Barba_Imersivo" (steam64id="76561197994877771" pos=<2270.57, 14.97, 14529.9>)[HP: 93.596] hit by Infectado into Block(-1) for 0 damage 
17:29:28: Player "Barba_Imersivo" (steam64id="76561197994877771" pos=<2273.33, 14.97, 14528.3>)[HP: 91.811] hit by Infectado into RightLeg(3) for 7.5 damage (MeleeZombieFemale)
17:29:29: Player "Barba_Imersivo" (steam64id="76561197994877771" pos=<2275.1, 14.97, 14526.6>)[HP: 91.061] hit by Infectado into LeftArm(18) for 7.5 damage (MeleeZombieFemale)
17:29:30: Player "Barba_Imersivo" (steam64id="76561197994877771" pos=<2275.2, 14.97, 14526.4>)[HP: 84.401] hit by Infectado into Torso(1) for 6.75 damage (MeleeZombieFemale)
17:29:33: Player "Barba_Imersivo" (steam64id="76561197994877771" pos=<2279.27, 14.97, 14523.6>)[HP: 84.4911] hit by Infectado into Block(-1) for 0 damage 
17:29:35: Player "Barba_Imersivo" (steam64id="76561197994877771" pos=<2280.98, 14.97, 14523.2>)[HP: 84.4911] hit by Infectado into Block(-1) for 0 damage 
17:33:39: Player "Razyel" (steam64id="76561198119695209" pos=<14707.6, 11.92, 2170.5>)[HP: 100] hit by Infectado into Block(-1) for 0 damage 
17:33:45: Player "Razyel" (steam64id="76561198119695209" pos=<14709.3, 11.92, 2171.11>)[HP: 100] hit by Infectado into Block(-1) for 0 damage 
17:33:46: Player "Razyel" (steam64id="76561198119695209" pos=<14710, 11.92, 2169.05>)[HP: 100] hit by Infectado into Block(-1) for 0 damage 
17:33:47: Player "Razyel" (steam64id="76561198119695209" pos=<14710.1, 11.92, 2167.23>)[HP: 93.25] hit by Infectado into Torso(1) for 6.75 damage (MeleeZombieFemale)
17:33:50: Player "Razyel" (steam64id="76561198119695209" pos=<14714.4, 11.92, 2154.54>)[HP: 93.34] hit by Infectado into Block(-1) for 0 damage 
17:33:52: Player "Razyel" (steam64id="76561198119695209" pos=<14716.3, 11.92, 2151.56>)[HP: 92.59] hit by Infectado into LeftArm(18) for 7.5 damage (MeleeZombieMale)
17:33:52: Player "Razyel" (steam64id="76561198119695209" pos=<14715.9, 11.92, 2151.51>)[HP: 85.9301] hit by Infectado into Torso(1) for 6.75 damage (MeleeZombieFemale)
17:33:56: Player "Razyel" (steam64id="76561198119695209" pos=<14712.8, 11.92, 2149.85>)[HP: 84.3326] hit by Infectado into LeftLeg(8) for 6.75 damage (MeleeZombieMale)
17:33:56: Player "Razyel" (steam64id="76561198119695209" pos=<14712.8, 11.92, 2149.31>)[HP: 84.3326] hit by Infectado into Block(-1) for 0 damage 
17:33:57: Player "Razyel" (steam64id="76561198119695209" pos=<14712.1, 11.92, 2147.21>)[HP: 84.3326] hit by Infectado into Block(-1) for 0 damage 
17:33:59: Player "Razyel" (steam64id="76561198119695209" pos=<14711.7, 11.92, 2141.83>)[HP: 83.6708] hit by Infectado into LeftArm(18) for 7.5 damage (MeleeZombieFemale)
17:34:00: Player "Razyel" (steam64id="76561198119695209" pos=<14711.7, 11.92, 2141.36>)[HP: 82.9208] hit by Infectado into RightArm(17) for 7.5 damage (MeleeZombieMale)
17:34:00: Player "Razyel" (steam64id="76561198119695209" pos=<14711.4, 11.92, 2140.81>)[HP: 81.2333] hit by Infectado into LeftLeg(8) for 6.75 damage (MeleeZombieMale)
17:34:01: Player "Razyel" (steam64id="76561198119695209" pos=<14710.6, 11.92, 2138.54>)[HP: 80.1948] hit by Infectado into LeftLeg(8) for 4.5 damage (MeleeZombie)
17:34:02: Player "Razyel" (steam64id="76561198119695209" pos=<14710.7, 11.92, 2136.26>)[HP: 75.6948] hit by Infectado into Torso(1) for 4.5 damage (MeleeZombie)
17:34:02: Player "Razyel" (steam64id="76561198119695209" pos=<14710.8, 11.92, 2135.5>) is unconscious
17:34:03: Player "Razyel" (steam64id="76561198119695209" pos=<14711.1, 11.92, 2134.71>)[HP: 74.0073] hit by Infectado into LeftLeg(8) for 6.75 damage (MeleeZombieMale)
17:34:03: Player "Razyel" (steam64id="76561198119695209" pos=<14711.1, 11.92, 2134.7>)[HP: 73.5073] hit by Infectado into RightArm(17) for 5 damage (MeleeZombie)
17:34:54: Player "Razyel" (steam64id="76561198119695209" pos=<14710.6, 11.92, 2134.62>) regained consciousness
17:35:16: Player "Razyel" (steam64id="76561198119695209" pos=<14709.6, 11.92, 2130.94>)[HP: 75.0993] hit by Infectado into Block(-1) for 0 damage 
17:35:20: Player "Razyel" (steam64id="76561198119695209" pos=<14710.1, 11.92, 2125.92>)[HP: 75.1429] hit by Infectado into Block(-1) for 0 damage 
17:35:22: Player "Razyel" (steam64id="76561198119695209" pos=<14711.7, 11.93, 2122.58>)[HP: 68.3929] hit by Infectado into Torso(1) for 6.75 damage (MeleeZombieMale)
17:35:25: Player "Razyel" (steam64id="76561198119695209" pos=<14711.6, 11.93, 2121.78>)[HP: 68.4768] hit by Infectado into Block(-1) for 0 damage 
17:35:26: Player "Razyel" (steam64id="76561198119695209" pos=<14712, 11.94, 2120.08>)[HP: 67.7268] hit by Infectado into LeftArm(18) for 7.5 damage (MeleeZombieMale)
17:35:28: Player "Razyel" (steam64id="76561198119695209" pos=<14713.7, 11.98, 2118.21>)[HP: 67.7268] hit by Infectado into Block(-1) for 0 damage 
17:35:29: Player "Razyel" (steam64id="76561198119695209" pos=<14716.1, 12.01, 2117.25>)[HP: 67.7672] hit by Infectado into Block(-1) for 0 damage 
17:35:29: Player "Razyel" (steam64id="76561198119695209" pos=<14717.1, 12.03, 2116.71>)[HP: 61.0172] hit by Infectado into Torso(1) for 6.75 damage (MeleeZombieMale)
17:35:31: Player "Razyel" (steam64id="76561198119695209" pos=<14716.3, 12.06, 2115.5>)[HP: 59.3297] hit by Infectado into RightLeg(3) for 6.75 damage (MeleeZombieFemale)
17:35:33: Player "Razyel" (steam64id="76561198119695209" pos=<14716.2, 12.06, 2115.24>)[HP: 57.6815] hit by Infectado into LeftLeg(8) for 6.75 damage (MeleeZombieFemale)
17:35:33: Player "Razyel" (steam64id="76561198119695209" pos=<14716.2, 12.06, 2115.24>)[HP: 50.9315] hit by Infectado into Torso(1) for 6.75 damage (MeleeZombieMale)
17:35:33: Player "Razyel" (steam64id="76561198119695209" pos=<14716.2, 12.06, 2115.24>)[HP: 50.1815] hit by Infectado into LeftArm(18) for 7.5 damage (MeleeZombieFemale)
17:35:34: Player "Razyel" (steam64id="76561198119695209" pos=<14716.2, 12.06, 2115.24>)[HP: 48.494] hit by Infectado into RightLeg(3) for 6.75 damage (MeleeZombieMale)
17:35:34: Player "Razyel" (steam64id="76561198119695209" pos=<14716.1, 12.06, 2115.25>) is unconscious
17:35:35: Player "Razyel" (steam64id="76561198119695209" pos=<14715.1, 12.06, 2115.47>)[HP: 46.8449] hit by Infectado into LeftLeg(8) for 6.75 damage (MeleeZombieFemale)
17:35:35: Player "Razyel" (steam64id="76561198119695209" pos=<14715, 12.05, 2115.49>)[HP: 46.0949] hit by Infectado into RightArm(17) for 7.5 damage (MeleeZombieMale)
17:35:35: Player "Razyel" (steam64id="76561198119695209" pos=<14715, 12.06, 2115.16>)[HP: 39.3449] hit by Infectado into Torso(1) for 6.75 damage (MeleeZombieFemale)
17:35:35: Player "Razyel" (steam64id="76561198119695209" pos=<14715.1, 12.07, 2115.07>)[HP: 32.5949] hit by Infectado into Torso(1) for 6.75 damage (MeleeZombieFemale)
17:35:36: Player "Razyel" (steam64id="76561198119695209" pos=<14715.1, 12.07, 2115.01>)[HP: 30.9074] hit by Infectado into LeftLeg(8) for 6.75 damage (MeleeZombieFemale)
17:35:36: Player "Razyel" (steam64id="76561198119695209" pos=<14715, 12.06, 2115.22>)[HP: 24.1574] hit by Infectado into Torso(1) for 6.75 damage (MeleeZombieMale)
17:49:05: Player "Razyel" (steam64id="76561198119695209" pos=<15138.9, 12.39, 2002.27>)[HP: 100] hit by Infectado into Block(-1) for 0 damage 
17:49:06: Player "Razyel" (steam64id="76561198119695209" pos=<15140.5, 12.44, 2000.42>)[HP: 100] hit by Infectado into Block(-1) for 0 damage 
17:49:09: Player "Razyel" (steam64id="76561198119695209" pos=<15138.9, 12.39, 2002.34>)[HP: 100] hit by Infectado into Block(-1) for 0 damage 
17:49:40: Player "Razyel" (steam64id="76561198119695209" pos=<15116, 11.79, 2046.23>)[HP: 98.75] hit by Infectado into LeftLeg(8) for 5 damage (MeleeZombie)
17:50:33: Player "Razyel" (steam64id="76561198119695209" pos=<14961.7, 12.45, 2078.09>)[HP: 100] hit by Infectado into Block(-1) for 0 damage 
17:50:37: Player "Razyel" (steam64id="76561198119695209" pos=<14961, 12.45, 2078.56>)[HP: 100] hit by Infectado into Block(-1) for 0 damage 
17:50:38: Player "Razyel" (steam64id="76561198119695209" pos=<14959.2, 12.45, 2079.56>)[HP: 99.25] hit by Infectado into RightArm(17) for 7.5 damage (MeleeZombieMale)
18:23:29: Player "Palombini" (steam64id="76561198080126736" pos=<14265.4, 10.66, 2539.5>)[HP: 98.875] hit by Infectado into RightLeg(3) for 4.5 damage (MeleeZombie)
18:23:29: Player "Palombini" (steam64id="76561198080126736" pos=<14265.3, 10.62, 2541.7>)[HP: 98.375] hit by Infectado into LeftArm(18) for 5 damage (MeleeZombie)
18:25:49: Player "Palombini" (steam64id="76561198080126736" pos=<14449.5, 10.66, 2749.59>)[HP: 99.2686] hit by Infectado into RightArm(17) for 5 damage (MeleeZombie)
18:29:39: Player "Palombini" (steam64id="76561198080126736" pos=<15125.3, 8.14, 3167.89>)[HP: 99.25] hit by Infectado into LeftArm(18) for 7.5 damage (MeleeZombieMale)
18:29:41: Player "Palombini" (steam64id="76561198080126736" pos=<15125.3, 7.05, 3168.31>)[HP: 92.59] hit by Infectado into Torso(1) for 6.75 damage (MeleeZombieMale)
18:29:42: Player "Palombini" (steam64id="76561198080126736" pos=<15125.3, 7.05, 3168.31>)[HP: 91.84] hit by Infectado into LeftArm(18) for 7.5 damage (MeleeZombieMale)
18:29:44: Player "Palombini" (steam64id="76561198080126736" pos=<15125.3, 7.05, 3168.31>)[HP: 90.2426] hit by Infectado into LeftLeg(8) for 6.75 damage (MeleeZombieMale)
18:29:45: Player "Palombini" (steam64id="76561198080126736" pos=<15125, 7.05, 3168.55>)[HP: 89.4926] hit by Infectado into RightArm(17) for 7.5 damage (MeleeZombieMale)
18:29:48: Player "Palombini" (steam64id="76561198080126736" pos=<15123.2, 7.05, 3171.95>)[HP: 82.8326] hit by Infectado into Torso(1) for 6.75 damage (MeleeZombieMale)
18:29:49: Player "Palombini" (steam64id="76561198080126736" pos=<15123.1, 7.05, 3172.25>)[HP: 76.1726] hit by Infectado into Torso(1) for 6.75 damage (MeleeZombieMale)
18:29:50: Player "Palombini" (steam64id="76561198080126736" pos=<15122.8, 7.05, 3173.37>) is unconscious
18:29:50: Player "Palombini" (steam64id="76561198080126736" pos=<15122.9, 7.05, 3173.85>)[HP: 75.4226] hit by Infectado into RightArm(17) for 7.5 damage (MeleeZombieMale)
18:30:35: Player "Palombini" (steam64id="76561198080126736" pos=<15122.9, 7.05, 3173.81>) regained consciousness
19:12:51: Player "Angel*o" (steam64id="76561198068688701" pos=<2948.75, 8.70, 17874.5>)[HP: 99] hit by Infectado into RightArm(17) for 10 damage (MeleeZombieFirefighter)
19:37:54: Player "Razyel" (steam64id="76561198119695209" pos=<15131.4, 6.45, 3238.18>)[HP: 98.125] hit by Infectado into LeftLeg(8) for 7.5 damage (MeleeZombieMale)
19:38:01: Player "Razyel" (steam64id="76561198119695209" pos=<15112.8, 6.58, 3222.62>)[HP: 98.3053] hit by Infectado into Block(-1) for 0 damage 
19:38:07: Player "Razyel" (steam64id="76561198119695209" pos=<15111, 6.58, 3222.38>)[HP: 98.4854] hit by Infectado into Block(-1) for 0 damage 
19:38:09: Player "Razyel" (steam64id="76561198119695209" pos=<15108.9, 6.58, 3221.38>)[HP: 96.7004] hit by Infectado into LeftLeg(8) for 7.5 damage (MeleeZombieMale)
19:38:58: Player "Razyel" (steam64id="76561198119695209" pos=<15143.2, 6.63, 3205.97>)[HP: 96.3559] hit by Infectado into LeftLeg(8) for 7.5 damage (MeleeZombieMale)
19:38:59: Player "Razyel" (steam64id="76561198119695209" pos=<15144.2, 6.64, 3205.27>)[HP: 94.4809] hit by Infectado into LeftLeg(8) for 7.5 damage (MeleeZombieMale)
19:39:03: Player "Razyel" (steam64id="76561198119695209" pos=<15148.6, 6.39, 3221.41>)[HP: 94.5709] hit by Infectado into Block(-1) for 0 damage 
19:39:11: Player "Razyel" (steam64id="76561198119695209" pos=<15116.2, 6.58, 3221.09>)[HP: 94.841] hit by Infectado into Block(-1) for 0 damage 
19:39:13: Player "Razyel" (steam64id="76561198119695209" pos=<15111.6, 6.58, 3219.23>)[HP: 94.931] hit by Infectado into Block(-1) for 0 damage 
19:39:15: Player "Razyel" (steam64id="76561198119695209" pos=<15108.4, 6.58, 3218.73>)[HP: 93.056] hit by Infectado into RightLeg(3) for 7.5 damage (MeleeZombieMale)
19:39:16: Player "Razyel" (steam64id="76561198119695209" pos=<15108, 6.58, 3219.15>)[HP: 86.3964] hit by Infectado into Torso(1) for 6.75 damage (MeleeZombieMale)
19:47:12: Player "Angel*o" (steam64id="76561198068688701" pos=<3170.13, 8.56, 17573.4>)[HP: 91.3009] hit by Infectado into Block(-1) for 0 damage 
19:47:17: Player "Angel*o" (steam64id="76561198068688701" pos=<3165.56, 8.36, 17573.4>)[HP: 90.1057] hit by Infectado into RightLeg(3) for 4.5 damage (MeleeZombie)
19:47:43: Player "Razyel" (steam64id="76561198119695209" pos=<15111, 7.05, 3155.17>)[HP: 94.5287] hit by FallDamage
19:52:31: Player "Angel*o" (steam64id="76561198068688701" pos=<3356.15, 2.31, 17479.4>)[HP: 83.8388] hit by Infectado into Block(-1) for 0 damage 
19:52:37: Player "Angel*o" (steam64id="76561198068688701" pos=<3362.18, 2.65, 17479.1>)[HP: 83.7186] hit by Infectado into Block(-1) for 0 damage 
20:07:13: Player "Angel*o" (steam64id="76561198068688701" pos=<3629.88, 9.73, 17661>)[HP: 68.5921] hit by Infectado into RightLeg(3) for 6.75 damage (MeleeZombieFemale)
20:07:15: Player "Angel*o" (steam64id="76561198068688701" pos=<3630.96, 9.73, 17659.8>)[HP: 68.6322] hit by Infectado into Block(-1) for 0 damage 
20:07:17: Player "Angel*o" (steam64id="76561198068688701" pos=<3631.75, 9.72, 17658>)[HP: 68.482] hit by Infectado into Block(-1) for 0 damage 
20:07:19: Player "Angel*o" (steam64id="76561198068688701" pos=<3635.29, 9.72, 17659.3>)[HP: 68.4719] hit by Infectado into Block(-1) for 0 damage 
20:07:22: Player "Angel*o" (steam64id="76561198068688701" pos=<3637.21, 9.72, 17660.8>)[HP: 68.4118] hit by Infectado into Block(-1) for 0 damage 
20:10:39: Player "Angel*o" (steam64id="76561198068688701" pos=<3611.75, 8.84, 17720>)[HP: 63.791] hit by Infectado into LeftArm(18) for 7.5 damage (MeleeZombieMale)
20:11:41: Player "Angel*o" (steam64id="76561198068688701" pos=<3615.67, 10.52, 17648.2>)[HP: 62.4376] hit by Infectado into Block(-1) for 0 damage 
20:11:46: Player "Angel*o" (steam64id="76561198068688701" pos=<3617, 10.52, 17645.9>)[HP: 62.3675] hit by Infectado into Block(-1) for 0 damage 
20:11:50: Player "Angel*o" (steam64id="76561198068688701" pos=<3616.96, 10.54, 17645.9>)[HP: 60.5698] hit by Infectado into LeftLeg(8) for 6.75 damage (MeleeZombieFemale)
20:11:52: Player "Angel*o" (steam64id="76561198068688701" pos=<3616.89, 10.56, 17646>)[HP: 53.8599] hit by Infectado into Torso(1) for 6.75 damage (MeleeZombieFemale)
20:17:32: Player "Angel*o" (steam64id="76561198068688701" pos=<3968.98, 9.30, 17323.3>)[HP: 40.2511] hit by Infectado into Torso(1) for 6.75 damage (MeleeZombieFemale)
20:17:33: Player "Angel*o" (steam64id="76561198068688701" pos=<3969.8, 9.28, 17321.6>)[HP: 40.291] hit by Infectado into Block(-1) for 0 damage 
20:17:36: Player "Angel*o" (steam64id="76561198068688701" pos=<3970.78, 9.27, 17321.3>)[HP: 40.2309] hit by Infectado into Block(-1) for 0 damage 
20:17:53: Player "Angel*o" (steam64id="76561198068688701" pos=<3983.76, 9.14, 17316.9>)[HP: 33.1296] hit by Infectado into Torso(1) for 6.75 damage (MeleeZombieFemale)
20:17:58: Player "Angel*o" (steam64id="76561198068688701" pos=<3983.8, 9.14, 17316.9>)[HP: 31.3712] hit by Infectado into RightLeg(3) for 6.75 damage (MeleeZombieFemale)
20:17:59: Player "Angel*o" (steam64id="76561198068688701" pos=<3983.06, 9.20, 17320>)[HP: 31.3211] hit by Infectado into Block(-1) for 0 damage 
20:18:01: Player "Angel*o" (steam64id="76561198068688701" pos=<3982.67, 9.22, 17321.1>)[HP: 29.6232] hit by Infectado into RightLeg(3) for 6.75 damage (MeleeZombieFemale)
20:18:07: Player "Angel*o" (steam64id="76561198068688701" pos=<3980.03, 9.31, 17327.2>)[HP: 29.5024] hit by Infectado into Block(-1) for 0 damage 
20:18:07: Player "Angel*o" (steam64id="76561198068688701" pos=<3979.4, 9.31, 17326.8>)[HP: 27.7648] hit by Infectado into RightLeg(3) for 6.75 damage (MeleeZombieFemale)
20:18:11: Player "Angel*o" (steam64id="76561198068688701" pos=<3976.88, 9.31, 17326>)[HP: 20.9543] hit by Infectado into Torso(1) for 6.75 damage (MeleeZombieFemale)
20:18:12: Player "Angel*o" (steam64id="76561198068688701" pos=<3974.89, 9.32, 17326.5>)[HP: 20.9443] hit by Infectado into Block(-1) for 0 damage 
20:19:44: Player "Angel*o" (steam64id="76561198068688701" pos=<4027.63, 8.88, 17264.6>)[HP: 17.3446] hit by Infectado into LeftLeg(8) for 6.75 damage (MeleeZombieMale)
20:19:46: Player "Angel*o" (steam64id="76561198068688701" pos=<4028.35, 8.88, 17261.8>)[HP: 16.6346] hit by Infectado into RightArm(17) for 7.5 damage (MeleeZombieMale)
20:19:48: Player "Angel*o" (steam64id="76561198068688701" pos=<4025.76, 8.88, 17257.6>)[HP: 14.8468] hit by Infectado into RightLeg(3) for 6.75 damage (MeleeZombieMale)
20:19:52: Player "Angel*o" (steam64id="76561198068688701" pos=<4024.58, 8.88, 17252.5>)[HP: 14.8267] hit by Infectado into Block(-1) for 0 damage 
20:22:08: Player "Angel*o" (steam64id="76561198068688701" pos=<4113.23, 8.87, 17151>)[HP: 5.316] hit by Infectado into Torso(1) for 6.75 damage (MeleeZombieMale)
20:22:12: Player "Angel*o" (steam64id="76561198068688701" pos=<4113.32, 8.88, 17146.6>)[HP: 5.20521] hit by Infectado into Block(-1) for 0 damage 
20:22:18: Player "Angel*o" (steam64id="76561198068688701" pos=<4114.06, 8.88, 17142.1>)[HP: 5.13501] hit by Infectado into Block(-1) for 0 damage 
20:22:19: Player "Angel*o" (steam64id="76561198068688701" pos=<4114.33, 8.88, 17140.8>)[HP: 5.17499] hit by Infectado into Block(-1) for 0 damage 
20:22:20: Player "Angel*o" (steam64id="76561198068688701" pos=<4114.45, 8.88, 17140.7>)[HP: 3.38729] hit by Infectado into RightLeg(3) for 6.75 damage (MeleeZombieMale)
20:22:24: Player "Angel*o" (steam64id="76561198068688701" pos=<4115.18, 8.88, 17137.9>)[HP: 3.27623] hit by Infectado into Block(-1) for 0 damage 
20:22:29: Player "Angel*o" (steam64id="76561198068688701" pos=<4115.98, 8.88, 17135.5>)[HP: 3.206] hit by Infectado into Block(-1) for 0 damage 
20:22:30: Player "Angel*o" (steam64id="76561198068688701" pos=<4116.44, 8.88, 17134.1>)[HP: 3.2462] hit by Infectado into Block(-1) for 0 damage 
20:22:36: Player "Angel*o" (steam64id="76561198068688701" pos=<4117.83, 8.88, 17130.1>)[HP: 3.03547] hit by Infectado into Block(-1) for 0 damage 
20:22:37: Player "Angel*o" (steam64id="76561198068688701" pos=<4118.34, 8.88, 17128.7>)[HP: 3.07532] hit by Infectado into Block(-1) for 0 damage 
21:37:09: Player "Razyel" (steam64id="76561198119695209" pos=<7198.14, 8.58, 10928.3>)[HP: 99.5] hit by Infectado into RightArm(17) for 5 damage (MeleeZombie)
21:37:13: Player "Razyel" (steam64id="76561198119695209" pos=<7199.15, 8.58, 10927.8>)[HP: 95.09] hit by Infectado into Torso(1) for 4.5 damage (MeleeZombie)
21:37:14: Player "Razyel" (steam64id="76561198119695209" pos=<7199.15, 8.58, 10927.7>)[HP: 93.84] hit by Infectado into RightLeg(3) for 5 damage (MeleeZombie)
21:43:50: Player "Barba_Imersivo" (steam64id="76561197994877771" pos=<7709.28, 10.18, 10009>)[HP: 97.5] hit by Infectado into RightLeg(3) for 10 damage (MeleeZombieSoldier)
21:43:53: Player "Barba_Imersivo" (steam64id="76561197994877771" pos=<7710.28, 10.24, 10009.7>)[HP: 96.59] hit by Infectado into LeftArm(18) for 10 damage (MeleeZombieSoldier)
21:43:56: Player "Barba_Imersivo" (steam64id="76561197994877771" pos=<7717.91, 9.90, 10017.1>)[HP: 95.9301] hit by Infectado into LeftArm(18) for 7.5 damage (MeleeZombieMale)
21:44:09: Player "Barba_Imersivo" (steam64id="76561197994877771" pos=<7666.19, 10.41, 9977.05>)[HP: 95.2795] hit by Infectado into LeftArm(18) for 10 damage (MeleeZombieSoldier)
21:44:10: Player "Barba_Imersivo" (steam64id="76561197994877771" pos=<7664.85, 10.41, 9976.45>)[HP: 94.2795] hit by Infectado into LeftArm(18) for 10 damage (MeleeZombieSoldier)
21:44:11: Player "Barba_Imersivo" (steam64id="76561197994877771" pos=<7664.75, 10.41, 9975.97>)[HP: 93.3643] hit by Infectado into RightArm(17) for 10 damage (MeleeZombieSoldier)
21:44:12: Player "Barba_Imersivo" (steam64id="76561197994877771" pos=<7664.1, 10.41, 9975.92>)[HP: 84.3643] hit by Infectado into Torso(1) for 9 damage (MeleeZombieSoldier)
21:44:12: Player "Barba_Imersivo" (steam64id="76561197994877771" pos=<7664.1, 10.41, 9975.92>)[HP: 82.4893] hit by Infectado into RightLeg(3) for 7.5 damage (MeleeZombieMale)
21:44:13: Player "Barba_Imersivo" (steam64id="76561197994877771" pos=<7664.1, 10.41, 9975.92>)[HP: 79.9893] hit by Infectado into RightLeg(3) for 10 damage (MeleeZombieSoldier)
21:44:13: Player "Barba_Imersivo" (steam64id="76561197994877771" pos=<7664.1, 10.41, 9975.92>) is unconscious
21:44:14: Player "Barba_Imersivo" (steam64id="76561197994877771" pos=<7664.1, 10.41, 9975.92>)[HP: 77.5729] hit by Infectado into LeftLeg(8) for 10 damage (MeleeZombieSoldier)
21:44:14: Player "Barba_Imersivo" (steam64id="76561197994877771" pos=<7664.1, 10.41, 9975.92>)[HP: 68.5729] hit by Infectado into Torso(1) for 9 damage (MeleeZombieSoldier)
21:44:44: Player "Barba_Imersivo" (steam64id="76561197994877771" pos=<7665.25, 10.41, 9976.01>) regained consciousness
21:44:47: Player "Razyel" (steam64id="76561198119695209" pos=<7663.25, 10.15, 10035.3>)[HP: 100] hit by Infectado into Block(-1) for 0 damage 
21:44:52: Player "Razyel" (steam64id="76561198119695209" pos=<7658.73, 10.22, 10034.5>)[HP: 100] hit by Infectado into Block(-1) for 0 damage 
21:44:54: Player "Razyel" (steam64id="76561198119695209" pos=<7656.25, 10.27, 10033.7>)[HP: 99.5] hit by Infectado into LeftArm(18) for 5 damage (MeleeZombie)
21:45:21: Player "Razyel" (steam64id="76561198119695209" pos=<7677, 10.10, 10026.6>)[HP: 100] hit by Infectado into Block(-1) for 0 damage 
21:45:40: Player "Razyel" (steam64id="76561198119695209" pos=<7697.74, 9.76, 10031.2>)[HP: 100] hit by Infectado into Block(-1) for 0 damage 
21:45:49: Player "Razyel" (steam64id="76561198119695209" pos=<7697.25, 9.76, 10031.9>)[HP: 100] hit by Infectado into Block(-1) for 0 damage 
21:45:50: Player "Razyel" (steam64id="76561198119695209" pos=<7694.58, 9.82, 10031.2>)[HP: 100] hit by Infectado into Block(-1) for 0 damage 
22:13:41: Player "Razyel" (steam64id="76561198119695209" pos=<7248.14, 12.05, 914.60>)[HP: 100] hit by Infectado into Block(-1) for 0 damage 
22:13:46: Player "Razyel" (steam64id="76561198119695209" pos=<7243.98, 12.05, 915.17>)[HP: 100] hit by Infectado into Block(-1) for 0 damage 
22:15:38: Player "Razyel" (steam64id="76561198119695209" pos=<7285.57, 12.52, 857.48>)[HP: 100] hit by Infectado into Block(-1) for 0 damage 
22:15:49: Player "Razyel" (steam64id="76561198119695209" pos=<7288.35, 12.52, 856.09>)[HP: 100] hit by Infectado into Block(-1) for 0 damage 
22:15:57: Player "Razyel" (steam64id="76561198119695209" pos=<7290.78, 12.52, 856.70>)[HP: 100] hit by Infectado into Block(-1) for 0 damage 
22:26:07: Player "Razyel" (steam64id="76561198119695209" pos=<7354.7, 12.05, 1021.4>)[HP: 97.2582] hit by Infectado into Block(-1) for 0 damage 
22:26:08: Player "Razyel" (steam64id="76561198119695209" pos=<7351.95, 12.05, 1020>)[HP: 97.2582] hit by Infectado into Block(-1) for 0 damage 
22:26:16: Player "Razyel" (steam64id="76561198119695209" pos=<7353.24, 12.05, 1020.68>)[HP: 97.4415] hit by Infectado into Block(-1) for 0 damage 
22:31:13: Player "Razyel" (steam64id="76561198119695209" pos=<7390.61, 12.05, 1053.25>)[HP: 92.8309] hit by Infectado into Block(-1) for 0 damage 
22:31:17: Player "Razyel" (steam64id="76561198119695209" pos=<7390.43, 12.05, 1054.53>)[HP: 92.8797] hit by Infectado into Block(-1) for 0 damage 
22:40:37: Player "Razyel" (steam64id="76561198119695209" pos=<7386.26, 12.05, 1049.65>) is unconscious
22:41:02: Player "Razyel" (steam64id="76561198119695209" pos=<7386.65, 12.05, 1050.27>) regained consciousness
22:41:49: Player "Razyel" (steam64id="76561198119695209" pos=<7387.28, 12.05, 1050.42>) is unconscious
22:42:14: Player "Razyel" (steam64id="76561198119695209" pos=<7386.78, 12.05, 1049.76>) regained consciousness
22:42:51: Player "Razyel" (steam64id="76561198119695209" pos=<7358.56, 12.05, 1068.15>) is unconscious
22:43:15: Player "Razyel" (steam64id="76561198119695209" pos=<7359.16, 12.05, 1068.34>) regained consciousness
22:43:43: Player "Razyel" (steam64id="76561198119695209" pos=<7290.02, 12.05, 1100.49>) is unconscious
22:44:10: Player "Razyel" (steam64id="76561198119695209" pos=<7290.08, 12.05, 1101.42>) regained consciousness
22:44:37: Player "Razyel" (steam64id="76561198119695209" pos=<7263.99, 12.05, 1094.83>) is unconscious
22:44:38: Player "Razyel" (DEAD) (steam64id="76561198119695209" pos=<7264.15, 12.05, 1095.42>) bled out
22:47:25: Player "Razyel" (steam64id="76561198119695209" pos=<7268.86, 12.05, 1111.66>)[HP: 80] hit by Lobo into Head(0) for 10 damage (MeleeWolf)
22:47:29: Player "Razyel" (steam64id="76561198119695209" pos=<7267.62, 12.05, 1115.63>)[HP: 60.09] hit by Lobo into Head(0) for 10 damage (MeleeWolf)
22:48:57: Player "Razyel" (steam64id="76561198119695209" pos=<7263.61, 12.05, 1118.33>)[HP: 61.9431] hit by Infectado into Block(-1) for 0 damage 
22:49:03: Player "Razyel" (steam64id="76561198119695209" pos=<7256.87, 12.05, 1116.98>)[HP: 62.025] hit by Infectado into Block(-1) for 0 damage 
22:49:06: Player "Razyel" (steam64id="76561198119695209" pos=<7249.91, 12.05, 1114.59>)[HP: 62.0644] hit by Infectado into Block(-1) for 0 damage 
22:49:26: Player "Razyel" (steam64id="76561198119695209" pos=<7290.61, 12.05, 1103.78>)[HP: 55.5315] hit by Infectado into Torso(1) for 6.75 damage (MeleeZombieMale)
22:49:27: Player "Razyel" (steam64id="76561198119695209" pos=<7291.14, 12.05, 1104.03>)[HP: 48.8149] hit by Infectado into Torso(1) for 6.75 damage (MeleeZombieMale)
22:49:30: Player "Razyel" (steam64id="76561198119695209" pos=<7295.41, 12.05, 1105.89>)[HP: 42.0976] hit by Infectado into Torso(1) for 6.75 damage (MeleeZombieMale)
22:49:33: Player "Razyel" (steam64id="76561198119695209" pos=<7290.3, 12.05, 1103.67>)[HP: 41.3795] hit by Infectado into LeftArm(18) for 7.5 damage (MeleeZombieMale)
22:49:34: Player "Razyel" (steam64id="76561198119695209" pos=<7289.75, 12.05, 1103.61>)[HP: 34.6295] hit by Infectado into Torso(1) for 6.75 damage (MeleeZombieFemale)
22:49:34: Player "Razyel" (steam64id="76561198119695209" pos=<7289.16, 12.05, 1104.05>)[HP: 32.3795] hit by Infectado into LeftLeg(8) for 9 damage (MeleeZombieSoldier)
22:49:35: Player "Razyel" (steam64id="76561198119695209" pos=<7289.16, 12.05, 1104.05>)[HP: 31.6608] hit by Infectado into RightArm(17) for 7.5 damage (MeleeZombieMale)
22:49:35: Player "Razyel" (steam64id="76561198119695209" pos=<7289.16, 12.05, 1104.05>)[HP: 29.4108] hit by Infectado into RightLeg(3) for 9 damage (MeleeZombieSoldier)
22:49:36: Player "Razyel" (steam64id="76561198119695209" pos=<7289.16, 12.05, 1104.05>) is unconscious
22:49:36: Player "Razyel" (steam64id="76561198119695209" pos=<7289.15, 12.05, 1104.06>)[HP: 22.6608] hit by Infectado into Torso(1) for 6.75 damage (MeleeZombieMale)
22:49:36: Player "Razyel" (steam64id="76561198119695209" pos=<7289.16, 12.05, 1104.05>)[HP: 20.4108] hit by Infectado into RightLeg(3) for 9 damage (MeleeZombieSoldier)
22:49:37: Player "Razyel" (steam64id="76561198119695209" pos=<7289.16, 12.05, 1104.06>)[HP: 19.6608] hit by Infectado into LeftArm(18) for 7.5 damage (MeleeZombieMale)
22:49:37: Player "Razyel" (steam64id="76561198119695209" pos=<7289.16, 12.05, 1104.06>)[HP: 18.9108] hit by Infectado into RightArm(17) for 7.5 damage (MeleeZombieMale)
22:52:44: Player "Razyel" (steam64id="76561198119695209" pos=<7314.19, 12.05, 1129.11>)[HP: 98.3125] hit by Infectado into RightLeg(3) for 6.75 damage (MeleeZombieMale)
23:09:13: Player "Razyel" (steam64id="76561198119695209" pos=<7397.34, 12.05, 1063.14>)[HP: 99.6561] hit by Infectado into Block(-1) for 0 damage 
23:17:19: Player "Razyel" (steam64id="76561198119695209" pos=<7450.14, 12.09, 1332.3>)[HP: 89.4075] hit by Infectado into Torso(1) for 4.5 damage (MeleeZombie)
23:17:24: Player "Razyel" (steam64id="76561198119695209" pos=<7448.61, 12.08, 1326.95>)[HP: 89.4718] hit by Infectado into Block(-1) for 0 damage 
23:24:16: Player "Razyel" (steam64id="76561198119695209" pos=<7406.78, 12.05, 1098.12>)[HP: 100] hit by Infectado into Block(-1) for 0 damage 
23:24:16: Player "Razyel" (steam64id="76561198119695209" pos=<7406.86, 12.05, 1097.56>)[HP: 100] hit by Infectado into Block(-1) for 0 damage 
23:24:17: Player "Razyel" (steam64id="76561198119695209" pos=<7408.06, 12.05, 1096.44>)[HP: 100] hit by Infectado into Block(-1) for 0 damage 
23:24:18: Player "Razyel" (steam64id="76561198119695209" pos=<7408.88, 12.05, 1096.06>)[HP: 95] hit by Infectado into Torso(1) for 5 damage (MeleeZombie)
23:24:19: Player "Razyel" (steam64id="76561198119695209" pos=<7409.75, 12.05, 1095.91>)[HP: 90.09] hit by Infectado into Torso(1) for 5 damage (MeleeZombie)
23:24:22: Player "Razyel" (steam64id="76561198119695209" pos=<7409.66, 12.05, 1095.85>)[HP: 89.0551] hit by Infectado into LeftLeg(8) for 4.5 damage (MeleeZombie)
23:24:24: Player "Razyel" (steam64id="76561198119695209" pos=<7411.41, 12.05, 1095.12>)[HP: 84.1451] hit by Infectado into Torso(1) for 5 damage (MeleeZombie)
23:24:26: Player "Razyel" (steam64id="76561198119695209" pos=<7410.59, 12.05, 1094.88>)[HP: 83.6451] hit by Infectado into RightArm(17) for 5 damage (MeleeZombie)
23:24:27: Player "Razyel" (steam64id="76561198119695209" pos=<7411.05, 12.05, 1094.26>)[HP: 78.7351] hit by Infectado into Torso(1) for 5 damage (MeleeZombie)
23:24:28: Player "Razyel" (steam64id="76561198119695209" pos=<7411.19, 12.05, 1094.04>)[HP: 73.7351] hit by Infectado into Torso(1) for 5 damage (MeleeZombie)
23:24:56: Player "Razyel" (steam64id="76561198119695209" pos=<7413.64, 12.05, 1191.31>)[HP: 73.356] hit by Infectado into RightLeg(3) for 4.5 damage (MeleeZombie)
23:34:41: Player "Barba_Imersivo" (steam64id="76561197994877771" pos=<7366.15, 12.05, 939.01>)[HP: 93.25] hit by Infectado into Torso(1) for 6.75 damage (MeleeZombieMale)
23:35:27: Player "Razyel" (steam64id="76561198119695209" pos=<7405.84, 12.05, 1005.13>)[HP: 85.5178] hit by Infectado into Block(-1) for 0 damage 
23:35:32: Player "Razyel" (steam64id="76561198119695209" pos=<7405.59, 12.05, 1004.7>)[HP: 83.9483] hit by Infectado into RightLeg(3) for 6.75 damage (MeleeZombieMale)
23:35:36: Player "Razyel" (steam64id="76561198119695209" pos=<7406.88, 12.05, 1007.77>)[HP: 84.0074] hit by Infectado into Block(-1) for 0 damage 
23:35:53: Player "Razyel" (steam64id="76561198119695209" pos=<7401.29, 12.05, 987.84>)[HP: 84.3625] hit by Infectado into Block(-1) for 0 damage 
23:35:58: Player "Razyel" (steam64id="76561198119695209" pos=<7403.69, 12.05, 991.75>)[HP: 84.4811] hit by Infectado into Block(-1) for 0 damage 
23:36:01: Player "Razyel" (steam64id="76561198119695209" pos=<7407.23, 12.05, 997.35>)[HP: 84.5404] hit by Infectado into Block(-1) for 0 damage 
23:36:01: Player "Razyel" (steam64id="76561198119695209" pos=<7407.48, 12.05, 997.72>)[HP: 84.5404] hit by Infectado into Block(-1) for 0 damage 
23:36:04: Player "Razyel" (steam64id="76561198119695209" pos=<7408.49, 12.05, 999.27>)[HP: 77.8497] hit by Infectado into Torso(1) for 6.75 damage (MeleeZombieMale)
23:36:06: Player "Razyel" (steam64id="76561198119695209" pos=<7407.87, 12.05, 999.15>)[HP: 77.8497] hit by Infectado into Block(-1) for 0 damage 
23:40:27: Player "Razyel" (steam64id="76561198119695209" pos=<7461.31, 12.05, 695.68>)[HP: 83.1156] hit by Infectado into Block(-1) for 0 damage 
23:43:26: Player "Razyel" (steam64id="76561198119695209" pos=<7355.77, 12.05, 815.92>)[HP: 80.1156] hit by Infectado into Torso(1) for 6.75 damage (MeleeZombieMale)
23:43:26: Player "Razyel" (steam64id="76561198119695209" pos=<7355.29, 12.05, 817.01>)[HP: 73.3656] hit by Infectado into Torso(1) for 6.75 damage (MeleeZombieFemale)
23:43:37: Player "Razyel" (steam64id="76561198119695209" pos=<7353.93, 12.05, 873.89>)[HP: 73.6191] hit by Infectado into Block(-1) for 0 damage 
23:43:37: Player "Razyel" (steam64id="76561198119695209" pos=<7353.63, 12.05, 874.74>)[HP: 73.6191] hit by Infectado into Block(-1) for 0 damage 
23:43:39: Player "Razyel" (steam64id="76561198119695209" pos=<7352.94, 12.05, 877.17>)[HP: 66.8691] hit by Infectado into Torso(1) for 6.75 damage (MeleeZombieFemale)
23:43:41: Player "Razyel" (steam64id="76561198119695209" pos=<7353.29, 12.05, 876.61>)[HP: 66.1825] hit by Infectado into RightArm(17) for 7.5 damage (MeleeZombieFemale)
23:43:41: Player "Razyel" (steam64id="76561198119695209" pos=<7353.3, 12.05, 876.38>)[HP: 59.4325] hit by Infectado into Torso(1) for 6.75 damage (MeleeZombieMale)
23:43:42: Player "Razyel" (steam64id="76561198119695209" pos=<7353.29, 12.05, 876.08>)[HP: 57.745] hit by Infectado into RightLeg(3) for 6.75 damage (MeleeZombieFemale)
23:43:43: Player "Razyel" (steam64id="76561198119695209" pos=<7353.36, 12.05, 875.40>)[HP: 56.0575] hit by Infectado into LeftLeg(8) for 6.75 damage (MeleeZombieFemale)
23:43:44: Player "Barba_Imersivo" (steam64id="76561197994877771" pos=<7396.75, 12.05, 991.65>)[HP: 93.25] hit by Infectado into Torso(1) for 6.75 damage (MeleeZombieMale)
23:43:44: Player "Razyel" (steam64id="76561198119695209" pos=<7353.51, 12.05, 873.55>)[HP: 49.3692] hit by Infectado into Torso(1) for 6.75 damage (MeleeZombieFemale)
23:43:45: Player "Razyel" (steam64id="76561198119695209" pos=<7353.28, 12.05, 873.28>) is unconscious
23:43:46: Player "Razyel" (steam64id="76561198119695209" pos=<7351.98, 12.05, 874.11>)[HP: 48.6791] hit by Infectado into LeftArm(18) for 7.5 damage (MeleeZombieFemale)
23:44:28: Player "Razyel" (steam64id="76561198119695209" pos=<7353.56, 12.05, 876.46>) regained consciousness
