00:42:35: Barba_Imersivo hit by Player "null" (steam64id="null" pos=<7991.72, 6.39, 12060.3>) into LeftLeg(8) for 115.035 damage (Bullet_545x39) with KA-74 from 112.547 meters 
01:30:19: Barba_Imersivo hit by Infectado into LeftArm(18) for 7.5 damage (MeleeZombieFemale)
01:30:20: Barba_Imersivo hit by Infectado into LeftLeg(8) for 6.75 damage (MeleeZombieFemale)
01:30:31: Barba_Imersivo hit by Infectado into LeftLeg(8) for 6.75 damage (MeleeZombieFemale)
01:30:32: Barba_Imersivo hit by Infectado into LeftLeg(8) for 6.75 damage (MeleeZombieFemale)
01:30:32: Barba_Imersivo hit by Lobo into RightArm(20) for 20 damage (MeleeWolf)
01:30:33: Barba_Imersivo hit by Infectado into Torso(1) for 1.35 damage (MeleeZombieFemale)
01:30:56: Barba_Imersivo hit by Lobo into Torso(16) for 4 damage (MeleeWolf)
01:31:18: Barba_Imersivo hit by Infectado into RightArm(17) for 7.5 damage (MeleeZombieFemale)
01:33:17: Barba_Imersivo hit by Infectado into Torso(1) for 1 damage (MeleeZombie)
01:33:46: Barba_Imersivo hit by Infectado into LeftArm(18) for 7.5 damage (MeleeZombieFemale)
01:39:41: Barba_Imersivo hit by Infectado into Torso(1) for 1 damage (MeleeZombie)
01:39:54: Barba_Imersivo hit by Infectado into Torso(1) for 2 damage (MeleeZombieSoldier)
01:39:54: Barba_Imersivo hit by Infectado into LeftArm(18) for 10 damage (MeleeZombieSoldier)
01:40:00: Barba_Imersivo hit by Infectado into RightLeg(3) for 6.75 damage (MeleeZombieMale)
01:40:00: Barba_Imersivo hit by Infectado into RightLeg(3) for 6.75 damage (MeleeZombieFemale)
01:40:01: Barba_Imersivo hit by Infectado into Torso(1) for 1.5 damage (MeleeZombieMale)
01:40:02: Barba_Imersivo hit by Infectado into Torso(1) for 1 damage (MeleeZombie)
01:40:11: Barba_Imersivo hit by Infectado into Torso(1) for 2 damage (MeleeZombieSoldier)
02:33:15: Barba_Imersivo hit by SurvivorM_Niki with FallDamage
02:34:51: Barba_Imersivo hit by SurvivorM_Niki with FallDamage
16:08:21: Barba_Imersivo hit by SurvivorM_Niki with FallDamage
16:32:47: Barba_Imersivo hit by Infectado into LeftLeg(8) for 4.5 damage (MeleeZombie)
16:32:55: Barba_Imersivo hit by Infectado into LeftArm(18) for 7.5 damage (MeleeZombieMale)
16:33:17: Barba_Imersivo hit by Infectado into LeftArm(18) for 10 damage (MeleeZombieSoldier)
18:11:28: Barba_Imersivo hit by Infectado into Torso(1) for 1.5 damage (MeleeZombieMale)
18:21:11: Barba_Imersivo hit by Player "null" (steam64id="null" pos=<14274.2, 10.40, 2748.05>) into RightLeg(3) for 126.298 damage (Bullet_762x39) with KA-M from 21.3602 meters 
19:12:26: Player "Barba_Imersivo" (steam64id="76561197994877771" pos=<9266.95, 13.06, 2360.55>)[HP: 98.5727] hit by CrSk_Land_Rover_Defender_110_Green with TransportHit
19:12:26: Player "Barba_Imersivo" (steam64id="76561197994877771" pos=<9266.95, 13.06, 2360.55>)[HP: 97.1972] hit by CrSk_Land_Rover_Defender_110_Green with TransportHit
19:12:26: Player "Barba_Imersivo" (steam64id="76561197994877771" pos=<9266.95, 13.05, 2360.55>)[HP: 95.873] hit by CrSk_Land_Rover_Defender_110_Green with TransportHit
19:12:26: Player "Barba_Imersivo" (steam64id="76561197994877771" pos=<9266.95, 13.02, 2360.55>)[HP: 94.6002] hit by CrSk_Land_Rover_Defender_110_Green with TransportHit
19:12:26: Player "Barba_Imersivo" (steam64id="76561197994877771" pos=<9266.95, 12.97, 2360.55>)[HP: 93.3786] hit by CrSk_Land_Rover_Defender_110_Green with TransportHit
19:12:26: Player "Barba_Imersivo" (steam64id="76561197994877771" pos=<9266.95, 12.97, 2360.55>)[HP: 92.2084] hit by CrSk_Land_Rover_Defender_110_Green with TransportHit
19:12:26: Player "Barba_Imersivo" (steam64id="76561197994877771" pos=<9266.95, 12.92, 2360.55>)[HP: 91.0895] hit by CrSk_Land_Rover_Defender_110_Green with TransportHit
19:12:26: Player "Barba_Imersivo" (steam64id="76561197994877771" pos=<9266.95, 12.86, 2360.55>)[HP: 90.0219] hit by CrSk_Land_Rover_Defender_110_Green with TransportHit
19:12:26: Player "Barba_Imersivo" (steam64id="76561197994877771" pos=<9266.95, 12.79, 2360.55>)[HP: 89.0056] hit by CrSk_Land_Rover_Defender_110_Green with TransportHit
19:12:26: Player "Barba_Imersivo" (steam64id="76561197994877771" pos=<9266.95, 12.70, 2360.55>)[HP: 88.0406] hit by CrSk_Land_Rover_Defender_110_Green with TransportHit
19:12:26: Player "Barba_Imersivo" (steam64id="76561197994877771" pos=<9266.95, 12.70, 2360.55>)[HP: 87.1268] hit by CrSk_Land_Rover_Defender_110_Green with TransportHit
19:12:26: Player "Barba_Imersivo" (steam64id="76561197994877771" pos=<9266.95, 12.69, 2360.55>)[HP: 86.263] hit by CrSk_Land_Rover_Defender_110_Green with TransportHit
19:12:26: Player "Barba_Imersivo" (steam64id="76561197994877771" pos=<9266.95, 12.69, 2360.55>)[HP: 85.4477] hit by CrSk_Land_Rover_Defender_110_Green with TransportHit
19:12:27: Player "Barba_Imersivo" (steam64id="76561197994877771" pos=<9266.95, 12.69, 2360.55>)[HP: 84.6837] hit by CrSk_Land_Rover_Defender_110_Green with TransportHit
19:12:27: Player "Barba_Imersivo" (steam64id="76561197994877771" pos=<9266.95, 12.69, 2360.55>)[HP: 83.971] hit by CrSk_Land_Rover_Defender_110_Green with TransportHit
19:12:27: Player "Barba_Imersivo" (steam64id="76561197994877771" pos=<9266.95, 12.69, 2360.55>)[HP: 83.3096] hit by CrSk_Land_Rover_Defender_110_Green with TransportHit
19:12:27: Player "Barba_Imersivo" (steam64id="76561197994877771" pos=<9266.95, 12.69, 2360.55>)[HP: 82.6995] hit by CrSk_Land_Rover_Defender_110_Green with TransportHit
19:12:27: Player "Barba_Imersivo" (steam64id="76561197994877771" pos=<9266.95, 12.69, 2360.55>)[HP: 82.1407] hit by CrSk_Land_Rover_Defender_110_Green with TransportHit
19:12:27: Player "Barba_Imersivo" (steam64id="76561197994877771" pos=<9266.95, 12.69, 2360.55>)[HP: 81.6332] hit by CrSk_Land_Rover_Defender_110_Green with TransportHit
19:12:27: Player "Barba_Imersivo" (steam64id="76561197994877771" pos=<9266.95, 12.69, 2360.55>)[HP: 81.1769] hit by CrSk_Land_Rover_Defender_110_Green with TransportHit
20:08:06: Player "Barba_Imersivo" (steam64id="76561197994877771" pos=<11259.1, 9.06, 2417.24>)[HP: 99.5] hit by Infectado into RightArm(17) for 5 damage (MeleeZombie)
20:08:07: Player "Barba_Imersivo" (steam64id="76561197994877771" pos=<11259.1, 9.06, 2417.24>)[HP: 99] hit by Infectado into RightArm(17) for 5 damage (MeleeZombie)
20:08:10: Player "Barba_Imersivo" (steam64id="76561197994877771" pos=<11250.7, 8.95, 2417.12>)[HP: 98.59] hit by Infectado into RightArm(17) for 5 damage (MeleeZombie)
20:08:11: Player "Barba_Imersivo" (steam64id="76561197994877771" pos=<11250.7, 8.95, 2417.12>)[HP: 98.09] hit by Infectado into LeftArm(18) for 5 damage (MeleeZombie)
20:08:17: Player "Barba_Imersivo" (steam64id="76561197994877771" pos=<11233.3, 9.03, 2400.78>)[HP: 97.7701] hit by Infectado into LeftArm(18) for 5 damage (MeleeZombie)
20:08:22: Player "Barba_Imersivo" (steam64id="76561197994877771" pos=<11233.1, 9.01, 2402.15>)[HP: 97.4501] hit by Infectado into RightArm(17) for 5 damage (MeleeZombie)
20:22:30: Player "Barba_Imersivo" (steam64id="76561197994877771" pos=<11268, 9.16, 2409.3>)[HP: 97.5] hit by Infectado into LeftLeg(8) for 10 damage (MeleeZombieSoldier)
20:22:32: Player "Barba_Imersivo" (steam64id="76561197994877771" pos=<11268, 9.16, 2409.31>)[HP: 95.59] hit by Infectado into Torso(1) for 2 damage (MeleeZombieSoldier)
20:22:34: Player "Barba_Imersivo" (steam64id="76561197994877771" pos=<11267.5, 9.21, 2407.16>)[HP: 93.1801] hit by Infectado into LeftLeg(8) for 10 damage (MeleeZombieSoldier)
20:22:36: Player "Barba_Imersivo" (steam64id="76561197994877771" pos=<11267.7, 9.22, 2406.89>)[HP: 92.1801] hit by Infectado into LeftArm(18) for 10 damage (MeleeZombieSoldier)
20:22:52: Player "Barba_Imersivo" (steam64id="76561197994877771" pos=<11360.5, 8.88, 2418.38>)[HP: 90.2044] hit by Infectado into LeftLeg(8) for 10 damage (MeleeZombieSoldier)
20:28:11: Player "Barba_Imersivo" (steam64id="76561197994877771" pos=<11174.5, 8.37, 2449.2>)[HP: 95.6378] hit by Infectado into RightArm(17) for 10 damage (MeleeZombieSoldier)
20:28:15: Player "Barba_Imersivo" (steam64id="76561197994877771" pos=<11161, 8.67, 2447.97>)[HP: 94.6964] hit by Infectado into LeftArm(18) for 10 damage (MeleeZombieSoldier)
20:28:28: Player "Barba_Imersivo" (steam64id="76561197994877771" pos=<11196.1, 8.37, 2441.13>)[HP: 92.4248] hit by Infectado into RightLeg(3) for 10 damage (MeleeZombieSoldier)
20:28:52: Player "Barba_Imersivo" (steam64id="76561197994877771" pos=<11151.4, 10.31, 2354.25>)[HP: 90.3376] hit by Infectado into LeftLeg(8) for 10 damage (MeleeZombieSoldier)
