15:14:13: Player "Barba_Imersivo" (DEAD) (steam64id="76561197994877771" pos=<14765.8, 9.65, 1187.39>) died. Stats> Water: 567.1 Energy: 438.421 Bleed sources: 0
15:29:08: Player "Barba_Imersivo" (DEAD) (steam64id="76561197994877771" pos=<14249.3, 10.14, 1202.21>) died. Stats> Water: 592.002 Energy: 564.955 Bleed sources: 0
16:40:02: Player "Barba_Imersivo" (DEAD) (steam64id="76561197994877771" pos=<17367.8, 41.23, 11521.9>) died. Stats> Water: 459.871 Energy: 441.547 Bleed sources: 0
17:29:06: Player "Barba_Imersivo" (DEAD) (steam64id="76561197994877771" pos=<16437.6, 25.86, 11652>) died. Stats> Water: 543.681 Energy: 520.951 Bleed sources: 0
21:06:49: Player "Barba_Imersivo" (steam64id="76561197994877771" pos=<13867.5, 3.58, 7602.28>)[HP: 98.125] hit by Infectado into RightLeg(3) for 7.5 damage (MeleeZombieMale)
21:06:49: Player "Barba_Imersivo" (steam64id="76561197994877771" pos=<13867.5, 3.58, 7602.28>)[HP: 97.375] hit by Infectado into LeftArm(18) for 7.5 damage (MeleeZombieFemale)
21:06:53: Player "Barba_Imersivo" (steam64id="76561197994877771" pos=<13867.3, 2.56, 7607.87>)[HP: 96.715] hit by Infectado into LeftArm(18) for 7.5 damage (MeleeZombieMale)
21:09:21: Player "Raza_Guarani" (steam64id="76561198840011706" pos=<14904.9, 18.83, 1451.49>)[HP: 76.775] hit by FallDamage
21:10:14: Player "Raza_Guarani" (steam64id="76561198840011706" pos=<14877.1, 14.23, 1400.38>)[HP: 78.3962] hit by Infectado into Block(-1) for 0 damage 
21:10:16: Player "Raza_Guarani" (steam64id="76561198840011706" pos=<14876.8, 14.08, 1400.06>)[HP: 71.6462] hit by Infectado into Torso(1) for 6.75 damage (MeleeZombieMale)
21:10:17: Player "Raza_Guarani" (steam64id="76561198840011706" pos=<14875.9, 13.34, 1398.84>)[HP: 64.9862] hit by Infectado into Torso(1) for 6.75 damage (MeleeZombieMale)
21:10:49: Player "Barba_Imersivo" (steam64id="76561197994877771" pos=<16256.3, 25.95, 11696.3>)[HP: 16.3146] hit by Player "null" (steam64id="null" pos=<16156.1, 25.95, 11558.4>) into Torso(1) for 83.6854 damage (Bullet_762x39) with KA-M from 170.489 meters 
21:10:49: Player "Barba_Imersivo" (steam64id="76561197994877771" pos=<16256, 25.95, 11695.9>) is unconscious
21:10:59: Player "Barba_Imersivo" (steam64id="76561197994877771" pos=<16256.1, 25.95, 11696.8>) regained consciousness
21:11:06: Player "Barba_Imersivo" (DEAD) (steam64id="76561197994877771" pos=<16258.8, 25.95, 11697>)[HP: 0] hit by Player "null" (steam64id="null" pos=<16082.5, 25.95, 11584.5>) into Torso(1) for 87.1977 damage (Bullet_545x39) with KA-74 from 209.074 meters 
21:11:06: Player "Barba_Imersivo" (DEAD) (steam64id="76561197994877771" pos=<16258.8, 25.95, 11697>) killed by Player "null" (steam64id="null" pos=<16082.5, 25.95, 11584.5>) with KA-74 from 209.074 meters 
21:35:45: Player "Barba_Imersivo" (DEAD) (steam64id="76561197994877771" pos=<14821.6, 8.63, 1047.99>) died. Stats> Water: 598.206 Energy: 586.483 Bleed sources: 0
21:44:05: Player "Barba_Imersivo" (steam64id="76561197994877771" pos=<16443, 25.94, 11746.7>)[HP: 86.0571] hit by Infectado into Torso(1) for 10 damage (MeleeZombieSoldier)
21:44:06: Player "Barba_Imersivo" (steam64id="76561197994877771" pos=<16443, 25.94, 11746.7>)[HP: 76.1372] hit by Infectado into Torso(1) for 10 damage (MeleeZombieSoldier)
21:44:08: Player "Barba_Imersivo" (steam64id="76561197994877771" pos=<16443.2, 25.95, 11747.2>)[HP: 66.1372] hit by Infectado into Torso(1) for 10 damage (MeleeZombieSoldier)
21:44:09: Player "Barba_Imersivo" (steam64id="76561197994877771" pos=<16443.2, 25.95, 11747.2>)[HP: 65.1372] hit by Infectado into LeftArm(18) for 10 damage (MeleeZombieSoldier)
21:44:10: Player "Barba_Imersivo" (steam64id="76561197994877771" pos=<16443.2, 25.95, 11747.2>)[HP: 62.9671] hit by Infectado into LeftLeg(8) for 9 damage (MeleeZombieSoldier)
21:44:12: Player "Barba_Imersivo" (steam64id="76561197994877771" pos=<16443.2, 25.95, 11747.2>)[HP: 52.9671] hit by Infectado into Torso(1) for 10 damage (MeleeZombieSoldier)
21:44:12: Player "Barba_Imersivo" (steam64id="76561197994877771" pos=<16443.2, 25.95, 11747.2>) is unconscious
21:44:13: Player "Barba_Imersivo" (steam64id="76561197994877771" pos=<16443.5, 25.95, 11748.3>)[HP: 52.0469] hit by Infectado into LeftArm(18) for 10 damage (MeleeZombieSoldier)
21:44:24: Player "Barba_Imersivo" (DEAD) (steam64id="76561197994877771" pos=<16442.6, 25.95, 11748.7>) died. Stats> Water: 576.114 Energy: 441.338 Bleed sources: 0
22:39:00: Player "Barba_Imersivo" (DEAD) (steam64id="76561197994877771" pos=<9166.59, 36.67, 3296.32>) died. Stats> Water: 492.603 Energy: 404.743 Bleed sources: 0
22:47:47: Player "Barba_Imersivo" (DEAD) (steam64id="76561197994877771" pos=<14827.6, 8.49, 1034.94>) died. Stats> Water: 592.58 Energy: 512.309 Bleed sources: 0
22:50:33: Player "Barba_Imersivo" (DEAD) (steam64id="76561197994877771" pos=<0.63, -1.60, -0.17>) died. Stats> Water: 598.652 Energy: 547.424 Bleed sources: 0
22:51:10: Player "Barba_Imersivo" (DEAD) (steam64id="76561197994877771" pos=<14199, 7.10, 15208.4>) died. Stats> Water: 598.498 Energy: 593.974 Bleed sources: 0
22:53:51: Player "Barba_Imersivo" (DEAD) (steam64id="76561197994877771" pos=<14939.1, 13.48, 1803.36>) died. Stats> Water: 599.36 Energy: 577.508 Bleed sources: 0
22:55:23: Player "Barba_Imersivo" (DEAD) (steam64id="76561197994877771" pos=<14939.9, 13.53, 1807.66>) died. Stats> Water: 598.295 Energy: 574.053 Bleed sources: 0
22:56:52: Player "Barba_Imersivo" (DEAD) (steam64id="76561197994877771" pos=<14942.4, 13.49, 1806.06>) died. Stats> Water: 596.916 Energy: 573.005 Bleed sources: 0
22:57:44: Player "Barba_Imersivo" (DEAD) (steam64id="76561197994877771" pos=<12767, 12.96, 4692.93>) died. Stats> Water: 597.657 Energy: 587.673 Bleed sources: 0
22:59:16: Player "Barba_Imersivo" (DEAD) (steam64id="76561197994877771" pos=<3851.1, 9.89, 17176.4>) died. Stats> Water: 599.191 Energy: 583.456 Bleed sources: 0
23:03:22: Player "Barba_Imersivo" (DEAD) (steam64id="76561197994877771" pos=<2858.69, 17.31, 4730.33>) died. Stats> Water: 596.834 Energy: 522.962 Bleed sources: 0
23:06:10: Player "Barba_Imersivo" (DEAD) (steam64id="76561197994877771" pos=<13591.8, 7.61, 18681.3>) died. Stats> Water: 598.596 Energy: 557.983 Bleed sources: 0
23:22:45: Player "Barba_Imersivo" (steam64id="76561197994877771" pos=<1465.64, 7.98, 19069.9>)[HP: 95] hit by Infectado into Torso(1) for 5 damage (MeleeZombie)
23:22:47: Player "Barba_Imersivo" (steam64id="76561197994877771" pos=<1465.64, 7.98, 19069.9>)[HP: 90.09] hit by Infectado into Torso(1) for 5 damage (MeleeZombie)
23:22:49: Player "Barba_Imersivo" (steam64id="76561197994877771" pos=<1465.64, 7.98, 19069.9>)[HP: 88.965] hit by Infectado into LeftLeg(8) for 4.5 damage (MeleeZombie)
23:22:49: Player "Barba_Imersivo" (DEAD) (steam64id="76561197994877771" pos=<1465.64, 7.98, 19069.9>) died. Stats> Water: 578.343 Energy: 341.638 Bleed sources: 0
23:24:29: Player "Barba_Imersivo" (DEAD) (steam64id="76561197994877771" pos=<17070.1, 5.84, 4129.01>) died. Stats> Water: 592.571 Energy: 570.748 Bleed sources: 0
23:33:41: Player "Barba_Imersivo" (DEAD) (steam64id="76561197994877771" pos=<1834.04, 5.08, 17523.9>) died. Stats> Water: 552.635 Energy: 525.709 Bleed sources: 0
23:44:14: Player "Barba_Imersivo" (DEAD) (steam64id="76561197994877771" pos=<1429.13, 8.37, 18748.3>) died. Stats> Water: 585.032 Energy: 575.953 Bleed sources: 0
