00:16:02: Player "Barba_Imersivo" (DEAD) (steam64id="76561197994877771" pos=<9096.64, 34.37, 3301.52>) died. Stats> Water: 556.366 Energy: 368.735 Bleed sources: 0
00:26:10: Player "Barba_Imersivo" (steam64id="76561197994877771" pos=<9007.16, 12.27, 5356.84>)[HP: 98.3125] hit by Infectado into RightLeg(3) for 6.75 damage (MeleeZombieFemale)
00:26:11: Player "Barba_Imersivo" (steam64id="76561197994877771" pos=<9007.24, 12.29, 5357.59>)[HP: 96.715] hit by Infectado into LeftLeg(8) for 6.75 damage (MeleeZombieFemale)
00:26:12: Player "Barba_Imersivo" (steam64id="76561197994877771" pos=<9006.96, 12.29, 5357.74>)[HP: 89.215] hit by Infectado into Torso(1) for 7.5 damage (MeleeZombieFemale)
00:26:12: Player "Barba_Imersivo" (steam64id="76561197994877771" pos=<9006.59, 12.52, 5357.15>)[HP: 81.715] hit by Infectado into Torso(1) for 7.5 damage (MeleeZombieFemale)
00:26:13: Player "Barba_Imersivo" (steam64id="76561197994877771" pos=<9006.54, 12.28, 5357.16>)[HP: 74.215] hit by Infectado into Torso(1) for 7.5 damage (MeleeZombieFemale)
00:26:14: Player "Barba_Imersivo" (steam64id="76561197994877771" pos=<9006.59, 12.28, 5357.17>)[HP: 73.465] hit by Infectado into LeftArm(18) for 7.5 damage (MeleeZombieFemale)
00:26:14: Player "Barba_Imersivo" (steam64id="76561197994877771" pos=<9006.59, 12.28, 5357.15>) is unconscious
00:26:25: Player "Barba_Imersivo" (steam64id="76561197994877771" pos=<9006.18, 12.32, 5358.72>) regained consciousness
00:28:26: Player "Barba_Imersivo" (DEAD) (steam64id="76561197994877771" pos=<9006.08, 12.32, 5358.97>) died. Stats> Water: 4996.18 Energy: 4996.78 Bleed sources: 0
00:35:56: Player "Barba_Imersivo" (DEAD) (steam64id="76561197994877771" pos=<14773.7, 8.61, 1025.59>) died. Stats> Water: 596.509 Energy: 560.728 Bleed sources: 0
00:47:49: Player "Barba_Imersivo" (steam64id="76561197994877771" pos=<11495.8, 8.61, 1906.79>)[HP: 88.3585] hit by FallDamage
00:53:27: Player "Barba_Imersivo" (steam64id="76561197994877771" pos=<9781.59, 12.59, 3287.17>)[HP: 95] hit by Infectado into Torso(1) for 5 damage (MeleeZombie)
00:55:45: Player "Barba_Imersivo" (steam64id="76561197994877771" pos=<9430.94, 35.09, 3094.32>)[HP: 87.5705] hit by FallDamage
00:57:09: Player "Barba_Imersivo" (steam64id="76561197994877771" pos=<8660.04, 11.99, 2794.5>)[HP: 89.0913] hit by Infectado into LeftArm(18) for 10 damage (MeleeZombieSoldier)
00:57:17: Player "Barba_Imersivo" (steam64id="76561197994877771" pos=<8679.99, 12.39, 2784.25>)[HP: 88.3614] hit by Infectado into RightArm(17) for 10 damage (MeleeZombieSoldier)
00:57:18: Player "Barba_Imersivo" (steam64id="76561197994877771" pos=<8681.08, 12.42, 2784.85>)[HP: 78.3614] hit by Infectado into Torso(1) for 10 damage (MeleeZombieSoldier)
00:57:18: Player "Barba_Imersivo" (steam64id="76561197994877771" pos=<8681.29, 12.42, 2784.98>)[HP: 77.3614] hit by Infectado into RightArm(17) for 10 damage (MeleeZombieSoldier)
00:57:19: Player "Barba_Imersivo" (steam64id="76561197994877771" pos=<8683.1, 12.47, 2786.5>)[HP: 75.1114] hit by Infectado into LeftLeg(8) for 9 damage (MeleeZombieSoldier)
00:57:19: Player "Barba_Imersivo" (steam64id="76561197994877771" pos=<8683.35, 12.47, 2786.66>)[HP: 72.8614] hit by Infectado into RightLeg(3) for 9 damage (MeleeZombieSoldier)
00:57:20: Player "Barba_Imersivo" (steam64id="76561197994877771" pos=<8685.98, 12.54, 2787.33>)[HP: 71.9514] hit by Infectado into RightArm(17) for 10 damage (MeleeZombieSoldier)
00:57:21: Player "Barba_Imersivo" (steam64id="76561197994877771" pos=<8686.73, 12.56, 2787.08>) is unconscious
00:57:22: Player "Barba_Imersivo" (steam64id="76561197994877771" pos=<8686.36, 12.55, 2787.02>)[HP: 70.9514] hit by Infectado into LeftArm(18) for 10 damage (MeleeZombieSoldier)
00:57:22: Player "Barba_Imersivo" (steam64id="76561197994877771" pos=<8686.44, 12.55, 2787.13>)[HP: 69.9514] hit by Infectado into LeftArm(18) for 10 damage (MeleeZombieSoldier)
00:57:22: Player "Barba_Imersivo" (steam64id="76561197994877771" pos=<8686.44, 12.55, 2787.13>)[HP: 59.9514] hit by Infectado into Torso(1) for 10 damage (MeleeZombieSoldier)
00:57:22: Player "Barba_Imersivo" (steam64id="76561197994877771" pos=<8686.44, 12.55, 2787.13>)[HP: 57.7014] hit by Infectado into LeftLeg(8) for 9 damage (MeleeZombieSoldier)
00:57:22: Player "Barba_Imersivo" (steam64id="76561197994877771" pos=<8686.39, 12.55, 2787.1>)[HP: 56.7014] hit by Infectado into LeftArm(18) for 10 damage (MeleeZombieSoldier)
00:57:23: Player "Barba_Imersivo" (steam64id="76561197994877771" pos=<8686.39, 12.55, 2787.1>)[HP: 46.7904] hit by Infectado into Torso(1) for 10 damage (MeleeZombieSoldier)
00:59:33: Player "Barba_Imersivo" (steam64id="76561197994877771" pos=<8689.46, 12.63, 2788.49>) regained consciousness
01:04:55: Player "Barba_Imersivo" (DEAD) (steam64id="76561197994877771" pos=<8753.08, 13.31, 2989.36>) died. Stats> Water: 4998.96 Energy: 4999.56 Bleed sources: 0
01:13:07: Player "Barba_Imersivo" (DEAD) (steam64id="76561197994877771" pos=<17086.3, 6.23, 4086.08>) died. Stats> Water: 590.841 Energy: 498.001 Bleed sources: 0
01:40:58: Player "Barba_Imersivo" (DEAD) (steam64id="76561197994877771" pos=<8751.92, 13.31, 2992.87>) died. Stats> Water: 4998.76 Energy: 4973.53 Bleed sources: 0
02:00:02: Player "Barba_Imersivo" (steam64id="76561197994877771" pos=<8751.16, 13.37, 3003.51>)[HP: 95.3722] hit by Infectado into RightArm(17) for 5 damage (MeleeZombie)
02:00:04: Player "Barba_Imersivo" (steam64id="76561197994877771" pos=<8751.16, 13.37, 3003.51>)[HP: 94.8622] hit by Infectado into LeftArm(18) for 5 damage (MeleeZombie)
02:00:05: Player "Barba_Imersivo" (steam64id="76561197994877771" pos=<8751.16, 13.37, 3003.51>)[HP: 89.8121] hit by Infectado into Torso(1) for 5 damage (MeleeZombie)
02:00:07: Player "Barba_Imersivo" (steam64id="76561197994877771" pos=<8750.97, 13.35, 3004.04>)[HP: 84.8521] hit by Infectado into Torso(1) for 5 damage (MeleeZombie)
02:00:09: Player "Barba_Imersivo" (steam64id="76561197994877771" pos=<8750.6, 13.37, 3005.97>)[HP: 84.252] hit by Infectado into LeftArm(18) for 5 damage (MeleeZombie)
02:00:11: Player "Barba_Imersivo" (steam64id="76561197994877771" pos=<8750.74, 13.32, 3008.05>)[HP: 79.1899] hit by Infectado into Torso(1) for 5 damage (MeleeZombie)
02:09:34: Player "Barba_Imersivo" (DEAD) (steam64id="76561197994877771" pos=<8745.19, 10.60, 3027.64>) died. Stats> Water: 567.555 Energy: 131.914 Bleed sources: 0
02:09:34: Player "Barba_Imersivo" (DEAD) (steam64id="76561197994877771" pos=<8745.19, 10.60, 3027.64>) bled out
02:10:49: Player "Barba_Imersivo" (DEAD) (steam64id="76561197994877771" pos=<14753.8, 9.65, 1178.12>) died. Stats> Water: 598.115 Energy: 579.474 Bleed sources: 0
02:16:02: Player "Barba_Imersivo" (DEAD) (steam64id="76561197994877771" pos=<15285.7, 11.43, 1043.68>) died. Stats> Water: 591.94 Energy: 564.663 Bleed sources: 0
02:20:40: Player "Barba_Imersivo" (DEAD) (steam64id="76561197994877771" pos=<3829.98, 9.73, 17215.9>) died. Stats> Water: 593.709 Energy: 541.451 Bleed sources: 0
02:26:53: Player "Barba_Imersivo" (DEAD) (steam64id="76561197994877771" pos=<14938.3, 13.60, 1817.55>) died. Stats> Water: 597.319 Energy: 563.869 Bleed sources: 0
02:35:56: Player "Barba_Imersivo" (DEAD) (steam64id="76561197994877771" pos=<8750.8, 13.35, 3004.66>) died. Stats> Water: 563.48 Energy: 460.542 Bleed sources: 0
02:39:51: Player "Barba_Imersivo" (DEAD) (steam64id="76561197994877771" pos=<11586.9, 3.68, 14663.1>)[HP: 0] hit by FallDamage
02:39:51: Player "Barba_Imersivo" (DEAD) (steam64id="76561197994877771" pos=<11586.9, 3.68, 14663.1>) died. Stats> Water: 593.945 Energy: 518.66 Bleed sources: 0
02:52:32: Player "Barba_Imersivo" (DEAD) (steam64id="76561197994877771" pos=<14718.6, 9.64, 1135.36>) died. Stats> Water: 590.708 Energy: 358.399 Bleed sources: 0
02:59:18: Player "Barba_Imersivo" (DEAD) (steam64id="76561197994877771" pos=<11612.8, 6.51, 14686.4>) died. Stats> Water: 575.852 Energy: 477.862 Bleed sources: 0
12:32:32: Player "Barba_Imersivo" (steam64id="76561197994877771" pos=<14062.9, 3.72, 18415.1>) is unconscious
12:33:08: Player "Barba_Imersivo" (steam64id="76561197994877771" pos=<14065.1, 3.17, 18412.2>) regained consciousness
12:34:57: Player "Barba_Imersivo" (DEAD) (steam64id="76561197994877771" pos=<14055.9, 1.39, 18407.3>) died. Stats> Water: 559.477 Energy: 395.198 Bleed sources: 0
12:35:53: Player "Barba_Imersivo" (DEAD) (steam64id="76561197994877771" pos=<14526.5, 9.12, 1115.24>) died. Stats> Water: 599.338 Energy: 599.338 Bleed sources: 0
13:10:56: Player "Barba_Imersivo" (DEAD) (steam64id="76561197994877771" pos=<14981.4, 13.91, 1765.34>) died. Stats> Water: 594.888 Energy: 581.013 Bleed sources: 0
13:25:30: Player "Barba_Imersivo" (DEAD) (steam64id="76561197994877771" pos=<13855.7, 3.13, 18175.4>) died. Stats> Water: 582.397 Energy: 453.995 Bleed sources: 0
13:55:55: Player "Barba_Imersivo" (DEAD) (steam64id="76561197994877771" pos=<13854.1, 3.02, 18180.7>) died. Stats> Water: 550.41 Energy: 449.793 Bleed sources: 0
14:04:04: Player "Barba_Imersivo" (DEAD) (steam64id="76561197994877771" pos=<15496.6, 12.69, 1926.58>) died. Stats> Water: 0 Energy: 0 Bleed sources: 0
14:16:35: Player "Barba_Imersivo" (steam64id="76561197994877771" pos=<13642.4, 6.60, 18712.9>)[HP: 98.6647] hit by Infectado into LeftLeg(8) for 4.5 damage (MeleeZombie)
14:16:36: Player "Barba_Imersivo" (steam64id="76561197994877771" pos=<13642.4, 6.60, 18712.9>)[HP: 98.2047] hit by Infectado into LeftArm(18) for 5 damage (MeleeZombie)
14:16:37: Player "Barba_Imersivo" (steam64id="76561197994877771" pos=<13642.4, 6.60, 18712.9>)[HP: 93.1547] hit by Infectado into Torso(1) for 5 damage (MeleeZombie)
14:16:39: Player "Barba_Imersivo" (steam64id="76561197994877771" pos=<13642.4, 6.60, 18712.9>)[HP: 88.1946] hit by Infectado into Torso(1) for 5 damage (MeleeZombie)
14:16:40: Player "Barba_Imersivo" (steam64id="76561197994877771" pos=<13642.4, 6.60, 18712.9>)[HP: 83.0945] hit by Infectado into Torso(1) for 5 damage (MeleeZombie)
14:16:42: Player "Barba_Imersivo" (steam64id="76561197994877771" pos=<13642.4, 6.60, 18712.9>)[HP: 82.0095] hit by Infectado into LeftLeg(8) for 4.5 damage (MeleeZombie)
14:16:43: Player "Barba_Imersivo" (steam64id="76561197994877771" pos=<13642.4, 6.60, 18712.9>)[HP: 76.9595] hit by Infectado into Torso(1) for 5 damage (MeleeZombie)
14:16:44: Player "Barba_Imersivo" (steam64id="76561197994877771" pos=<13642.4, 6.60, 18712.9>)[HP: 75.7344] hit by Infectado into RightLeg(3) for 4.5 damage (MeleeZombie)
14:16:46: Player "Barba_Imersivo" (steam64id="76561197994877771" pos=<13642.4, 6.60, 18712.9>)[HP: 75.2726] hit by Infectado into LeftArm(18) for 5 damage (MeleeZombie)
14:16:47: Player "Barba_Imersivo" (steam64id="76561197994877771" pos=<13642.4, 6.60, 18712.9>)[HP: 70.1725] hit by Infectado into Torso(1) for 5 damage (MeleeZombie)
14:16:47: Player "Barba_Imersivo" (steam64id="76561197994877771" pos=<13642.4, 6.61, 18712.9>) is unconscious
14:17:03: Player "Barba_Imersivo" (steam64id="76561197994877771" pos=<3116.73, 8.00, 17915.3>) regained consciousness
14:48:05: Player "null" (DEAD) (steam64id="null" pos=<15715.4, 28.26, 11330.4>) bled out
14:48:05: Player "null" (DEAD) (steam64id="null" pos=<15727.8, 28.24, 11347.8>) bled out
15:07:55: Player "Barba_Imersivo" (DEAD) (steam64id="76561197994877771" pos=<15910.9, 25.95, 11492.1>) died. Stats> Water: 4718.94 Energy: 4555.7 Bleed sources: 0
15:11:54: Player "Barba_Imersivo" (DEAD) (steam64id="76561197994877771" pos=<15509.6, 12.70, 1907.07>) died. Stats> Water: 0 Energy: 0 Bleed sources: 0
15:21:38: Player "Barba_Imersivo" (DEAD) (steam64id="76561197994877771" pos=<12067.4, 13.45, 6124.09>) died. Stats> Water: 494.966 Energy: 494.223 Bleed sources: 0
15:32:16: Player "Barba_Imersivo" (steam64id="76561197994877771" pos=<13599.2, 7.73, 18546>)[HP: 98.875] hit by Infectado into RightLeg(3) for 4.5 damage (MeleeZombie)
15:35:25: Player "Barba_Imersivo" (steam64id="76561197994877771" pos=<13628.6, 7.97, 18587.7>)[HP: 98.875] hit by Infectado into RightLeg(3) for 4.5 damage (MeleeZombie)
15:35:26: Player "Barba_Imersivo" (steam64id="76561197994877771" pos=<13628.8, 7.98, 18585.8>)[HP: 97.75] hit by Infectado into LeftLeg(8) for 4.5 damage (MeleeZombie)
15:35:31: Player "Barba_Imersivo" (steam64id="76561197994877771" pos=<13614.2, 8.71, 18585.1>)[HP: 97.4301] hit by Infectado into RightArm(17) for 5 damage (MeleeZombie)
15:35:40: Player "Barba_Imersivo" (steam64id="76561197994877771" pos=<13614.9, 8.42, 18584.3>)[HP: 97.2001] hit by Infectado into RightArm(17) for 5 damage (MeleeZombie)
15:35:40: Player "Barba_Imersivo" (steam64id="76561197994877771" pos=<13614.9, 8.42, 18584.3>)[HP: 96.0751] hit by Infectado into LeftLeg(8) for 4.5 damage (MeleeZombie)
15:35:40: Player "Barba_Imersivo" (steam64id="76561197994877771" pos=<13614.9, 8.42, 18584.3>)[HP: 94.9501] hit by Infectado into LeftLeg(8) for 4.5 damage (MeleeZombie)
15:35:48: Player "Barba_Imersivo" (steam64id="76561197994877771" pos=<13604.4, 7.77, 18546.3>)[HP: 94.7171] hit by Infectado into LeftArm(18) for 5 damage (MeleeZombie)
15:35:49: Player "Barba_Imersivo" (steam64id="76561197994877771" pos=<13604.4, 7.77, 18546.3>)[HP: 93.5921] hit by Infectado into RightLeg(3) for 4.5 damage (MeleeZombie)
15:35:49: Player "Barba_Imersivo" (steam64id="76561197994877771" pos=<13604.5, 7.77, 18546.2>)[HP: 88.5921] hit by Infectado into Torso(1) for 5 damage (MeleeZombie)
15:35:50: Player "Barba_Imersivo" (steam64id="76561197994877771" pos=<13604, 7.77, 18546.4>)[HP: 83.5921] hit by Infectado into Torso(1) for 5 damage (MeleeZombie)
15:35:51: Player "Barba_Imersivo" (steam64id="76561197994877771" pos=<13603.7, 7.76, 18546.4>)[HP: 83.1789] hit by Infectado into RightArm(17) for 5 damage (MeleeZombie)
15:35:53: Player "Barba_Imersivo" (steam64id="76561197994877771" pos=<13598.7, 7.73, 18542.7>)[HP: 82.6789] hit by Infectado into LeftArm(18) for 5 damage (MeleeZombie)
15:37:22: Player "Barba_Imersivo" (steam64id="76561197994877771" pos=<13605.6, 8.71, 18552.9>)[HP: 83.9198] hit by Infectado into RightLeg(3) for 4.5 damage (MeleeZombie)
15:37:51: Player "Barba_Imersivo" (steam64id="76561197994877771" pos=<13586.3, 7.64, 18553.1>)[HP: 84.1226] hit by Infectado into RightArm(17) for 5 damage (MeleeZombie)
15:37:58: Player "Barba_Imersivo" (steam64id="76561197994877771" pos=<13564.6, 7.55, 18541.5>)[HP: 83.8573] hit by Infectado into RightArm(17) for 5 damage (MeleeZombie)
15:41:15: Player "Barba_Imersivo" (DEAD) (steam64id="76561197994877771" pos=<13853.7, 2.77, 18188.6>) died. Stats> Water: 4730.74 Energy: 4730.7 Bleed sources: 0
15:53:04: Player "Izac" (steam64id="76561198005375973" pos=<15263.5, 15.98, 1708.98>)[HP: 94.375] hit by Infectado into Torso(1) for 5.625 damage (MeleeZombieFemale)
15:53:07: Player "Izac" (steam64id="76561198005375973" pos=<15262.9, 15.72, 1713.56>)[HP: 93.715] hit by Infectado into LeftArm(18) for 7.5 damage (MeleeZombieFemale)
15:53:13: Player "Izac" (steam64id="76561198005375973" pos=<15262, 16.80, 1723.95>)[HP: 90.5716] hit by Player "null" (steam64id="null" pos=<15276.1, 16.31, 1745.9>) into RightArm(17) for 33.235 damage (Bullet_380) with CR-61 Skorpion from 26.0689 meters 
15:53:16: Player "Izac" (steam64id="76561198005375973" pos=<15262, 16.80, 1723.95>)[HP: 89.9116] hit by Infectado into RightArm(17) for 7.5 damage (MeleeZombieFemale)
15:53:19: Player "Izac" (steam64id="76561198005375973" pos=<15262, 16.80, 1723.95>)[HP: 88.3131] hit by Infectado into LeftLeg(8) for 6.75 damage (MeleeZombieFemale)
15:53:34: Player "Izac" (steam64id="76561198005375973" pos=<15274, 16.28, 1745.09>)[HP: 87.9919] hit by Infectado into RightArm(17) for 7.5 damage (MeleeZombieFemale)
15:53:39: Player "Izac" (steam64id="76561198005375973" pos=<15260.1, 14.98, 1757.91>)[HP: 86.4684] hit by Infectado into RightLeg(3) for 6.75 damage (MeleeZombieFemale)
16:03:37: Player "Izac" (steam64id="76561198005375973" pos=<15414.2, 14.44, 1861.43>)[HP: 92.1082] hit by Infectado into Torso(1) for 6.75 damage (MeleeZombiePolice)
16:11:14: Player "Barba_Imersivo" (steam64id="76561197994877771" pos=<13527.4, 7.51, 18605.4>)[HP: 99.5] hit by Infectado into LeftArm(18) for 5 damage (MeleeZombie)
16:11:15: Player "Barba_Imersivo" (steam64id="76561197994877771" pos=<13528.7, 7.51, 18604.8>)[HP: 98.375] hit by Infectado into RightLeg(3) for 4.5 damage (MeleeZombie)
16:11:17: Player "Barba_Imersivo" (steam64id="76561197994877771" pos=<13530.9, 7.51, 18604.8>)[HP: 97.965] hit by Infectado into LeftArm(18) for 5 damage (MeleeZombie)
16:11:18: Player "Barba_Imersivo" (steam64id="76561197994877771" pos=<13532.3, 7.51, 18604.5>)[HP: 97.465] hit by Infectado into LeftArm(18) for 5 damage (MeleeZombie)
16:11:26: Player "Barba_Imersivo" (steam64id="76561197994877771" pos=<13511.7, 7.54, 18607.9>)[HP: 92.7351] hit by Infectado into Torso(1) for 5 damage (MeleeZombie)
16:11:26: Player "Barba_Imersivo" (steam64id="76561197994877771" pos=<13511.2, 7.54, 18608.2>)[HP: 92.2351] hit by Infectado into RightArm(17) for 5 damage (MeleeZombie)
16:11:30: Player "Barba_Imersivo" (steam64id="76561197994877771" pos=<13496.1, 7.81, 18628.6>)[HP: 91.8251] hit by Infectado into RightArm(17) for 5 damage (MeleeZombie)
16:40:20: Player "Barba_Imersivo" (steam64id="76561197994877771" pos=<13615.6, 7.96, 18583.2>)[HP: 45.4759] hit by Player "null" (steam64id="null" pos=<13611.6, 8.32, 18589.9>) into Torso(1) for 38.3095 damage (Bullet_9x19) with SG5-K from 7.82324 meters 
16:40:20: Player "Barba_Imersivo" (steam64id="76561197994877771" pos=<13615.6, 7.96, 18583.2>)[HP: 7.16637] hit by Player "null" (steam64id="null" pos=<13611.7, 8.32, 18589.9>) into Torso(1) for 38.3095 damage (Bullet_9x19) with SG5-K from 7.76231 meters 
16:40:20: Player "Barba_Imersivo" (steam64id="76561197994877771" pos=<13615.6, 7.96, 18583.2>) is unconscious
16:40:26: Player "Barba_Imersivo" (steam64id="76561197994877771" pos=<13616.1, 7.96, 18582.8>) regained consciousness
16:40:46: Player "Barba_Imersivo" (DEAD) (steam64id="76561197994877771" pos=<13615.7, 7.96, 18582.7>)[HP: 0] hit by Player "null" (steam64id="null" pos=<13613.1, 8.20, 18588.6>) into Torso(1) for 38.3095 damage (Bullet_9x19) with SG5-K from 6.46443 meters 
16:40:46: Player "Barba_Imersivo" (DEAD) (steam64id="76561197994877771" pos=<13615.7, 7.96, 18582.7>) killed by Player "null" (steam64id="null" pos=<13613.1, 8.20, 18588.6>) with SG5-K from 6.46443 meters 
16:58:18: Player "Barba_Imersivo" (steam64id="76561197994877771" pos=<13099.6, 57.36, 4471.89>)[HP: 99.2461] hit by HeliSIB_UH1D_airforce with TransportHit
16:58:18: Player "Barba_Imersivo" (steam64id="76561197994877771" pos=<13099.6, 57.09, 4471.98>)[HP: 98.4763] hit by HeliSIB_UH1D_airforce with TransportHit
16:58:18: Player "Barba_Imersivo" (steam64id="76561197994877771" pos=<13099.6, 56.54, 4472.11>)[HP: 97.6444] hit by HeliSIB_UH1D_airforce with TransportHit
16:58:18: Player "Barba_Imersivo" (steam64id="76561197994877771" pos=<13099.6, 56.32, 4472.14>)[HP: 96.7796] hit by HeliSIB_UH1D_airforce with TransportHit
16:58:18: Player "Barba_Imersivo" (steam64id="76561197994877771" pos=<13099.6, 56.08, 4472.15>)[HP: 95.8731] hit by HeliSIB_UH1D_airforce with TransportHit
16:58:18: Player "Barba_Imersivo" (steam64id="76561197994877771" pos=<13099.6, 55.53, 4472.2>)[HP: 94.899] hit by HeliSIB_UH1D_airforce with TransportHit
16:58:20: Player "Barba_Imersivo" (steam64id="76561197994877771" pos=<13099.6, 45.23, 4472.2>)[HP: 36.5303] hit by FallDamage
16:58:21: Player "Barba_Imersivo" (steam64id="76561197994877771" pos=<13100.1, 45.06, 4472.35>) is unconscious
16:58:31: Player "Barba_Imersivo" (steam64id="76561197994877771" pos=<13100.9, 44.73, 4473.3>) regained consciousness
17:46:52: Player "Barba_Imersivo" (steam64id="76561197994877771" pos=<9410.44, 11.93, 1329.28>)[HP: 98.8751] hit by EGER with TransportHit
18:03:28: Player "Barba_Imersivo" (steam64id="76561197994877771" pos=<9415.66, 11.76, 1370.11>)[HP: 98.1008] hit by HEMTT with TransportHit
18:03:28: Player "Barba_Imersivo" (steam64id="76561197994877771" pos=<9415.66, 11.76, 1370.11>)[HP: 96.2016] hit by HEMTT with TransportHit
18:03:28: Player "Barba_Imersivo" (steam64id="76561197994877771" pos=<9415.7, 11.76, 1370.18>)[HP: 94.3215] hit by HEMTT with TransportHit
18:03:28: Player "Barba_Imersivo" (steam64id="76561197994877771" pos=<9415.7, 11.76, 1370.18>)[HP: 92.4415] hit by HEMTT with TransportHit
18:03:28: Player "Barba_Imersivo" (steam64id="76561197994877771" pos=<9415.67, 11.76, 1370.21>)[HP: 90.6034] hit by HEMTT with TransportHit
18:03:28: Player "Barba_Imersivo" (steam64id="76561197994877771" pos=<9415.67, 11.76, 1370.21>)[HP: 88.7652] hit by HEMTT with TransportHit
18:03:28: Player "Barba_Imersivo" (steam64id="76561197994877771" pos=<9415.67, 11.76, 1370.21>)[HP: 86.927] hit by HEMTT with TransportHit
18:03:28: Player "Barba_Imersivo" (steam64id="76561197994877771" pos=<9415.46, 11.76, 1370.24>)[HP: 84.2142] hit by HEMTT with TransportHit
18:03:28: Player "Barba_Imersivo" (steam64id="76561197994877771" pos=<9415.46, 11.76, 1370.24>)[HP: 81.5014] hit by HEMTT with TransportHit
18:03:28: Player "Barba_Imersivo" (steam64id="76561197994877771" pos=<9415.46, 11.76, 1370.24>)[HP: 80.1811] hit by HEMTT with TransportHit
18:03:28: Player "Barba_Imersivo" (steam64id="76561197994877771" pos=<9415.46, 11.76, 1370.24>)[HP: 78.8608] hit by HEMTT with TransportHit
18:03:28: Player "Barba_Imersivo" (steam64id="76561197994877771" pos=<9415.42, 11.76, 1370.22>)[HP: 76.0632] hit by HEMTT with TransportHit
18:03:28: Player "Barba_Imersivo" (steam64id="76561197994877771" pos=<9415.42, 11.76, 1370.22>)[HP: 73.2656] hit by HEMTT with TransportHit
18:03:29: Player "Barba_Imersivo" (steam64id="76561197994877771" pos=<9415.39, 11.76, 1370.19>)[HP: 71.5298] hit by HEMTT with TransportHit
18:03:29: Player "Barba_Imersivo" (steam64id="76561197994877771" pos=<9415.39, 11.76, 1370.19>)[HP: 69.794] hit by HEMTT with TransportHit
18:03:29: Player "Barba_Imersivo" (steam64id="76561197994877771" pos=<9415.39, 11.76, 1370.21>)[HP: 68.3161] hit by HEMTT with TransportHit
18:03:29: Player "Barba_Imersivo" (steam64id="76561197994877771" pos=<9415.39, 11.76, 1370.21>)[HP: 66.8382] hit by HEMTT with TransportHit
18:03:29: Player "Barba_Imersivo" (steam64id="76561197994877771" pos=<9415.39, 11.75, 1370.27>)[HP: 65.2726] hit by HEMTT with TransportHit
18:03:29: Player "Barba_Imersivo" (steam64id="76561197994877771" pos=<9415.39, 11.75, 1370.27>)[HP: 63.7069] hit by HEMTT with TransportHit
18:03:29: Player "Barba_Imersivo" (steam64id="76561197994877771" pos=<9415.39, 11.75, 1370.28>)[HP: 62.651] hit by HEMTT with TransportHit
18:03:29: Player "Barba_Imersivo" (steam64id="76561197994877771" pos=<9415.39, 11.75, 1370.28>)[HP: 61.595] hit by HEMTT with TransportHit
18:03:29: Player "Barba_Imersivo" (steam64id="76561197994877771" pos=<9415.38, 11.75, 1370.29>)[HP: 58.4496] hit by HEMTT with TransportHit
18:03:29: Player "Barba_Imersivo" (steam64id="76561197994877771" pos=<9415.38, 11.75, 1370.29>)[HP: 55.3041] hit by HEMTT with TransportHit
18:03:29: Player "Barba_Imersivo" (steam64id="76561197994877771" pos=<9415.37, 11.75, 1370.23>)[HP: 52.537] hit by HEMTT with TransportHit
18:03:29: Player "Barba_Imersivo" (steam64id="76561197994877771" pos=<9415.37, 11.75, 1370.23>)[HP: 49.77] hit by HEMTT with TransportHit
18:03:29: Player "Barba_Imersivo" (steam64id="76561197994877771" pos=<9415.23, 11.75, 1370.19>)[HP: 47.2079] hit by HEMTT with TransportHit
18:03:29: Player "Barba_Imersivo" (steam64id="76561197994877771" pos=<9415.15, 11.75, 1370.21>)[HP: 45.3134] hit by HEMTT with TransportHit
18:03:29: Player "Barba_Imersivo" (steam64id="76561197994877771" pos=<9415.15, 11.75, 1370.21>)[HP: 43.4188] hit by HEMTT with TransportHit
18:03:29: Player "Barba_Imersivo" (steam64id="76561197994877771" pos=<9415.05, 11.75, 1370.22>)[HP: 39.719] hit by HEMTT with TransportHit
18:03:29: Player "Barba_Imersivo" (steam64id="76561197994877771" pos=<9415.05, 11.75, 1370.22>)[HP: 38.9065] hit by HEMTT with TransportHit
18:03:29: Player "Barba_Imersivo" (steam64id="76561197994877771" pos=<9415.05, 11.75, 1370.22>)[HP: 38.5006] hit by HEMTT with TransportHit
18:03:29: Player "Barba_Imersivo" (steam64id="76561197994877771" pos=<9415.01, 11.75, 1370.2>)[HP: 37.3056] hit by HEMTT with TransportHit
18:03:29: Player "Barba_Imersivo" (steam64id="76561197994877771" pos=<9414.98, 11.75, 1370.13>)[HP: 35.8594] hit by HEMTT with TransportHit
18:03:29: Player "Barba_Imersivo" (steam64id="76561197994877771" pos=<9414.97, 11.75, 1370.09>)[HP: 34.3543] hit by HEMTT with TransportHit
18:03:29: Player "Barba_Imersivo" (steam64id="76561197994877771" pos=<9414.97, 11.75, 1370.09>)[HP: 31.1623] hit by HEMTT with TransportHit
18:03:29: Player "Barba_Imersivo" (steam64id="76561197994877771" pos=<9414.95, 11.75, 1370.05>)[HP: 30.1449] hit by HEMTT with TransportHit
18:03:29: Player "Barba_Imersivo" (steam64id="76561197994877771" pos=<9414.96, 11.75, 1370.05>)[HP: 27.1604] hit by HEMTT with TransportHit
18:03:30: Player "Barba_Imersivo" (steam64id="76561197994877771" pos=<9414.99, 11.75, 1369.97>)[HP: 23.9761] hit by HEMTT with TransportHit
18:03:30: Player "Barba_Imersivo" (steam64id="76561197994877771" pos=<9414.99, 11.75, 1369.97>)[HP: 20.7018] hit by HEMTT with TransportHit
18:03:32: Player "Barba_Imersivo" (steam64id="76561197994877771" pos=<9414.02, 11.73, 1370.04>)[HP: 19.7423] hit by HEMTT with TransportHit
18:03:32: Player "Barba_Imersivo" (steam64id="76561197994877771" pos=<9414.02, 11.73, 1370.04>)[HP: 18.7698] hit by HEMTT with TransportHit
19:42:52: Player "Barba_imersivo" (steam64id="76561197994877771" pos=<9782.41, 11.65, 2495.51>)[HP: 99.5] hit by Infectado into LeftArm(18) for 5 damage (MeleeZombie)
19:43:19: Player "Barba_imersivo" (steam64id="76561197994877771" pos=<9780.81, 12.27, 2503.16>)[HP: 97.75] hit by Infectado into RightLeg(3) for 9 damage (MeleeZombiePolice)
19:43:33: Player "Barba_imersivo" (steam64id="76561197994877771" pos=<9782.83, 12.46, 2501.62>)[HP: 97.2001] hit by Infectado into LeftArm(18) for 10 damage (MeleeZombiePolice)
19:49:22: Player "Barba_imersivo" (steam64id="76561197994877771" pos=<9798.29, 11.68, 2505.03>)[HP: 66.2992] hit by Player "GustavoN" (steam64id="76561198231290628" pos=<9797.7, 11.93, 2569.5>) into Torso(24) for 33.7008 damage (Bullet_45ACP) with FX-45 from 64.4775 meters 
19:49:34: Player "GustavoN" (steam64id="76561198231290628" pos=<9803.32, 11.80, 2535.16>)[HP: 96.1024] hit by Player "Barba_imersivo" (steam64id="76561197994877771" pos=<9797.82, 11.68, 2522.89>) into LeftHand(46) for 35.4331 damage (Bullet_45ACP) with FX-45 from 13.444 meters 
19:49:39: Player "GustavoN" (DEAD) (steam64id="76561198231290628" pos=<9803.76, 11.80, 2535>)[HP: 0] hit by Player "Barba_imersivo" (steam64id="76561197994877771" pos=<9797.82, 11.68, 2522.89>) into Head(0) for 35.4331 damage (Bullet_45ACP) with FX-45 from 13.4888 meters 
19:49:39: Player "GustavoN" (DEAD) (steam64id="76561198231290628" pos=<9803.76, 11.80, 2535>) killed by Player "Barba_imersivo" (steam64id="76561197994877771" pos=<9797.82, 11.68, 2522.89>) with FX-45 from 13.4888 meters 
20:48:29: Player "null" (DEAD) (steam64id="null" pos=<14803.2, 8.12, 3004.18>) bled out
