00:47:00: Player "Razyel" (steam64id="76561198119695209" pos=<8611.99, 13.21, 2880.5>)[HP: 81.2851] hit by MotorHome_woodland with TransportHit
00:47:00: Player "Razyel" (steam64id="76561198119695209" pos=<8611.99, 13.21, 2880.5>)[HP: 80.1855] hit by MotorHome_woodland with TransportHit
00:47:00: Player "Razyel" (steam64id="76561198119695209" pos=<8611.99, 13.21, 2880.5>)[HP: 79.2279] hit by MotorHome_woodland with TransportHit
00:47:00: Player "Razyel" (steam64id="76561198119695209" pos=<8611.99, 13.21, 2880.5>)[HP: 78.2704] hit by MotorHome_woodland with TransportHit
00:47:00: Player "Razyel" (steam64id="76561198119695209" pos=<8611.99, 13.21, 2880.5>)[HP: 77.4467] hit by MotorHome_woodland with TransportHit
00:47:00: Player "Razyel" (steam64id="76561198119695209" pos=<8611.99, 13.21, 2880.5>)[HP: 76.623] hit by MotorHome_woodland with TransportHit
00:47:00: Player "Razyel" (steam64id="76561198119695209" pos=<8612.01, 13.25, 2880.33>)[HP: 75.9239] hit by MotorHome_woodland with TransportHit
00:47:00: Player "Razyel" (steam64id="76561198119695209" pos=<8612.01, 13.25, 2880.33>)[HP: 75.2249] hit by MotorHome_woodland with TransportHit
00:47:00: Player "Razyel" (steam64id="76561198119695209" pos=<8612.01, 13.25, 2880.33>)[HP: 74.5258] hit by MotorHome_woodland with TransportHit
00:47:00: Player "Razyel" (steam64id="76561198119695209" pos=<8612.01, 13.25, 2880.33>)[HP: 73.9528] hit by MotorHome_woodland with TransportHit
00:47:00: Player "Razyel" (steam64id="76561198119695209" pos=<8612.01, 13.25, 2880.33>)[HP: 73.3798] hit by MotorHome_woodland with TransportHit
00:47:00: Player "Razyel" (steam64id="76561198119695209" pos=<8612.01, 13.25, 2880.33>)[HP: 72.8069] hit by MotorHome_woodland with TransportHit
00:47:00: Player "Razyel" (steam64id="76561198119695209" pos=<8612.01, 13.25, 2880.33>)[HP: 72.3522] hit by MotorHome_woodland with TransportHit
00:47:00: Player "Razyel" (steam64id="76561198119695209" pos=<8612.01, 13.25, 2880.33>)[HP: 71.8976] hit by MotorHome_woodland with TransportHit
00:47:00: Player "Razyel" (steam64id="76561198119695209" pos=<8612.01, 13.25, 2880.33>)[HP: 71.443] hit by MotorHome_woodland with TransportHit
00:57:57: Player "yuri lixo" (steam64id="76561198084383143" pos=<7408.33, 12.05, 1118.46>)[HP: 95] hit by Infectado into Torso(1) for 5 damage (MeleeZombie)
00:58:05: Player "Barba_Imersivo" (steam64id="76561197994877771" pos=<7407.69, 12.05, 1168.39>)[HP: 95.5] hit by Infectado into Torso(1) for 4.5 damage (MeleeZombie)
00:58:07: Player "Barba_Imersivo" (steam64id="76561197994877771" pos=<7407.15, 12.05, 1168.51>)[HP: 95] hit by Infectado into RightArm(17) for 5 damage (MeleeZombie)
00:59:02: Player "Razyel" (steam64id="76561198119695209" pos=<7366.13, 12.05, 1190.76>)[HP: 59.2178] hit by FNX45 into LeftArm(18) for 10 damage (FirearmHit_Pistol)
01:05:24: Player "yuri lixo" (steam64id="76561198084383143" pos=<7447.22, 12.11, 1337.28>)[HP: 92.5] hit by Infectado into Torso(1) for 7.5 damage (MeleeZombieMale)
01:05:51: Player "yuri lixo" (steam64id="76561198084383143" pos=<7429.41, 12.05, 1290.55>)[HP: 92.8102] hit by Infectado into LeftArm(18) for 5 damage (MeleeZombie)
01:07:02: Player "Barba_Imersivo" (steam64id="76561197994877771" pos=<7396.23, 12.05, 1170.69>)[HP: 98.875] hit by Infectado into LeftLeg(8) for 4.5 damage (MeleeZombie)
01:07:03: Player "Barba_Imersivo" (steam64id="76561197994877771" pos=<7396.23, 12.05, 1170.69>)[HP: 97.75] hit by Infectado into RightLeg(3) for 4.5 damage (MeleeZombie)
01:07:06: Player "Barba_Imersivo" (steam64id="76561197994877771" pos=<7383.58, 12.05, 1172.81>)[HP: 93.34] hit by Infectado into Torso(1) for 4.5 damage (MeleeZombie)
01:07:14: Player "Barba_Imersivo" (steam64id="76561197994877771" pos=<7348.41, 12.05, 1179.32>)[HP: 93.11] hit by Infectado into RightArm(17) for 5 damage (MeleeZombie)
01:09:48: Player "yuri lixo" (steam64id="76561198084383143" pos=<6971.16, 13.44, 1213.01>)[HP: 98.3464] hit by FallDamage
01:29:56: Player "Barba_Imersivo" (steam64id="76561197994877771" pos=<15291.7, 4.81, 5825.08>)[HP: 91.2196] hit by FallDamage
01:42:08: Player "yuri lixo" (steam64id="76561198084383143" pos=<9182.44, 8.32, 12996.1>)[HP: 97.5] hit by Infectado into Torso(1) for 2.5 damage (MeleeZombieSoldier)
01:42:09: Player "yuri lixo" (steam64id="76561198084383143" pos=<9183.87, 8.30, 12997.7>)[HP: 95.25] hit by Infectado into LeftLeg(8) for 9 damage (MeleeZombieSoldier)
01:50:43: Player "yuri lixo" (steam64id="76561198084383143" pos=<13459, 7.62, 18768.8>)[HP: 99] hit by Infectado into LeftArm(18) for 10 damage (MeleeZombieSoldier)
01:50:47: Player "yuri lixo" (steam64id="76561198084383143" pos=<13458.7, 7.67, 18768.4>)[HP: 97.4861] hit by Infectado into Torso(1) for 1.6875 damage (MeleeZombieFemale)
01:50:51: Player "yuri lixo" (steam64id="76561198084383143" pos=<13459.8, 7.52, 18767.8>)[HP: 96.8229] hit by Infectado into LeftArm(18) for 7.5 damage (MeleeZombieMale)
01:51:02: Player "yuri lixo" (steam64id="76561198084383143" pos=<13473.1, 7.59, 18759.2>)[HP: 95.483] hit by Infectado into Torso(1) for 1.6875 damage (MeleeZombieMale)
01:51:32: Player "yuri lixo" (steam64id="76561198084383143" pos=<13464.5, 8.03, 18752.4>)[HP: 94.5791] hit by Infectado into RightLeg(3) for 6.75 damage (MeleeZombieMale)
01:51:35: Player "yuri lixo" (steam64id="76561198084383143" pos=<13462.2, 7.72, 18754.2>)[HP: 92.9789] hit by Infectado into Torso(1) for 1.6875 damage (MeleeZombieFemale)
01:51:40: Player "yuri lixo" (steam64id="76561198084383143" pos=<13462.2, 7.66, 18754.8>)[HP: 78.1829] hit by Player "Barba_Imersivo" (steam64id="76561197994877771" pos=<13462.8, 8.26, 18746>) into Torso(1) for 14.9705 damage (SNAFU_Bullet_300ACC) with AAC Honey Badger from 8.797 meters 
02:03:16: Player "yuri lixo" (steam64id="76561198084383143" pos=<8284, 6.53, 17626.2>)[HP: 77.8326] hit by Player "null" (steam64id="null" pos=<8176.59, 6.47, 17972.4>) into Torso(1) for 21.0979 damage (Bullet_545x39) with KA-74 from 362.441 meters 
02:42:49: Player "Razyel" (steam64id="76561198119695209" pos=<3366.78, 11.17, 16415.2>)[HP: 79.5578] hit by Infectado into Torso(1) for 5.0625 damage (MeleeZombieMale)
02:42:59: Player "Razyel" (steam64id="76561198119695209" pos=<3389.23, 11.43, 16448.8>)[HP: 74.6179] hit by Infectado into Torso(1) for 5.0625 damage (MeleeZombieMale)
02:42:59: Player "Razyel" (steam64id="76561198119695209" pos=<3389.6, 11.43, 16448.7>)[HP: 73.9087] hit by Infectado into LeftArm(18) for 7.5 damage (MeleeZombieMale)
02:42:59: Player "Razyel" (steam64id="76561198119695209" pos=<3389.85, 11.43, 16448.4>)[HP: 73.1587] hit by Infectado into LeftArm(18) for 7.5 damage (MeleeZombieFemale)
02:43:00: Player "Razyel" (steam64id="76561198119695209" pos=<3390.52, 11.44, 16448>)[HP: 72.4087] hit by Infectado into LeftArm(18) for 7.5 damage (MeleeZombieMale)
02:43:01: Player "Razyel" (steam64id="76561198119695209" pos=<3391.03, 11.44, 16448.4>)[HP: 67.3462] hit by Infectado into Torso(1) for 5.0625 damage (MeleeZombieMale)
02:43:02: Player "Razyel" (steam64id="76561198119695209" pos=<3391.33, 11.45, 16448.8>)[HP: 66.5962] hit by Infectado into RightArm(17) for 7.5 damage (MeleeZombieMale)
02:43:02: Player "Razyel" (steam64id="76561198119695209" pos=<3391.28, 11.45, 16448.8>) is unconscious
02:43:03: Player "Razyel" (steam64id="76561198119695209" pos=<3391.22, 11.45, 16448.6>)[HP: 65.8869] hit by Infectado into LeftArm(18) for 7.5 damage (MeleeZombieMale)
02:43:03: Player "Razyel" (steam64id="76561198119695209" pos=<3391.21, 11.45, 16448.7>)[HP: 64.1994] hit by Infectado into LeftLeg(8) for 6.75 damage (MeleeZombieMale)
02:43:03: Player "Razyel" (steam64id="76561198119695209" pos=<3390.8, 11.45, 16449.2>)[HP: 63.4494] hit by Infectado into LeftArm(18) for 7.5 damage (MeleeZombieFemale)
03:33:41: Player "Razyel" (DEAD) (steam64id="76561198119695209" pos=<2061.43, 24.74, 14531.9>)[HP: 0] hit by Player "yuri lixo" (steam64id="76561198084383143" pos=<2059.17, 24.73, 14526.4>) into LeftHand(46) for 2000 damage (GCGN_Bullet_50Cal) with GCGN M82 Barret Black from 5.88794 meters 
03:33:41: Player "Razyel" (DEAD) (steam64id="76561198119695209" pos=<2061.43, 24.74, 14531.9>)[HP: 0] hit by Player "yuri lixo" (steam64id="76561198084383143" pos=<2059.17, 24.73, 14526.4>) into LeftArm(18) for 2000 damage (GCGN_Bullet_50Cal) with GCGN M82 Barret Black from 5.88794 meters 
03:33:41: Player "Razyel" (DEAD) (steam64id="76561198119695209" pos=<2061.43, 24.74, 14531.9>)[HP: 0] hit by Player "yuri lixo" (steam64id="76561198084383143" pos=<2059.17, 24.73, 14526.4>) into Torso(14) for 300 damage (GCGN_Bullet_50Cal) with GCGN M82 Barret Black from 5.88794 meters 
14:55:01: Player "Barba_Imersivo" (steam64id="76561197994877771" pos=<7698.73, 19.36, 9986.45>)[HP: 91] hit by Infectado into Torso(1) for 9 damage (MeleeZombieSoldier)
20:35:42: Barba_Imersivo hit by Infectado into RightArm(17) for 7.5 damage (MeleeZombieMale)
20:36:26: Barba_Imersivo hit by Infectado into LeftLeg(8) for 6.75 damage (MeleeZombieMale)
21:15:40: Barba_Imersivo hit by Infectado into Torso(1) for 1.35 damage (MeleeZombieMale)
21:15:41: Barba_Imersivo hit by Infectado into RightLeg(3) for 6.75 damage (MeleeZombieMale)
21:22:30: Barba_Imersivo hit by Infectado into Torso(1) for 0.9 damage (MeleeZombie)
22:17:42: Barba_Imersivo hit by Infectado into Torso(1) for 1.35 damage (MeleeZombieFemale)
22:17:43: Barba_Imersivo hit by Infectado into Torso(1) for 1.35 damage (MeleeZombieFemale)
22:17:45: Barba_Imersivo hit by Infectado into Torso(1) for 1.35 damage (MeleeZombieFemale)
22:17:46: Barba_Imersivo hit by Infectado into RightArm(17) for 7.5 damage (MeleeZombieFemale)
22:17:48: Barba_Imersivo hit by Infectado into RightArm(17) for 7.5 damage (MeleeZombieFemale)
22:17:50: Barba_Imersivo hit by Infectado into Torso(1) for 1.35 damage (MeleeZombieFemale)
22:17:51: Barba_Imersivo hit by Infectado into RightArm(17) for 7.5 damage (MeleeZombieFemale)
22:17:53: Barba_Imersivo hit by Infectado into RightLeg(3) for 6.75 damage (MeleeZombieFemale)
22:17:54: Barba_Imersivo hit by Infectado into RightArm(17) for 7.5 damage (MeleeZombieFemale)
22:17:56: Barba_Imersivo hit by Infectado into LeftArm(18) for 7.5 damage (MeleeZombieFemale)
22:17:57: Barba_Imersivo hit by Infectado into LeftLeg(8) for 6.75 damage (MeleeZombieFemale)
22:17:58: Player "Barba_Imersivo" (steam64id="76561197994877771" pos=<14301.1, 12.15, 1867.17>) is unconscious
22:17:58: Barba_Imersivo hit by Infectado into LeftArm(18) for 7.5 damage (MeleeZombieFemale)
22:17:58: Barba_Imersivo hit by Infectado into LeftArm(18) for 7.5 damage (MeleeZombieFemale)
22:17:59: Barba_Imersivo hit by Infectado into RightArm(17) for 7.5 damage (MeleeZombieFemale)
22:18:51: Player "Barba_Imersivo" (steam64id="76561197994877771" pos=<14300.9, 12.15, 1866.01>) regained consciousness
22:23:23: Player "Barba_Imersivo" (steam64id="76561197994877771" pos=<14300.6, 12.15, 1866.08>) is unconscious
22:23:48: Player "Barba_Imersivo" (steam64id="76561197994877771" pos=<14301.1, 12.15, 1866.04>) regained consciousness
22:24:36: Player "Barba_Imersivo" (steam64id="76561197994877771" pos=<14300.8, 12.15, 1866.05>) is unconscious
22:25:00: Player "Barba_Imersivo" (steam64id="76561197994877771" pos=<14301.2, 12.15, 1866.01>) regained consciousness
22:25:36: Player "Barba_Imersivo" (steam64id="76561197994877771" pos=<14300.9, 12.15, 1866.03>) is unconscious
22:26:00: Player "Barba_Imersivo" (steam64id="76561197994877771" pos=<14301.4, 12.15, 1865.99>) regained consciousness
22:26:54: Player "Barba_Imersivo" (steam64id="76561197994877771" pos=<14301.1, 12.15, 1866>) is unconscious
22:27:19: Player "Barba_Imersivo" (steam64id="76561197994877771" pos=<14301.5, 12.15, 1865.97>) regained consciousness
22:28:17: Player "Barba_Imersivo" (steam64id="76561197994877771" pos=<14301.2, 12.15, 1865.98>) is unconscious
22:28:44: Player "Barba_Imersivo" (steam64id="76561197994877771" pos=<14301.5, 12.15, 1865.96>) regained consciousness
22:29:48: Player "Barba_Imersivo" (steam64id="76561197994877771" pos=<14301.3, 12.15, 1865.97>) is unconscious
22:30:15: Player "Barba_Imersivo" (steam64id="76561197994877771" pos=<14301.6, 12.15, 1865.95>) regained consciousness
22:31:01: Player "Barba_Imersivo" (steam64id="76561197994877771" pos=<14301.3, 12.15, 1865.97>) is unconscious
22:31:28: Player "Barba_Imersivo" (steam64id="76561197994877771" pos=<14301.5, 12.15, 1865.96>) regained consciousness
22:32:12: Player "Barba_Imersivo" (steam64id="76561197994877771" pos=<14301.3, 12.15, 1865.97>) is unconscious
22:32:36: Player "Barba_Imersivo" (steam64id="76561197994877771" pos=<14301.6, 12.15, 1865.95>) regained consciousness
22:33:22: Player "Barba_Imersivo" (steam64id="76561197994877771" pos=<14301.3, 12.15, 1865.97>) is unconscious
22:33:46: Player "Barba_Imersivo" (steam64id="76561197994877771" pos=<14301.5, 12.15, 1865.96>) regained consciousness
22:34:36: Player "Barba_Imersivo" (steam64id="76561197994877771" pos=<14301.3, 12.15, 1865.97>) is unconscious
22:35:02: Player "Barba_Imersivo" (steam64id="76561197994877771" pos=<14301.6, 12.15, 1865.95>) regained consciousness
22:36:05: Player "Barba_Imersivo" (steam64id="76561197994877771" pos=<14301.3, 12.15, 1865.97>) is unconscious
22:36:30: Player "Barba_Imersivo" (steam64id="76561197994877771" pos=<14301.5, 12.15, 1865.96>) regained consciousness
22:39:37: Barba_Imersivo hit by Infectado into LeftArm(18) for 7.5 damage (MeleeZombieFemale)
22:39:38: Barba_Imersivo hit by Infectado into Torso(1) for 1.35 damage (MeleeZombieFemale)
22:39:40: Barba_Imersivo hit by Infectado into Torso(1) for 1.35 damage (MeleeZombieFemale)
22:39:41: Barba_Imersivo hit by Infectado into Torso(1) for 1.35 damage (MeleeZombieFemale)
22:39:43: Barba_Imersivo hit by Infectado into Torso(1) for 1.35 damage (MeleeZombieFemale)
22:39:44: Barba_Imersivo hit by Infectado into LeftArm(18) for 7.5 damage (MeleeZombieFemale)
22:39:46: Barba_Imersivo hit by Infectado into RightArm(17) for 7.5 damage (MeleeZombieFemale)
22:39:47: Barba_Imersivo hit by Infectado into Torso(1) for 1.35 damage (MeleeZombieFemale)
22:39:49: Barba_Imersivo hit by Infectado into Torso(1) for 1.35 damage (MeleeZombieFemale)
22:39:51: Barba_Imersivo hit by Infectado into RightLeg(3) for 6.75 damage (MeleeZombieFemale)
22:39:52: Barba_Imersivo hit by Infectado into Torso(1) for 1.35 damage (MeleeZombieFemale)
22:39:54: Barba_Imersivo hit by Infectado into Torso(1) for 1.35 damage (MeleeZombieFemale)
22:39:55: Barba_Imersivo hit by Infectado into Torso(1) for 1.35 damage (MeleeZombieFemale)
22:39:57: Barba_Imersivo hit by Infectado into LeftLeg(8) for 6.75 damage (MeleeZombieFemale)
22:39:58: Barba_Imersivo hit by Infectado into RightArm(17) for 7.5 damage (MeleeZombieFemale)
22:40:00: Barba_Imersivo hit by Infectado into LeftLeg(8) for 6.75 damage (MeleeZombieFemale)
22:40:00: Player "Barba_Imersivo" (steam64id="76561197994877771" pos=<14301.3, 12.15, 1865.97>) is unconscious
22:40:01: Barba_Imersivo hit by Infectado into Torso(1) for 1.35 damage (MeleeZombieFemale)
22:40:36: Player "Barba_Imersivo" (steam64id="76561197994877771" pos=<14302, 12.57, 1865.64>) regained consciousness
