12:51:05: Player "Barba_Imersivo" (steam64id="76561197994877771" pos=<17010.1, 26.02, 11365.9>)[HP: 98.2] hit by Infectado into Torso(1) for 1.8 damage (MeleeZombieSoldier)
12:52:07: Player "Barba_Imersivo" (steam64id="76561197994877771" pos=<17024, 26.02, 11388.6>)[HP: 98.2498] hit by Infectado into RightArm(17) for 10 damage (MeleeZombieSoldier)
12:52:09: Player "Barba_Imersivo" (steam64id="76561197994877771" pos=<17024, 26.02, 11388.6>)[HP: 97.3398] hit by Infectado into LeftArm(18) for 10 damage (MeleeZombieSoldier)
12:52:10: Player "Barba_Imersivo" (steam64id="76561197994877771" pos=<17024, 26.02, 11388.6>)[HP: 95.0898] hit by Infectado into LeftLeg(8) for 9 damage (MeleeZombieSoldier)
12:52:12: Player "Barba_Imersivo" (steam64id="76561197994877771" pos=<17024, 26.02, 11388.6>)[HP: 93.3799] hit by Infectado into Torso(1) for 1.8 damage (MeleeZombieSoldier)
12:52:13: Player "Barba_Imersivo" (steam64id="76561197994877771" pos=<17024, 26.02, 11388.6>)[HP: 92.3799] hit by Infectado into RightArm(17) for 10 damage (MeleeZombieSoldier)
12:52:15: Player "Barba_Imersivo" (steam64id="76561197994877771" pos=<17024, 26.02, 11388.6>)[HP: 91.4699] hit by Infectado into RightArm(17) for 10 damage (MeleeZombieSoldier)
12:52:16: Player "Barba_Imersivo" (steam64id="76561197994877771" pos=<17024, 26.02, 11388.6>)[HP: 89.2199] hit by Infectado into RightLeg(3) for 9 damage (MeleeZombieSoldier)
12:52:17: Player "Barba_Imersivo" (steam64id="76561197994877771" pos=<17024, 26.02, 11388.6>) is unconscious
12:52:17: Player "Barba_Imersivo" (steam64id="76561197994877771" pos=<17024.7, 26.02, 11388.1>)[HP: 87.0599] hit by Infectado into LeftLeg(8) for 9 damage (MeleeZombieSoldier)
12:52:19: Player "Barba_Imersivo" (steam64id="76561197994877771" pos=<17025.3, 26.02, 11388.5>)[HP: 86.0599] hit by Infectado into RightArm(17) for 10 damage (MeleeZombieSoldier)
12:52:58: Player "Barba_Imersivo" (steam64id="76561197994877771" pos=<17025.8, 26.02, 11389.1>) regained consciousness
12:56:16: Player "Barba_Imersivo" (steam64id="76561197994877771" pos=<13845, 9.12, 13282>)[HP: 27.6238] hit by FallDamage
12:56:17: Player "Barba_Imersivo" (steam64id="76561197994877771" pos=<13844.4, 9.11, 13282.3>) is unconscious
12:56:24: Player "Barba_Imersivo" (steam64id="76561197994877771" pos=<13843.6, 9.10, 13281>) regained consciousness
14:47:56: Player "Barba_Imersivo" (steam64id="76561197994877771" pos=<18174.7, 445.30, 19948.2>)[HP: 98.65] hit by Infectado into Torso(1) for 1.35 damage (MeleeZombieMale)
14:47:57: Player "Barba_Imersivo" (steam64id="76561197994877771" pos=<18174.7, 445.30, 19948.2>)[HP: 97.39] hit by Infectado into Torso(1) for 1.35 damage (MeleeZombieMale)
14:47:59: Player "Barba_Imersivo" (steam64id="76561197994877771" pos=<18174.7, 445.30, 19948.2>)[HP: 96.04] hit by Infectado into Torso(1) for 1.35 damage (MeleeZombieMale)
14:48:01: Player "Barba_Imersivo" (steam64id="76561197994877771" pos=<18174.7, 445.30, 19948.2>)[HP: 94.4426] hit by Infectado into LeftLeg(8) for 6.75 damage (MeleeZombieMale)
14:48:02: Player "Barba_Imersivo" (steam64id="76561197994877771" pos=<18174.7, 445.30, 19948.2>)[HP: 93.0926] hit by Infectado into Torso(1) for 1.35 damage (MeleeZombieMale)
14:48:04: Player "Barba_Imersivo" (steam64id="76561197994877771" pos=<18174.7, 445.30, 19948.2>)[HP: 97.8624] hit by Infectado into RightLeg(3) for 6.75 damage (MeleeZombieMale)
16:05:20: Player "Barba_Imersivo" (steam64id="76561197994877771" pos=<7380.91, 13.16, 1026.65>)[HP: 98.65] hit by Infectado into Torso(1) for 1.35 damage (MeleeZombieMale)
16:07:08: Player "Barba_Imersivo" (steam64id="76561197994877771" pos=<7380.25, 13.15, 1026.94>)[HP: 96.5788] hit by Player "null" (steam64id="null" pos=<7376.34, 12.05, 1014.59>) into RightArm(17) for 34.2125 damage (Bullet_380) with IJ-70 from 12.9962 meters 
16:07:39: Player "Barba_Imersivo" (steam64id="76561197994877771" pos=<7375.55, 12.05, 1016.6>)[HP: 96.9317] hit by Infectado into LeftArm(18) for 5 damage (MeleeZombie)
16:07:42: Player "Barba_Imersivo" (steam64id="76561197994877771" pos=<7381.01, 12.05, 1025.28>)[HP: 96.1112] hit by Infectado into Torso(1) for 0.9 damage (MeleeZombie)
16:07:43: Player "Barba_Imersivo" (steam64id="76561197994877771" pos=<7381, 13.13, 1025.97>)[HP: 94.9862] hit by Infectado into RightLeg(3) for 4.5 damage (MeleeZombie)
16:12:47: Player "Barba_Imersivo" (steam64id="76561197994877771" pos=<7303.61, 12.35, 842.59>)[HP: 98.3125] hit by Infectado into LeftLeg(8) for 6.75 damage (MeleeZombieFemale)
16:12:48: Player "Barba_Imersivo" (steam64id="76561197994877771" pos=<7300.73, 12.05, 841.13>)[HP: 96.9625] hit by Infectado into Torso(1) for 1.35 damage (MeleeZombieMale)
16:20:07: Player "Barba_Imersivo" (steam64id="76561197994877771" pos=<7403.65, 12.05, 660.51>)[HP: 99.5] hit by Infectado into RightArm(17) for 5 damage (MeleeZombie)
16:20:08: Player "Barba_Imersivo" (steam64id="76561197994877771" pos=<7404.7, 12.05, 660.01>)[HP: 98.4516] hit by Infectado into RightLeg(3) for 4.5 damage (MeleeZombie)
16:20:18: Player "Barba_Imersivo" (steam64id="76561197994877771" pos=<7438.71, 12.96, 611.99>)[HP: 97.7812] hit by Infectado into Torso(1) for 0.9 damage (MeleeZombie)
16:28:56: Player "Barba_Imersivo" (steam64id="76561197994877771" pos=<7443.62, 12.05, 609.9>)[HP: 98.8795] hit by Infectado into LeftArm(18) for 7.5 damage (MeleeZombieMale)
16:35:00: Player "Barba_Imersivo" (steam64id="76561197994877771" pos=<7367.05, 12.05, 726.17>)[HP: 98.3125] hit by Зомби into RightLeg(3) for 6.75 damage (MeleeZombieMale)
16:56:27: Player "Barba_Imersivo" (steam64id="76561197994877771" pos=<7320.54, 12.05, 832.47>)[HP: 98.3125] hit by Зомби into RightLeg(3) for 6.75 damage (MeleeZombieMale)
17:15:38: Player "Barba_Imersivo" (steam64id="76561197994877771" pos=<9696.43, 12.89, 2436.98>)[HP: 95.9402] hit by Player "null" (steam64id="null" pos=<9724.42, 11.68, 2446.5>) into LeftHand(46) for 36.907 damage (Bullet_9x19) with Mlock-91 from 29.5952 meters 
17:44:29: Player "Barba_Imersivo" (steam64id="76561197994877771" pos=<9726.38, 13.20, 2420.19>)[HP: 99.5] hit by Infectado into LeftArm(18) for 5 damage (MeleeZombie)
19:48:19: Player "Barba_Imersivo" (steam64id="76561197994877771" pos=<12773.3, 12.91, 4680.84>)[HP: 99] hit by Infectado into LeftArm(18) for 10 damage (MeleeZombieSoldier)
19:48:20: Player "Barba_Imersivo" (steam64id="76561197994877771" pos=<12773.4, 12.91, 4680.93>)[HP: 96.75] hit by Infectado into LeftLeg(8) for 9 damage (MeleeZombieSoldier)
21:27:36: Player "Barba_Imersivo" (steam64id="76561197994877771" pos=<186.49, 13.20, 1192.45>)[HP: 99] hit by Infectado into LeftArm(18) for 10 damage (MeleeZombieSoldier)
21:27:43: Player "Barba_Imersivo" (steam64id="76561197994877771" pos=<184.11, 13.20, 1196.44>)[HP: 96.929] hit by Infectado into LeftLeg(8) for 9 damage (MeleeZombieSoldier)
21:56:40: Player "Barba_Imersivo" (steam64id="76561197994877771" pos=<230.90, 13.46, 1301.8>)[HP: 98.125] hit by Infectado into LeftLeg(8) for 7.5 damage (MeleeZombieFemale)
