00:18:28 [Party] Player "Barba_Imersivo" (id=y5tvJ1kpP-wFiLya9EcS0I27-rJqniJ-cSI1z7Lv22I=) joinded the party "headshot" (id=0 ownerUID=y5tvJ1kpP-wFiLya9EcS0I27-rJqniJ-cSI1z7Lv22I= ownerName=Barba_Imersivo)
00:40:10 [Party] Player "Barba_Imersivo" (id=y5tvJ1kpP-wFiLya9EcS0I27-rJqniJ-cSI1z7Lv22I=) invited the player "Razyel" (id=YAZu8Dl-tpXeKGgDVu86KWopmo9tNgSisAr3KLM0y1M=)to the party named headshot
00:40:32 [Party] Player "Razyel" (id=YAZu8Dl-tpXeKGgDVu86KWopmo9tNgSisAr3KLM0y1M=) joinded the party "headshot" (id=0 ownerUID=y5tvJ1kpP-wFiLya9EcS0I27-rJqniJ-cSI1z7Lv22I= ownerName=Barba_Imersivo)
01:00:07 [Party] Player "Barba_Imersivo" (id=y5tvJ1kpP-wFiLya9EcS0I27-rJqniJ-cSI1z7Lv22I=) invited the player "yuri lixo" (id=n__ma-mRwsgmO87Xhv17GPXfTEwLyxSIyDam8lE2sKs=)to the party named headshot
01:00:12 [Party] Player "yuri lixo" (id=n__ma-mRwsgmO87Xhv17GPXfTEwLyxSIyDam8lE2sKs=) joinded the party "headshot" (id=0 ownerUID=y5tvJ1kpP-wFiLya9EcS0I27-rJqniJ-cSI1z7Lv22I= ownerName=Barba_Imersivo)
01:01:43 [AI Patrol] Spawning 2 Mercenaries bots at <6318.951172, 11.806883, 1077.084106>
01:05:26 [Party] Player "Razyel" (id=YAZu8Dl-tpXeKGgDVu86KWopmo9tNgSisAr3KLM0y1M=) joinded the party "headshot" (id=0 ownerUID=y5tvJ1kpP-wFiLya9EcS0I27-rJqniJ-cSI1z7Lv22I= ownerName=Barba_Imersivo)
01:14:10 [Party] Player "Razyel" (id=YAZu8Dl-tpXeKGgDVu86KWopmo9tNgSisAr3KLM0y1M=) left the party "headshot" (id=0 ownerUID=y5tvJ1kpP-wFiLya9EcS0I27-rJqniJ-cSI1z7Lv22I= ownerName=Barba_Imersivo)
01:14:51 [Party] Player "Razyel" (id=YAZu8Dl-tpXeKGgDVu86KWopmo9tNgSisAr3KLM0y1M=) joinded the party "headshot" (id=0 ownerUID=y5tvJ1kpP-wFiLya9EcS0I27-rJqniJ-cSI1z7Lv22I= ownerName=Barba_Imersivo)
01:21:09 [AI Patrol] Spawning 2 Mercenaries bots at <6318.951172, 11.806883, 1077.084106>
01:28:24 [AI Patrol] Spawning 2 Mercenaries bots at <15681.416016, 5.805752, 5794.468750>
01:36:04 [AI Patrol] Spawning 2 Mercenaries bots at <15681.416016, 5.805752, 5794.468750>
01:39:59 [AI Patrol] Spawning 2 Mercenaries bots at <9156.834961, 8.254039, 13073.396484>
01:47:25 [AI Patrol] Spawning 2 Mercenaries bots at <9156.834961, 8.254039, 13073.396484>
01:49:02 [AI Patrol] Spawning 2 Mercenaries bots at <13609.612305, 8.094823, 18593.841797>
01:56:07 [AI Patrol] Spawning 2 Mercenaries bots at <13609.612305, 8.094823, 18593.841797>
01:56:59 [AI Patrol] Spawning 2 Mercenaries bots at <10066.855469, 5.810000, 18115.076172>
02:01:59 [AI Patrol] Spawning 2 Mercenaries bots at <10066.855469, 5.810000, 18115.076172>
02:02:17 [AI Patrol] Spawning 2 Mercenaries bots at <8182.193848, 6.208065, 17998.474609>
02:07:57 [AI Patrol] Spawning 2 Mercenaries bots at <8182.193848, 6.208065, 17998.474609>
02:08:55 [AI Patrol] Spawning 2 Mercenaries bots at <4267.401367, 9.970000, 16732.275391>
02:08:58 [AI Patrol] Spawning 2 Mercenaries bots at <4228.632813, 9.970000, 16714.134766>
02:26:28 [Party] Player "yuri lixo" (id=n__ma-mRwsgmO87Xhv17GPXfTEwLyxSIyDam8lE2sKs=) left the party "headshot" (id=0 ownerUID=y5tvJ1kpP-wFiLya9EcS0I27-rJqniJ-cSI1z7Lv22I= ownerName=Barba_Imersivo)
02:28:09 [Party] Player "yuri lixo" (id=n__ma-mRwsgmO87Xhv17GPXfTEwLyxSIyDam8lE2sKs=) joinded the party "headshot" (id=0 ownerUID=y5tvJ1kpP-wFiLya9EcS0I27-rJqniJ-cSI1z7Lv22I= ownerName=Barba_Imersivo)
02:29:29 [Party] Player "yuri lixo" (id=n__ma-mRwsgmO87Xhv17GPXfTEwLyxSIyDam8lE2sKs=) left the party "headshot" (id=0 ownerUID=y5tvJ1kpP-wFiLya9EcS0I27-rJqniJ-cSI1z7Lv22I= ownerName=Barba_Imersivo)
02:31:38 [Party] Player "yuri lixo" (id=n__ma-mRwsgmO87Xhv17GPXfTEwLyxSIyDam8lE2sKs=) joinded the party "headshot" (id=0 ownerUID=y5tvJ1kpP-wFiLya9EcS0I27-rJqniJ-cSI1z7Lv22I= ownerName=Barba_Imersivo)
02:41:18 [AI Patrol] Spawning 2 Mercenaries bots at <4228.632813, 9.970000, 16714.134766>
02:42:35 [AI Patrol] Spawning 2 Mercenaries bots at <4267.401367, 9.970000, 16732.275391>
02:42:50 [Party] Player "yuri lixo" (id=n__ma-mRwsgmO87Xhv17GPXfTEwLyxSIyDam8lE2sKs=) left the party "headshot" (id=0 ownerUID=y5tvJ1kpP-wFiLya9EcS0I27-rJqniJ-cSI1z7Lv22I= ownerName=Barba_Imersivo)
02:43:27 [Party] Player "Razyel" (id=YAZu8Dl-tpXeKGgDVu86KWopmo9tNgSisAr3KLM0y1M=) joinded the party "headshot" (id=0 ownerUID=y5tvJ1kpP-wFiLya9EcS0I27-rJqniJ-cSI1z7Lv22I= ownerName=Barba_Imersivo)
02:44:35 [Party] Player "yuri lixo" (id=n__ma-mRwsgmO87Xhv17GPXfTEwLyxSIyDam8lE2sKs=) joinded the party "headshot" (id=0 ownerUID=y5tvJ1kpP-wFiLya9EcS0I27-rJqniJ-cSI1z7Lv22I= ownerName=Barba_Imersivo)
02:44:42 [Party] Player "Razyel" (id=YAZu8Dl-tpXeKGgDVu86KWopmo9tNgSisAr3KLM0y1M=) left the party "headshot" (id=0 ownerUID=y5tvJ1kpP-wFiLya9EcS0I27-rJqniJ-cSI1z7Lv22I= ownerName=Barba_Imersivo)
02:49:58 [Party] Player "Razyel" (id=YAZu8Dl-tpXeKGgDVu86KWopmo9tNgSisAr3KLM0y1M=) joinded the party "headshot" (id=0 ownerUID=y5tvJ1kpP-wFiLya9EcS0I27-rJqniJ-cSI1z7Lv22I= ownerName=Barba_Imersivo)
02:53:24 [AI Patrol] Spawning 2 Mercenaries bots at <2894.086914, 8.330000, 17900.041016>
02:56:28 [AI Patrol] Spawning 2 Mercenaries bots at <4228.632813, 9.970000, 16714.134766>
02:56:40 [AI Patrol] Spawning 2 Mercenaries bots at <4267.401367, 9.970000, 16732.275391>
03:05:24 [Party] Player "yuri lixo" (id=n__ma-mRwsgmO87Xhv17GPXfTEwLyxSIyDam8lE2sKs=) left the party "headshot" (id=0 ownerUID=y5tvJ1kpP-wFiLya9EcS0I27-rJqniJ-cSI1z7Lv22I= ownerName=Barba_Imersivo)
03:07:40 [Party] Player "yuri lixo" (id=n__ma-mRwsgmO87Xhv17GPXfTEwLyxSIyDam8lE2sKs=) joinded the party "headshot" (id=0 ownerUID=y5tvJ1kpP-wFiLya9EcS0I27-rJqniJ-cSI1z7Lv22I= ownerName=Barba_Imersivo)
03:15:04 [Party] Player "yuri lixo" (id=n__ma-mRwsgmO87Xhv17GPXfTEwLyxSIyDam8lE2sKs=) left the party "headshot" (id=0 ownerUID=y5tvJ1kpP-wFiLya9EcS0I27-rJqniJ-cSI1z7Lv22I= ownerName=Barba_Imersivo)
03:16:38 [Party] Player "yuri lixo" (id=n__ma-mRwsgmO87Xhv17GPXfTEwLyxSIyDam8lE2sKs=) joinded the party "headshot" (id=0 ownerUID=y5tvJ1kpP-wFiLya9EcS0I27-rJqniJ-cSI1z7Lv22I= ownerName=Barba_Imersivo)
03:34:21 [Party] Player "Razyel" (id=YAZu8Dl-tpXeKGgDVu86KWopmo9tNgSisAr3KLM0y1M=) left the party "headshot" (id=0 ownerUID=y5tvJ1kpP-wFiLya9EcS0I27-rJqniJ-cSI1z7Lv22I= ownerName=Barba_Imersivo)
03:36:26 [Party] Player "yuri lixo" (id=n__ma-mRwsgmO87Xhv17GPXfTEwLyxSIyDam8lE2sKs=) left the party "headshot" (id=0 ownerUID=y5tvJ1kpP-wFiLya9EcS0I27-rJqniJ-cSI1z7Lv22I= ownerName=Barba_Imersivo)
03:37:32 [Party] Player "Barba_Imersivo" (id=y5tvJ1kpP-wFiLya9EcS0I27-rJqniJ-cSI1z7Lv22I=) left the party "headshot" (id=0 ownerUID=y5tvJ1kpP-wFiLya9EcS0I27-rJqniJ-cSI1z7Lv22I= ownerName=Barba_Imersivo)
