15:22:23 [Party] Player "Barba_Imersivo" (id=y5tvJ1kpP-wFiLya9EcS0I27-rJqniJ-cSI1z7Lv22I=) joinded the party "headshot" (id=0 ownerUID=y5tvJ1kpP-wFiLya9EcS0I27-rJqniJ-cSI1z7Lv22I= ownerName=Barba_Imersivo)
15:54:15 [AI Patrol] Spawning 1 East bots at <5689.923340, 8.764094, 15619.791016>
15:54:16 [AI Patrol] Spawning 2 East bots at <5805.379395, 9.514775, 15718.906250>
15:54:18 [AI Patrol] Spawning 1 East bots at <7021.334961, 10.897240, 15653.152344>
15:54:23 [AI Patrol] Spawning 1 Mercenaries bots at <7659.818848, 9.640000, 14787.038086>
15:54:26 [AI Patrol] Spawning 1 East bots at <7658.022949, 9.640000, 14955.304688>
15:54:26 [AI Patrol] Spawning 1 East bots at <7707.667480, 9.640000, 14899.134766>
15:54:27 [AI Patrol] Spawning 2 East bots at <7462.528809, 8.814892, 14133.779297>
16:03:00 [AI Patrol] Spawning 4 West bots at <8403.850586, 9.110000, 13420.478516>
16:03:13 [AI Patrol] Spawning 2 West bots at <7476.841797, 8.232713, 12378.398438>
16:03:14 [AI Patrol] Spawning 2 East bots at <7597.498535, 9.640000, 14217.745117>
16:03:28 [AI Patrol] Spawning 2 Mercenaries bots at <8546.447266, 8.640413, 11864.220703>
16:03:30 [AI Patrol] Spawning 1 East bots at <8524.371094, 7.350000, 11739.398438>
16:03:37 [AI Patrol] Spawning 2 East bots at <8662.389648, 9.863894, 11798.981445>
16:03:55 [AI Patrol] Spawning 2 East bots at <8516.296875, 7.350000, 11735.755859>
16:04:54 [AI Patrol] Spawning 1 East bots at <7360.068359, 13.145331, 6833.037109>
16:04:54 [AI Patrol] Spawning 1 East bots at <7252.978516, 12.690000, 6928.473633>
16:04:54 [AI Patrol] Spawning 2 East bots at <7398.061523, 13.450000, 6751.326660>
16:04:58 [AI Patrol] Spawning 2 East bots at <7247.900391, 13.450000, 6823.935059>
16:05:44 [AI Patrol] Spawning 1 West bots at <4724.922852, 15.745404, 6129.054199>
16:05:54 [AI Patrol] Spawning 4 West bots at <4191.249512, 15.629961, 5585.517090>
16:05:54 [AI Patrol] Spawning 2 West bots at <4289.159180, 14.730000, 5954.575684>
16:23:01 [AI Patrol] Spawning 1 East bots at <9806.645508, 11.920000, 2612.840576>
16:25:58 [AI Patrol] Spawning 1 East bots at <11801.878906, 13.200000, 5091.880859>
16:26:10 [AI Patrol] Spawning 1 East bots at <11986.320313, 12.911081, 6346.427246>
16:26:13 [AI Patrol] Spawning 2 East bots at <12248.063477, 12.950000, 5458.398926>
16:26:15 [AI Patrol] Spawning 1 East bots at <12023.288086, 12.710536, 6417.450684>
16:26:31 [AI Patrol] Spawning 2 East bots at <12183.986328, 7.669643, 7242.985840>
16:28:00 [AI Patrol] Spawning 1 West bots at <15598.129883, 24.795036, 11362.064453>
16:28:08 [AI Patrol] Spawning 2 Mercenaries bots at <16087.532227, 25.770023, 11447.677734>
16:30:33 [AI Patrol] Spawning 1 East bots at <13566.616211, 7.573555, 18541.769531>
16:30:34 [AI Patrol] Spawning 2 East bots at <13607.449219, 7.800000, 18675.003906>
16:30:34 [AI Patrol] Spawning 2 East bots at <13513.148438, 7.090000, 18525.505859>
16:30:39 [AI Patrol] Spawning 1 West bots at <14753.006836, 5.820000, 18451.791016>
16:32:09 [AI Patrol] Spawning 2 East bots at <13513.148438, 7.090000, 18525.505859>
17:40:55 [Party] Player "Barba_Imersivo" (id=y5tvJ1kpP-wFiLya9EcS0I27-rJqniJ-cSI1z7Lv22I=) left the party "headshot" (id=0 ownerUID=y5tvJ1kpP-wFiLya9EcS0I27-rJqniJ-cSI1z7Lv22I= ownerName=Barba_Imersivo)
17:41:45 [Party] Player "Barba_Imersivo" (id=y5tvJ1kpP-wFiLya9EcS0I27-rJqniJ-cSI1z7Lv22I=) joinded the party "headshot" (id=0 ownerUID=y5tvJ1kpP-wFiLya9EcS0I27-rJqniJ-cSI1z7Lv22I= ownerName=Barba_Imersivo)
18:04:52 [Party] Player "Barba_Imersivo" (id=y5tvJ1kpP-wFiLya9EcS0I27-rJqniJ-cSI1z7Lv22I=) left the party "headshot" (id=0 ownerUID=y5tvJ1kpP-wFiLya9EcS0I27-rJqniJ-cSI1z7Lv22I= ownerName=Barba_Imersivo)
