16:13:03 [VehicleDestroyed] CivilianSedan (id=F3B12560B448140DE9B16BB790B81F85 pos=<-29.256252, -52.071560, 37.476124>)
16:13:03 [VehicleDestroyed] CivilianSedan (id=6634B94F5E4C105D756C96BA32C4CDA0 pos=<-29.247231, -52.084766, 37.483566>)
16:13:03 [VehicleDestroyed] CivilianSedan (id=EAB74CA5A2429A33A55675BD6FB709F5 pos=<-29.258434, -52.088680, 37.464825>)
16:13:03 [VehicleDestroyed] CivilianSedan (id=CA92895B2E4E784C07ACFD9107FE6ED4 pos=<-29.263256, -52.090454, 37.482513>)
16:13:03 [VehicleDestroyed] CivilianSedan_Wine (id=8EA593F6974BC0EC08CB60A2D9E2BFC0 pos=<-29.252314, -52.088081, 37.481899>)
16:13:03 [VehicleDestroyed] CivilianSedan (id=1E446D5BB34D7373F716459733885D5E pos=<-29.253700, -52.069046, 37.465248>)
16:13:03 [VehicleDestroyed] CivilianSedan_Black (id=538EFA01FA44D20598889695E73291A8 pos=<-29.262081, -52.065643, 37.450962>)
16:13:03 [VehicleDestroyed] Hatchback_02_Black (id=5D565E2BD04DC620719AF6B82D09DAA8 pos=<-29.239100, -52.129505, 37.463333>)
16:13:03 [VehicleDestroyed] Hatchback_02_Black (id=E0975B6C25495441169DFEB823D13F9D pos=<-29.235315, -52.134342, 37.469002>)
16:13:03 [VehicleDestroyed] Hatchback_02_Blue (id=D6F8F9CD854F40ACC1CF58932BACC7B6 pos=<-29.227842, -52.129395, 37.456417>)
16:13:03 [VehicleDestroyed] Hatchback_02_Blue (id=34AA1D143E4C1E0A60458487BAA902B1 pos=<-29.234764, -52.141159, 37.464203>)
16:13:03 [VehicleDestroyed] Hatchback_02_Black (id=1C224D297D450D6F2BF9F7A9E447750F pos=<-29.214308, -52.125286, 37.476704>)
16:13:03 [VehicleDestroyed] Hatchback_02_Black (id=28669BE31D4A8A2A9BBBDC9B35A50753 pos=<-29.223120, -52.130135, 37.465561>)
16:13:03 [VehicleDestroyed] Hatchback_02 (id=06112F63B341C266D00BB3B4A4935959 pos=<-29.232538, -52.136486, 37.466915>)
16:13:03 [VehicleDestroyed] Hatchback_02_Black (id=D712595F2442A4624761DA9572F73379 pos=<-29.217564, -52.138752, 37.460667>)
16:13:03 [VehicleDestroyed] Offroad_02 (id=07E419EAD041444B69C7A6ABF8E39733 pos=<-29.241800, -52.079803, 37.485661>)
16:13:03 [VehicleDestroyed] Offroad_02 (id=E748B6FF8F43492F086120AA660CA956 pos=<-29.251310, -52.078991, 37.501667>)
16:13:03 [VehicleDestroyed] Offroad_02 (id=D1328381C84B20D0F6B31993EC2CB9AD pos=<-29.246590, -52.079777, 37.496658>)
16:13:03 [VehicleDestroyed] OffroadHatchback (id=0BA0980C264F016ADD76B0874D59FE15 pos=<-29.233805, -52.088631, 37.483227>)
16:13:03 [VehicleDestroyed] OffroadHatchback (id=0C283A8AC240F591F5B89B9A19CC44F7 pos=<-29.218658, -52.097637, 37.484859>)
16:13:03 [VehicleDestroyed] OffroadHatchback_White (id=B95AD33B2A40C253B2E6ECBEC17440A1 pos=<-29.246069, -52.112087, 37.477051>)
16:13:03 [VehicleDestroyed] OffroadHatchback_Blue (id=33BD75B0414C5B10B71549975FF80AF8 pos=<-29.235338, -52.118027, 37.468582>)
16:13:03 [VehicleDestroyed] OffroadHatchback_Blue (id=B30F567BDD47B8851DA034A8214711EF pos=<-29.207691, -52.122242, 37.476521>)
16:13:03 [VehicleDestroyed] OffroadHatchback_Blue (id=8DFA82DCE246C809456809A6BEEC7B8E pos=<-29.226336, -52.091953, 37.501816>)
16:13:03 [VehicleDestroyed] OffroadHatchback_Blue (id=0B41E9C98747C67F12D8678B96EB4F15 pos=<-29.248119, -52.119209, 37.465961>)
16:13:03 [VehicleDestroyed] Sedan_02_Red (id=77DE3677554CD253FC526C8A260DDCEE pos=<-29.220379, -52.110161, 37.461697>)
16:13:03 [VehicleDestroyed] Sedan_02_Grey (id=1C34BAC78944025B877192BE105B80DD pos=<-29.251509, -52.073765, 37.501587>)
16:13:03 [VehicleDestroyed] Sedan_02_Grey (id=C9386A76F44469456F5458AA42275692 pos=<-29.258242, -52.083588, 37.531342>)
16:13:03 [VehicleDestroyed] Sedan_02_Grey (id=E8B6DAB2E44D591C393C72AB28127419 pos=<-29.233007, -52.072937, 37.484947>)
16:13:03 [VehicleDestroyed] Sedan_02_Red (id=D0E4839CB14F91C34B4C56ABA8A2F1FC pos=<-29.235800, -52.072838, 37.486008>)
16:13:03 [VehicleDestroyed] Sedan_02_Grey (id=723DF259C24177A94561E88F1A65EC0F pos=<-29.426634, -52.360165, 37.380978>)
16:13:03 [VehicleDestroyed] Sedan_02_Red (id=FC025536664C5B4D4F9880838C7DC028 pos=<-29.451927, -52.337048, 37.310295>)
16:13:03 [VehicleDestroyed] Sedan_02 (id=25BAF86DE04E47C64CCF1E8920B8FEA0 pos=<-29.639992, -52.326729, 37.366096>)
16:13:03 [VehicleDestroyed] CivilianSedan_Wine (id=9F46AA7DDF484A2DC5764EB26E8E751F pos=<-29.774258, -52.322269, 37.011890>)
16:13:03 [VehicleDestroyed] OffroadHatchback (id=AC8987D1E64A924D2FF2368492BADACF pos=<-29.744711, -51.913208, 37.965378>)
16:13:26 [VehicleDestroyed] Truck_01_Covered_Blue (id=4CEB1F40D1477A1D0B17E2B3A5185F53 pos=<-39.810181, -48.444725, 48.599785>)
16:13:26 [VehicleDestroyed] Truck_01_Covered (id=FDC7CD7B1F4783CA8C740BAB199215D9 pos=<-39.727348, -48.459957, 48.627522>)
16:13:26 [VehicleDestroyed] Truck_01_Covered (id=C054DFBEF34D3CA183F60E97E6FF0951 pos=<-39.756596, -48.680138, 48.582584>)
16:13:26 [VehicleDestroyed] Truck_01_Covered_Orange (id=66D7A2F2EF4F1ACC683D5FBF91E34704 pos=<-40.000626, -48.941433, 48.519577>)
16:13:26 [VehicleDestroyed] Truck_01_Covered (id=3D151EDDA1411548B42BDFBDFEB48C35 pos=<-40.136604, -48.986801, 48.506695>)
16:13:26 [VehicleDestroyed] Truck_01_Covered (id=55CB4D5F1D458B73B684129787BFC640 pos=<-40.062935, -49.084263, 48.543392>)
16:13:26 [VehicleDestroyed] Truck_01_Covered (id=C8CDA8A12149F5AA2AF18C90C795D073 pos=<-39.748085, -48.532005, 48.630322>)
16:13:26 [VehicleDestroyed] Truck_01_Covered_Blue (id=19F8B9D5D045E033561E9F8A328176D5 pos=<-40.157166, -49.368896, 48.471375>)
