20:55:00 [AI Patrol] Spawning 1 Mercenaries bots at <15269.127930, 14.948299, 1764.558838>
20:55:05 [AI Patrol] Spawning 2 Mercenaries bots at <15265.131836, 14.415346, 1812.232666>
20:56:36 [AI Patrol] Spawning 1 Mercenaries bots at <12913.193359, 14.470000, 3752.249512>
20:56:36 [AI Patrol] Spawning 2 Mercenaries bots at <12848.228516, 13.831033, 3721.393555>
21:02:19 [AI Patrol] Spawning 2 Mercenaries bots at <14146.714844, 10.381688, 2600.377686>
21:02:40 [AI Patrol] Spawning 1 Mercenaries bots at <14334.928711, 9.891133, 2715.919678>
21:02:40 [AI Patrol] Spawning 1 Mercenaries bots at <14341.515625, 9.890000, 2716.172852>
21:08:36 [VehicleEnter] Player Barba_Imersivo [uid=y5tvJ1kpP-wFiLya9EcS0I27-rJqniJ-cSI1z7Lv22I=] entered vehicle Land Rover Defender (id=42004F93B84998CA7F0834960E5AF02A pos=<15825.125977, 25.917082, 11602.557617>) as driver
21:08:39 [VehicleEngine] Player Barba_Imersivo [uid=y5tvJ1kpP-wFiLya9EcS0I27-rJqniJ-cSI1z7Lv22I=] started vehicle Land Rover Defender (id=42004F93B84998CA7F0834960E5AF02A pos=<15825.125977, 25.917080, 11602.557617>)
21:09:08 [AI Patrol] Spawning 4 Mercenaries bots at <15990.694336, 27.991413, 11333.115234>
21:09:17 [VehicleLeave] Player Barba_Imersivo [uid=y5tvJ1kpP-wFiLya9EcS0I27-rJqniJ-cSI1z7Lv22I=] left vehicle Land Rover Defender (id=42004F93B84998CA7F0834960E5AF02A pos=<16412.324219, 25.856258, 11647.397461>)
21:10:13 [VehicleEnter] Player Barba_Imersivo [uid=y5tvJ1kpP-wFiLya9EcS0I27-rJqniJ-cSI1z7Lv22I=] entered vehicle Land Rover Defender (id=42004F93B84998CA7F0834960E5AF02A pos=<16412.324219, 25.856262, 11647.397461>) as driver
21:10:15 [VehicleEngine] Player Barba_Imersivo [uid=y5tvJ1kpP-wFiLya9EcS0I27-rJqniJ-cSI1z7Lv22I=] started vehicle Land Rover Defender (id=42004F93B84998CA7F0834960E5AF02A pos=<16412.324219, 25.856260, 11647.397461>)
21:10:44 [VehicleLeave] Player Barba_Imersivo [uid=y5tvJ1kpP-wFiLya9EcS0I27-rJqniJ-cSI1z7Lv22I=] left vehicle Land Rover Defender (id=42004F93B84998CA7F0834960E5AF02A pos=<16276.956055, 25.917082, 11706.184570>)
21:35:05 [AI Patrol] Spawning 1 Mercenaries bots at <15269.127930, 14.948299, 1764.558838>
21:35:05 [AI Patrol] Spawning 2 Mercenaries bots at <15265.131836, 14.415346, 1812.232666>
21:38:32 [VehicleDeleted] Expansion_Landrover_Red (id=42004F93B84998CA7F0834960E5AF02A pos=<16276.956055, 25.917082, 11706.184570>)
21:41:00 [AI Patrol] Spawning 1 Mercenaries bots at <15269.127930, 14.948299, 1764.558838>
21:41:00 [AI Patrol] Spawning 2 Mercenaries bots at <15265.131836, 14.415346, 1812.232666>
21:44:45 [AI Patrol] Spawning 1 Mercenaries bots at <15269.127930, 14.948299, 1764.558838>
21:44:45 [AI Patrol] Spawning 2 Mercenaries bots at <15265.131836, 14.415346, 1812.232666>
