00:16:26 [AI Patrol] Spawning 1 Mercenaries bots at <15267.991211, 14.418850, 1812.057495>
00:16:27 [AI Patrol] Spawning 1 Mercenaries bots at <15260.396484, 14.744566, 1776.811401>
00:18:25 [VehicleEnter] Player Barba_Imersivo [uid=y5tvJ1kpP-wFiLya9EcS0I27-rJqniJ-cSI1z7Lv22I=] entered vehicle UH1D airforce (id=0CADE6AF2B4ED9899AB63395467B4E51 pos=<14746.948242, 10.387286, 1212.264038>) as driver
00:18:29 [VehicleEngine] Player Barba_Imersivo [uid=y5tvJ1kpP-wFiLya9EcS0I27-rJqniJ-cSI1z7Lv22I=] started vehicle UH1D airforce (id=0CADE6AF2B4ED9899AB63395467B4E51 pos=<14746.948242, 10.389540, 1212.263916>)
00:18:36 [VehicleEngine] Player Barba_Imersivo [uid=y5tvJ1kpP-wFiLya9EcS0I27-rJqniJ-cSI1z7Lv22I=] started vehicle UH1D airforce (id=0CADE6AF2B4ED9899AB63395467B4E51 pos=<14746.948242, 10.389538, 1212.263916>)
00:18:48 [VehicleLeave] Player Barba_Imersivo [uid=y5tvJ1kpP-wFiLya9EcS0I27-rJqniJ-cSI1z7Lv22I=] left vehicle UH1D airforce (id=0CADE6AF2B4ED9899AB63395467B4E51 pos=<14746.948242, 10.389539, 1212.263916>)
00:19:12 [VehicleDeleted] HeliSIB_UH1D_airforce (id=0CADE6AF2B4ED9899AB63395467B4E51 pos=<14746.948242, 10.389521, 1212.263672>)
00:19:27 [VehicleEnter] Player Barba_Imersivo [uid=y5tvJ1kpP-wFiLya9EcS0I27-rJqniJ-cSI1z7Lv22I=] entered vehicle UH1D (id=1A6B8B32FE4FDFE812050384B6852226 pos=<14757.473633, 9.901821, 1206.034546>) as driver
00:19:47 [VehicleEngine] Player Barba_Imersivo [uid=y5tvJ1kpP-wFiLya9EcS0I27-rJqniJ-cSI1z7Lv22I=] started vehicle UH1D (id=1A6B8B32FE4FDFE812050384B6852226 pos=<14757.473633, 9.902934, 1206.034180>)
00:19:53 [VehicleEngine] Player Barba_Imersivo [uid=y5tvJ1kpP-wFiLya9EcS0I27-rJqniJ-cSI1z7Lv22I=] started vehicle UH1D (id=1A6B8B32FE4FDFE812050384B6852226 pos=<14757.473633, 9.902933, 1206.034180>)
00:20:00 [VehicleEngine] Player Barba_Imersivo [uid=y5tvJ1kpP-wFiLya9EcS0I27-rJqniJ-cSI1z7Lv22I=] started vehicle UH1D (id=1A6B8B32FE4FDFE812050384B6852226 pos=<14757.473633, 9.902933, 1206.034180>)
00:20:13 [VehicleLeave] Player Barba_Imersivo [uid=y5tvJ1kpP-wFiLya9EcS0I27-rJqniJ-cSI1z7Lv22I=] left vehicle UH1D (id=1A6B8B32FE4FDFE812050384B6852226 pos=<14757.473633, 9.902934, 1206.034180>)
00:20:16 [VehicleDeleted] HeliSIB_UH1D (id=1A6B8B32FE4FDFE812050384B6852226 pos=<14757.473633, 9.902934, 1206.034180>)
00:22:09 [VehicleDeleted] Offroad_02 (id=E7F2EB121C40BE30AFF234AA156FB52A pos=<1837.289185, 5.202901, 17521.718750>)
00:22:32 [VehicleEnter] Player Barba_Imersivo [uid=y5tvJ1kpP-wFiLya9EcS0I27-rJqniJ-cSI1z7Lv22I=] entered vehicle black hawk (id=1124D1CD19496553B28F1888BEEA9F8F pos=<14761.941406, 10.027344, 1207.209351>) as driver
00:22:39 [VehicleEngine] Player Barba_Imersivo [uid=y5tvJ1kpP-wFiLya9EcS0I27-rJqniJ-cSI1z7Lv22I=] started vehicle black hawk (id=1124D1CD19496553B28F1888BEEA9F8F pos=<14761.941406, 10.027336, 1207.209229>)
00:22:43 [VehicleEngine] Player Barba_Imersivo [uid=y5tvJ1kpP-wFiLya9EcS0I27-rJqniJ-cSI1z7Lv22I=] started vehicle black hawk (id=1124D1CD19496553B28F1888BEEA9F8F pos=<14761.941406, 10.027336, 1207.209229>)
00:22:59 [VehicleLeave] Player Barba_Imersivo [uid=y5tvJ1kpP-wFiLya9EcS0I27-rJqniJ-cSI1z7Lv22I=] left vehicle black hawk (id=1124D1CD19496553B28F1888BEEA9F8F pos=<14761.941406, 10.027335, 1207.209229>)
00:23:04 [VehicleDeleted] Heliblack_hawk_SIB (id=1124D1CD19496553B28F1888BEEA9F8F pos=<14761.941406, 10.027336, 1207.209229>)
00:27:33 [Party] Player "Barba_Imersivo" (id=y5tvJ1kpP-wFiLya9EcS0I27-rJqniJ-cSI1z7Lv22I=) joinded the party "headshot" (id=0 ownerUID= ownerName=)
00:27:33 [Party] Player "Barba_Imersivo" (id=y5tvJ1kpP-wFiLya9EcS0I27-rJqniJ-cSI1z7Lv22I=) created a party named headshot
00:28:55 [Party] Player "Barba_Imersivo" (id=y5tvJ1kpP-wFiLya9EcS0I27-rJqniJ-cSI1z7Lv22I=) joinded the party "headshot" (id=0 ownerUID=y5tvJ1kpP-wFiLya9EcS0I27-rJqniJ-cSI1z7Lv22I= ownerName=Barba_Imersivo)
00:28:56 [AI Patrol] Spawning 1 Mercenaries bots at <15267.991211, 14.418850, 1812.057495>
00:28:57 [AI Patrol] Spawning 1 Mercenaries bots at <15260.396484, 14.744566, 1776.811401>
00:30:00 [Party] Player "Barba_Imersivo" (id=y5tvJ1kpP-wFiLya9EcS0I27-rJqniJ-cSI1z7Lv22I=) left the party "headshot" (id=0 ownerUID=y5tvJ1kpP-wFiLya9EcS0I27-rJqniJ-cSI1z7Lv22I= ownerName=Barba_Imersivo)
