03:20:57 [Party] Player "Barba_Imersivo" (id=y5tvJ1kpP-wFiLya9EcS0I27-rJqniJ-cSI1z7Lv22I=) joinded the party "headshot" (id=0 ownerUID=y5tvJ1kpP-wFiLya9EcS0I27-rJqniJ-cSI1z7Lv22I= ownerName=Barba_Imersivo)
03:23:36 [AI Patrol] Spawning 4 Mercenaries bots at <16007.025391, 25.945591, 11437.220703>
03:24:04 [AI Patrol] Spawning 2 East bots at <13475.769531, 5.568284, 11703.938477>
03:24:04 [AI Patrol] Spawning 2 West bots at <13454.936523, 6.050146, 11754.028320>
03:24:05 [AI Patrol] Spawning 2 East bots at <13520.642578, 6.142969, 11678.740234>
03:30:35 [AI Patrol] Spawning 2 East bots at <13520.642578, 6.142969, 11678.740234>
03:30:39 [AI Patrol] Spawning 2 East bots at <13475.769531, 5.568284, 11703.938477>
03:32:45 [AI Patrol] Spawning 2 Mercenaries bots at <8545.194336, 7.870190, 11778.897461>
03:32:48 [AI Patrol] Spawning 4 West bots at <8448.890625, 9.110000, 13451.760742>
03:33:30 [AI Patrol] Spawning 1 West bots at <8519.824219, 7.359119, 11648.772461>
03:34:46 [AI Patrol] Spawning 3 West bots at <7450.966797, 8.870000, 12200.258789>
03:35:37 [AI Patrol] Spawning 1 East bots at <5557.102539, 8.760000, 15625.081055>
03:35:37 [AI Patrol] Spawning 2 East bots at <5529.465332, 8.956410, 15654.401367>
03:36:20 [AI Patrol] Spawning 2 East bots at <5431.161621, 9.540000, 16458.562500>
03:36:20 [AI Patrol] Spawning 1 East bots at <5421.263184, 8.497509, 16627.630859>
03:36:25 [AI Patrol] Spawning 1 West bots at <4614.688965, 9.202734, 16159.813477>
03:36:31 [AI Patrol] Spawning 1 West bots at <4341.291504, 9.380000, 16650.566406>
03:36:36 [AI Patrol] Spawning 1 East bots at <4329.155762, 9.443441, 16642.101563>
03:37:36 [AI Patrol] Spawning 2 East bots at <5646.382813, 8.870000, 15717.927734>
03:37:37 [AI Patrol] Spawning 2 East bots at <5492.648926, 8.601192, 15752.250000>
03:38:15 [AI Patrol] Spawning 2 East bots at <7761.946289, 9.640000, 14923.307617>
03:38:20 [AI Patrol] Spawning 2 West bots at <7813.358887, 9.640000, 14822.344727>
03:38:56 [AI Patrol] Spawning 2 Mercenaries bots at <7633.144531, 9.640000, 14613.940430>
03:39:13 [AI Patrol] Spawning 4 West bots at <8448.890625, 9.110000, 13451.760742>
03:39:50 [AI Patrol] Spawning 1 West bots at <8519.824219, 7.359119, 11648.772461>
03:40:01 [AI Patrol] Spawning 3 West bots at <7450.966797, 8.870000, 12200.258789>
03:41:41 [AI Patrol] Spawning 1 West bots at <4942.643555, 16.400343, 6090.520508>
03:41:44 [AI Patrol] Spawning 2 West bots at <4727.747070, 15.430000, 6085.015137>
03:44:21 [AI Patrol] Spawning 1 West bots at <11726.496094, 11.734511, 4246.082031>
03:48:31 [AI Patrol] Spawning 1 West bots at <11726.496094, 11.734511, 4246.082031>
03:48:59 [AI Patrol] Spawning 2 West bots at <14266.860352, 10.140000, 2829.519531>
03:49:36 [AI Patrol] Spawning 1 Mercenaries bots at <14103.251953, 12.177973, 1883.006714>
03:50:14 [AI Patrol] Spawning 2 West bots at <14266.860352, 10.140000, 2829.519531>
03:54:52 [Party] Player "Barba_Imersivo" (id=y5tvJ1kpP-wFiLya9EcS0I27-rJqniJ-cSI1z7Lv22I=) left the party "headshot" (id=0 ownerUID=y5tvJ1kpP-wFiLya9EcS0I27-rJqniJ-cSI1z7Lv22I= ownerName=Barba_Imersivo)
