23:04:37 [Party] Player "Barba_Imersivo" (id=y5tvJ1kpP-wFiLya9EcS0I27-rJqniJ-cSI1z7Lv22I=) joinded the party "headshot" (id=0 ownerUID=y5tvJ1kpP-wFiLya9EcS0I27-rJqniJ-cSI1z7Lv22I= ownerName=Barba_Imersivo)
23:04:41 [AI Patrol] Spawning 3 Shamans bots at <14103.799805, 11.695251, 2003.587158>
23:04:41 [AI Patrol] Spawning 1 East bots at <14359.508789, 9.976818, 2716.787109>
23:04:42 [AI Patrol] Spawning 2 East bots at <14378.087891, 10.140000, 2687.232178>
23:04:42 [AI Patrol] Spawning 2 East bots at <15272.491211, 14.684505, 1787.044312>
23:04:42 [AI Patrol] Spawning 1 East bots at <15245.615234, 13.943702, 1843.382446>
23:07:27 [AI Patrol] Spawning 1 East bots at <13971.050781, 12.297741, 2020.547607>
23:07:30 [AI Patrol] Spawning 2 East bots at <14817.364258, 7.590000, 3045.591309>
23:10:54 [AI Patrol] Spawning 2 East bots at <14117.281250, 10.353016, 2614.422607>
23:12:41 [AI Patrol] Spawning 1 East bots at <14359.508789, 9.976818, 2716.787109>
23:22:40 [AI Patrol] Spawning 2 East bots at <14817.364258, 7.590000, 3045.591309>
23:24:43 [AI Patrol] Spawning 1 East bots at <12103.819336, 11.410000, 3848.055420>
23:32:43 [AI Patrol] Spawning 1 East bots at <9724.357422, 13.535706, 8530.211914>
23:34:10 [AI Patrol] Spawning 2 Shamans bots at <8508.081055, 8.002432, 11818.725586>
23:36:16 [AI Patrol] Spawning 1 East bots at <8553.271484, 7.975320, 11040.930664>
23:38:53 [AI Patrol] Spawning 2 East bots at <8529.509766, 7.350000, 11658.327148>
23:39:26 [AI Patrol] Spawning 3 West bots at <7216.333496, 8.870000, 11026.633789>
23:40:03 [AI Patrol] Spawning 2 East bots at <7292.919922, 11.150000, 12056.908203>
23:54:10 [AI Patrol] Spawning 1 West bots at <7453.561035, 8.360000, 12248.913086>
00:01:30 [AI Patrol] Spawning 1 East bots at <6310.693848, 9.639997, 14677.929688>
00:12:10 [Party] Player "Barba_Imersivo" (id=y5tvJ1kpP-wFiLya9EcS0I27-rJqniJ-cSI1z7Lv22I=) joinded the party "headshot" (id=0 ownerUID=y5tvJ1kpP-wFiLya9EcS0I27-rJqniJ-cSI1z7Lv22I= ownerName=Barba_Imersivo)
00:19:02 [Party] Player "Barba_Imersivo" (id=y5tvJ1kpP-wFiLya9EcS0I27-rJqniJ-cSI1z7Lv22I=) left the party "headshot" (id=0 ownerUID=y5tvJ1kpP-wFiLya9EcS0I27-rJqniJ-cSI1z7Lv22I= ownerName=Barba_Imersivo)
