16:14:30 [VehicleDestroyed] CivilianSedan (id=5524A4FC4A469749E838129F1855E266 pos=<-45.635830, -41.585842, 52.582924>)
16:14:30 [VehicleDestroyed] CivilianSedan (id=AF98FE97454EA77BCDF4D2B770920E66 pos=<-45.613392, -41.604744, 52.594463>)
16:14:30 [VehicleDestroyed] CivilianSedan (id=32C857110D4E378584CC4382C89B9402 pos=<-45.634239, -41.607040, 52.577515>)
16:14:30 [VehicleDestroyed] CivilianSedan (id=210A83C99D4B2799C2156C935610B945 pos=<-45.651730, -41.589874, 52.595367>)
16:14:30 [VehicleDestroyed] CivilianSedan_Wine (id=68E7127FB04B03543C0A5EA463A9E45F pos=<-45.627476, -41.608269, 52.590385>)
16:14:30 [VehicleDestroyed] CivilianSedan (id=F6015F461840B9BD1BE0E48F649F25DC pos=<-45.628845, -41.582577, 52.573936>)
16:14:30 [VehicleDestroyed] CivilianSedan_Black (id=49EAE5F9AC4E8F7827418A9161420B40 pos=<-45.635113, -41.584316, 52.563759>)
16:14:30 [VehicleDestroyed] Hatchback_02_Black (id=12CE20043C4481741C9615ADDFB9C2AF pos=<-45.627865, -41.633175, 52.567749>)
16:14:30 [VehicleDestroyed] Hatchback_02_Black (id=39B12B0F09457330660E9FB894C31677 pos=<-45.626854, -41.637566, 52.575699>)
16:14:30 [VehicleDestroyed] Hatchback_02_Blue (id=C0001BF85B463FD0018BE2A36E8302F9 pos=<-45.622967, -41.633991, 52.557621>)
16:14:30 [VehicleDestroyed] Hatchback_02_Blue (id=3957A4C17E4F87B825717FA2D6B1EB8A pos=<-45.621635, -41.646961, 52.565861>)
16:14:30 [VehicleDestroyed] Hatchback_02_Black (id=AD6961EEE74DAED7609D56AA53758BF7 pos=<-45.600624, -41.634602, 52.578556>)
16:14:30 [VehicleDestroyed] Hatchback_02_Black (id=34CD46A9614DB179712B129431098973 pos=<-45.614971, -41.641544, 52.558300>)
16:14:30 [VehicleDestroyed] Hatchback_02 (id=D28CC0989E42F9AEE06B4384C5F524EF pos=<-45.613361, -41.645477, 52.562344>)
16:14:30 [VehicleDestroyed] Hatchback_02_Black (id=87D1843BE646D03347DE9F9DBCE9A0FC pos=<-45.604206, -41.649914, 52.562153>)
16:14:30 [VehicleDestroyed] Offroad_02 (id=2BC788F9314C8147BBDBFAA91FA9726D pos=<-45.613281, -41.584568, 52.592041>)
16:14:30 [VehicleDestroyed] Offroad_02 (id=CF4D52A3C0418358CF1B13A9A03A9BA6 pos=<-45.621517, -41.582279, 52.610046>)
16:14:30 [VehicleDestroyed] Offroad_02 (id=E9FA76A8464A46C3D7A90388CEC750D9 pos=<-45.618019, -41.582405, 52.611401>)
16:14:30 [VehicleDestroyed] OffroadHatchback (id=E8B286C98247855FE254D4B493CC0CA3 pos=<-45.608047, -41.594269, 52.579151>)
16:14:30 [VehicleDestroyed] OffroadHatchback (id=2E5400B83F40B13F80892093AA8981DA pos=<-45.607430, -41.607735, 52.578735>)
16:14:30 [VehicleDestroyed] OffroadHatchback_White (id=30565A860F442321680E8EA76EEEF00C pos=<-45.630730, -41.614738, 52.587151>)
16:14:30 [VehicleDestroyed] OffroadHatchback_Blue (id=3BDB6ED5C34F14AF56D8B5BC3243A916 pos=<-45.615223, -41.626106, 52.568249>)
16:14:30 [VehicleDestroyed] OffroadHatchback_Blue (id=7E2CDC5BD54C58CAD7130A822A0F3AE8 pos=<-45.587051, -41.629761, 52.573357>)
16:14:30 [VehicleDestroyed] OffroadHatchback_Blue (id=4F59127B8042900E8CA69EB9BDBA3FA4 pos=<-45.603729, -41.600452, 52.603336>)
16:14:30 [VehicleDestroyed] OffroadHatchback_Blue (id=C37802C3E5447BDA93F089A70B4843F6 pos=<-45.631111, -41.635853, 52.563610>)
16:14:30 [VehicleDestroyed] Sedan_02_Red (id=92A72414304438C1889BD2AD843C9E97 pos=<-45.617073, -41.614094, 52.563007>)
16:14:30 [VehicleDestroyed] Sedan_02_Grey (id=926E7704734902E11A68E0AE97C286A8 pos=<-45.583355, -41.585163, 52.611504>)
16:14:30 [VehicleDestroyed] Sedan_02_Grey (id=90E5B53F3E42E6A3ECBD9FAC0EEFF061 pos=<-45.623272, -41.588566, 52.648266>)
16:14:30 [VehicleDestroyed] Sedan_02_Grey (id=99A386684147CAA1AB7C2B94F101BB09 pos=<-45.612877, -41.583099, 52.589966>)
16:14:30 [VehicleDestroyed] Sedan_02_Red (id=3188F8FB024D4AF4FB24DE90033A858E pos=<-45.625542, -41.587273, 52.598717>)
16:14:30 [VehicleDestroyed] Sedan_02_Grey (id=69C5D328ED42725D427A2CAC17642673 pos=<-45.797325, -41.754189, 52.671726>)
16:14:30 [VehicleDestroyed] Sedan_02_Red (id=DCECD199A3468B489A28C180B76E4A79 pos=<-45.998188, -41.799782, 52.565395>)
16:14:30 [VehicleDestroyed] Sedan_02 (id=A3F3432A024112BE999840A54344A5F9 pos=<-46.203335, -41.767467, 52.624306>)
16:14:30 [VehicleDestroyed] Truck_01_Covered_Blue (id=6BF51813F342A3112FD5CEB90CFAA9DD pos=<-45.275692, -40.961479, 52.736996>)
16:14:30 [VehicleDestroyed] Truck_01_Covered (id=CF84936CCB45ECCB51F199A0712C45D8 pos=<-45.202755, -40.903416, 52.768490>)
16:14:30 [VehicleDestroyed] Truck_01_Covered (id=3D8D45C99C4011C3952EE1B2B6F928EB pos=<-45.213608, -41.234005, 52.669449>)
16:14:30 [VehicleDestroyed] Truck_01_Covered_Orange (id=C4A52D614945D6F6327E428BD258A69C pos=<-45.483196, -41.420971, 52.660446>)
16:14:30 [VehicleDestroyed] Truck_01_Covered (id=5E649E4D414E2D4B317B93B1EB3DA7B9 pos=<-45.600838, -41.421581, 52.660233>)
16:14:30 [VehicleDestroyed] Truck_01_Covered (id=09E98B9FD8423EE07F9A75B254ABA242 pos=<-45.540146, -41.516857, 52.675777>)
16:14:30 [VehicleDestroyed] Truck_01_Covered (id=62D7C09E964699DF7E8C74A4A167D579 pos=<-45.179321, -41.009384, 52.719551>)
16:14:30 [VehicleDestroyed] Truck_01_Covered_Blue (id=79D6FD45054A8474CB77BE9CCEF95231 pos=<-45.601936, -41.758385, 52.613827>)
16:14:30 [VehicleDestroyed] CivilianSedan_Wine (id=6BDBCDB32047456747B363926DD5684B pos=<-46.391327, -41.772030, 52.340622>)
16:14:30 [VehicleDestroyed] OffroadHatchback (id=DC225C7E484665C4659B909DA830B5C7 pos=<-45.724819, -41.350498, 53.313019>)
16:14:31 [VehicleDeleted] CivilianSedan (id=F3B12560B448140DE9B16BB790B81F85 pos=<-45.635830, -41.585842, 52.582924>)
16:14:31 [VehicleDeleted] CivilianSedan (id=6634B94F5E4C105D756C96BA32C4CDA0 pos=<-45.613392, -41.604744, 52.594463>)
16:14:31 [VehicleDeleted] CivilianSedan (id=EAB74CA5A2429A33A55675BD6FB709F5 pos=<-45.634239, -41.607040, 52.577515>)
16:14:31 [VehicleDeleted] CivilianSedan (id=CA92895B2E4E784C07ACFD9107FE6ED4 pos=<-45.651730, -41.589874, 52.595367>)
16:14:31 [VehicleDeleted] CivilianSedan_Wine (id=8EA593F6974BC0EC08CB60A2D9E2BFC0 pos=<-45.627476, -41.608269, 52.590385>)
16:14:31 [VehicleDeleted] CivilianSedan (id=1E446D5BB34D7373F716459733885D5E pos=<-45.628845, -41.582577, 52.573936>)
16:14:31 [VehicleDeleted] CivilianSedan_Black (id=538EFA01FA44D20598889695E73291A8 pos=<-45.635113, -41.584316, 52.563759>)
16:14:31 [VehicleDeleted] Hatchback_02_Black (id=5D565E2BD04DC620719AF6B82D09DAA8 pos=<-45.627865, -41.633175, 52.567749>)
16:14:31 [VehicleDeleted] Hatchback_02_Black (id=E0975B6C25495441169DFEB823D13F9D pos=<-45.626854, -41.637566, 52.575699>)
16:14:31 [VehicleDeleted] Hatchback_02_Blue (id=D6F8F9CD854F40ACC1CF58932BACC7B6 pos=<-45.622967, -41.633991, 52.557621>)
16:14:31 [VehicleDeleted] Hatchback_02_Blue (id=34AA1D143E4C1E0A60458487BAA902B1 pos=<-45.621635, -41.646961, 52.565861>)
16:14:32 [VehicleDeleted] Hatchback_02_Black (id=1C224D297D450D6F2BF9F7A9E447750F pos=<-45.600624, -41.634602, 52.578556>)
16:14:32 [VehicleDeleted] Hatchback_02_Black (id=28669BE31D4A8A2A9BBBDC9B35A50753 pos=<-45.614971, -41.641544, 52.558300>)
16:14:32 [VehicleDeleted] Hatchback_02 (id=06112F63B341C266D00BB3B4A4935959 pos=<-45.613361, -41.645477, 52.562344>)
16:14:32 [VehicleDeleted] Hatchback_02_Black (id=D712595F2442A4624761DA9572F73379 pos=<-45.604206, -41.649914, 52.562153>)
16:14:32 [VehicleDeleted] Offroad_02 (id=07E419EAD041444B69C7A6ABF8E39733 pos=<-45.613281, -41.584568, 52.592041>)
16:14:32 [VehicleDeleted] Offroad_02 (id=E748B6FF8F43492F086120AA660CA956 pos=<-45.621517, -41.582279, 52.610046>)
16:14:32 [VehicleDeleted] Offroad_02 (id=D1328381C84B20D0F6B31993EC2CB9AD pos=<-45.618019, -41.582405, 52.611401>)
16:14:32 [VehicleDeleted] OffroadHatchback (id=0BA0980C264F016ADD76B0874D59FE15 pos=<-45.608047, -41.594269, 52.579151>)
16:14:32 [VehicleDeleted] OffroadHatchback (id=0C283A8AC240F591F5B89B9A19CC44F7 pos=<-45.607430, -41.607735, 52.578735>)
16:14:32 [VehicleDeleted] OffroadHatchback_White (id=B95AD33B2A40C253B2E6ECBEC17440A1 pos=<-45.630730, -41.614738, 52.587151>)
16:14:32 [VehicleDeleted] OffroadHatchback_Blue (id=33BD75B0414C5B10B71549975FF80AF8 pos=<-45.615223, -41.626106, 52.568249>)
16:14:32 [VehicleDeleted] OffroadHatchback_Blue (id=B30F567BDD47B8851DA034A8214711EF pos=<-45.587051, -41.629761, 52.573357>)
16:14:32 [VehicleDeleted] OffroadHatchback_Blue (id=8DFA82DCE246C809456809A6BEEC7B8E pos=<-45.603729, -41.600452, 52.603336>)
16:14:32 [VehicleDeleted] OffroadHatchback_Blue (id=0B41E9C98747C67F12D8678B96EB4F15 pos=<-45.631111, -41.635853, 52.563610>)
16:14:32 [VehicleDeleted] Sedan_02_Red (id=77DE3677554CD253FC526C8A260DDCEE pos=<-45.617073, -41.614094, 52.563007>)
16:14:32 [VehicleDeleted] Sedan_02_Grey (id=1C34BAC78944025B877192BE105B80DD pos=<-45.583355, -41.585163, 52.611504>)
16:14:32 [VehicleDeleted] Sedan_02_Grey (id=C9386A76F44469456F5458AA42275692 pos=<-45.623272, -41.588566, 52.648266>)
16:14:32 [VehicleDeleted] Sedan_02_Grey (id=E8B6DAB2E44D591C393C72AB28127419 pos=<-45.612877, -41.583099, 52.589966>)
16:14:32 [VehicleDeleted] Sedan_02_Red (id=D0E4839CB14F91C34B4C56ABA8A2F1FC pos=<-45.625542, -41.587273, 52.598717>)
16:14:32 [VehicleDeleted] Sedan_02_Grey (id=723DF259C24177A94561E88F1A65EC0F pos=<-45.797325, -41.754189, 52.671726>)
16:14:32 [VehicleDeleted] Sedan_02_Red (id=FC025536664C5B4D4F9880838C7DC028 pos=<-45.998188, -41.799782, 52.565395>)
16:14:32 [VehicleDeleted] Sedan_02 (id=25BAF86DE04E47C64CCF1E8920B8FEA0 pos=<-46.203335, -41.767467, 52.624306>)
16:14:32 [VehicleDeleted] Truck_01_Covered_Blue (id=4CEB1F40D1477A1D0B17E2B3A5185F53 pos=<-45.275692, -40.961479, 52.736996>)
16:14:32 [VehicleDeleted] Truck_01_Covered (id=FDC7CD7B1F4783CA8C740BAB199215D9 pos=<-45.202755, -40.903416, 52.768490>)
16:14:32 [VehicleDeleted] Truck_01_Covered (id=C054DFBEF34D3CA183F60E97E6FF0951 pos=<-45.213608, -41.234005, 52.669449>)
16:14:32 [VehicleDeleted] Truck_01_Covered_Orange (id=66D7A2F2EF4F1ACC683D5FBF91E34704 pos=<-45.483196, -41.420971, 52.660446>)
16:14:32 [VehicleDeleted] Truck_01_Covered (id=3D151EDDA1411548B42BDFBDFEB48C35 pos=<-45.600838, -41.421581, 52.660233>)
16:14:32 [VehicleDeleted] Truck_01_Covered (id=55CB4D5F1D458B73B684129787BFC640 pos=<-45.540146, -41.516857, 52.675777>)
16:14:32 [VehicleDeleted] Truck_01_Covered (id=C8CDA8A12149F5AA2AF18C90C795D073 pos=<-45.179321, -41.009384, 52.719551>)
16:14:32 [VehicleDeleted] Truck_01_Covered_Blue (id=19F8B9D5D045E033561E9F8A328176D5 pos=<-45.601936, -41.758385, 52.613827>)
16:14:32 [VehicleDeleted] CivilianSedan_Wine (id=9F46AA7DDF484A2DC5764EB26E8E751F pos=<-46.391327, -41.772030, 52.340622>)
16:14:32 [VehicleDeleted] OffroadHatchback (id=AC8987D1E64A924D2FF2368492BADACF pos=<-45.724819, -41.350498, 53.313019>)
16:27:50 [AI Patrol] Spawning 4 Mercenaries bots at <15985.447266, 25.945591, 11443.718750>
16:31:29 [VehicleEnter] Player Barba_Imersivo [uid=y5tvJ1kpP-wFiLya9EcS0I27-rJqniJ-cSI1z7Lv22I=] entered vehicle M1025 (id=49DF9441DE4AF4E6C843B5883EACC18F pos=<16436.193359, 25.862650, 11642.048828>) as driver
16:31:32 [VehicleEngine] Player Barba_Imersivo [uid=y5tvJ1kpP-wFiLya9EcS0I27-rJqniJ-cSI1z7Lv22I=] started vehicle M1025 (id=49DF9441DE4AF4E6C843B5883EACC18F pos=<16436.193359, 25.862667, 11642.048828>)
16:33:36 [VehicleLeave] Player Barba_Imersivo [uid=y5tvJ1kpP-wFiLya9EcS0I27-rJqniJ-cSI1z7Lv22I=] left vehicle M1025 (id=49DF9441DE4AF4E6C843B5883EACC18F pos=<15942.931641, 25.963726, 11433.393555>)
16:35:38 [VehicleEnter] Player Barba_Imersivo [uid=y5tvJ1kpP-wFiLya9EcS0I27-rJqniJ-cSI1z7Lv22I=] entered vehicle M1025 (id=49DF9441DE4AF4E6C843B5883EACC18F pos=<15942.931641, 25.963726, 11433.393555>) as driver
16:35:41 [VehicleEngine] Player Barba_Imersivo [uid=y5tvJ1kpP-wFiLya9EcS0I27-rJqniJ-cSI1z7Lv22I=] started vehicle M1025 (id=49DF9441DE4AF4E6C843B5883EACC18F pos=<15942.931641, 25.963726, 11433.393555>)
16:37:13 [VehicleLeave] Player Barba_Imersivo [uid=y5tvJ1kpP-wFiLya9EcS0I27-rJqniJ-cSI1z7Lv22I=] left vehicle M1025 (id=49DF9441DE4AF4E6C843B5883EACC18F pos=<17361.800781, 41.254356, 11510.964844>)
16:40:27 [AI Patrol] Spawning 1 Mercenaries bots at <15261.493164, 14.460000, 1802.461304>
16:40:31 [AI Patrol] Spawning 1 Mercenaries bots at <15262.429688, 14.944457, 1762.554321>
17:07:18 [VehicleDeleted] Offroad_02 (id=49DF9441DE4AF4E6C843B5883EACC18F pos=<17361.800781, 41.254353, 11510.964844>)
17:29:36 [AI Patrol] Spawning 1 Mercenaries bots at <15262.429688, 14.944457, 1762.554321>
17:29:37 [AI Patrol] Spawning 1 Mercenaries bots at <15261.493164, 14.460000, 1802.461304>
