[ClearOldAirdropFiles] Backups Cleanup Started.
[ClearOldAirdropFiles] Backup file removed:  AirdropSettings_bakup_2023-02-21 @ 02-01-46.json (2)
[ClearOldAirdropFiles] Backup file removed:  AirdropSettings_bakup_2023-02-21 @ 04-57-48.json (2)
[ClearOldAirdropFiles] Backup file removed:  AirdropSettings_bakup_2023-02-21 @ 05-54-49.json (2)
[ClearOldAirdropFiles] Backup file removed:  AirdropSettings_bakup_2023-02-21 @ 06-02-14.json (2)
[ClearOldAirdropFiles] Backup file removed:  AirdropSettings_bakup_2023-02-21 @ 06-10-55.json (2)
[ClearOldAirdropFiles] Backup file removed:  AirdropSettings_bakup_2023-02-21 @ 06-13-44.json (2)
[ClearOldAirdropFiles] Backup file removed:  AirdropSettings_bakup_2023-02-21 @ 15-35-32.json (2)
[ClearOldAirdropFiles] Backup file removed:  AirdropSettings_bakup_2023-02-21 @ 15-46-33.json (2)
[ClearOldAirdropFiles] Backup file removed:  AirdropSettings_bakup_2023-02-21 @ 15-49-25.json (2)
[ClearOldAirdropFiles] Backup file removed:  AirdropSettings_bakup_2023-02-21 @ 15-51-48.json (2)
[ClearOldAirdropFiles] Backup file removed:  AirdropSettings_bakup_2023-02-21 @ 15-57-01.json (2)
[ClearOldAirdropFiles] Backup file removed:  AirdropSettings_bakup_2023-02-21 @ 16-01-50.json (2)
[ClearOldAirdropFiles] Backup file removed:  AirdropSettings_bakup_2023-02-21 @ 16-12-39.json (2)
[ClearOldAirdropFiles] Backup file removed:  AirdropSettings_bakup_2023-02-21 @ 16-35-37.json (2)
[ClearOldAirdropFiles] Backup file removed:  AirdropSettings_bakup_2023-02-21 @ 16-50-04.json (2)
[ClearOldAirdropFiles] Backup file removed:  AirdropSettings_bakup_2023-02-21 @ 17-16-24.json (2)
[ClearOldAirdropFiles] Backup file removed:  AirdropSettings_bakup_2023-02-21 @ 17-32-20.json (2)
[ClearOldAirdropFiles] Backup file removed:  AirdropSettings_bakup_2023-02-21 @ 17-38-16.json (2)
[ClearOldAirdropFiles] Backup file removed:  AirdropSettings_bakup_2023-02-21 @ 17-41-50.json (2)
[ClearOldAirdropFiles] Backup file removed:  AirdropSettings_bakup_2023-02-21 @ 17-44-08.json (2)
[ClearOldAirdropFiles] Backup file removed:  AirdropSettings_bakup_2023-02-21 @ 17-56-47.json (2)
[ClearOldAirdropFiles] Backup file removed:  AirdropSettings_bakup_2023-02-21 @ 18-02-23.json (2)
[ClearOldAirdropFiles] Backup file removed:  AirdropSettings_bakup_2023-02-21 @ 18-05-17.json (2)
[ClearOldAirdropFiles] Backup file removed:  AirdropSettings_bakup_2023-02-21 @ 18-20-46.json (2)
[ClearOldAirdropFiles] Backup file removed:  AirdropSettings_bakup_2023-02-21 @ 21-05-58.json (2)
[ClearOldAirdropFiles] Backup file removed:  AirdropSettings_bakup_2023-02-21 @ 21-47-05.json (2)
[ClearOldAirdropFiles] Backup file removed:  AirdropSettings_bakup_2023-02-21 @ 22-01-39.json (2)
[ClearOldAirdropFiles] Backup file removed:  AirdropSettings_bakup_2023-02-21 @ 22-31-05.json (2)
[ClearOldAirdropFiles] Backup file removed:  AirdropSettings_bakup_2023-02-21 @ 22-52-27.json (2)
[ClearOldAirdropFiles] Backup file removed:  AirdropSettings_bakup_2023-02-21 @ 23-12-17.json (2)
[ClearOldAirdropFiles] Backup file removed:  AirdropSettings_bakup_2023-02-21 @ 23-15-55.json (2)
[ClearOldAirdropFiles] Backups Cleanup Completed.
[ClearOldAirdropFiles] Airdrop Log File Rremoved:  2023-02-21 @ 00-01-59 AirdropContainer.log (2)
[ClearOldAirdropFiles] Airdrop Log File Rremoved:  2023-02-21 @ 00-01-59 AirdropParachute.log (2)
[ClearOldAirdropFiles] Airdrop Log File Rremoved:  2023-02-21 @ 00-30-21 AirdropAircraft.log (2)
[ClearOldAirdropFiles] Airdrop Log File Rremoved:  2023-02-21 @ 00-33-36 AirdropContainer.log (2)
[ClearOldAirdropFiles] Airdrop Log File Rremoved:  2023-02-21 @ 00-33-36 AirdropParachute.log (2)
[ClearOldAirdropFiles] Airdrop Log File Rremoved:  2023-02-21 @ 01-00-49 AirdropAircraft.log (2)
[ClearOldAirdropFiles] Airdrop Log File Rremoved:  2023-02-21 @ 01-04-25 AirdropContainer.log (2)
[ClearOldAirdropFiles] Airdrop Log File Rremoved:  2023-02-21 @ 01-04-25 AirdropParachute.log (2)
[ClearOldAirdropFiles] Airdrop Log File Rremoved:  2023-02-21 @ 01-31-13 AirdropAircraft.log (2)
[ClearOldAirdropFiles] Airdrop Log File Rremoved:  2023-02-21 @ 01-35-03 AirdropContainer.log (2)
[ClearOldAirdropFiles] Airdrop Log File Rremoved:  2023-02-21 @ 01-35-03 AirdropParachute.log (2)
[ClearOldAirdropFiles] Airdrop Log File Rremoved:  2023-02-21 @ 02-01-46 AirdropManager.log (2)
[ClearOldAirdropFiles] Airdrop Log File Rremoved:  2023-02-21 @ 02-33-03 AirdropAircraft.log (2)
[ClearOldAirdropFiles] Airdrop Log File Rremoved:  2023-02-21 @ 02-36-08 AirdropContainer.log (2)
[ClearOldAirdropFiles] Airdrop Log File Rremoved:  2023-02-21 @ 02-36-08 AirdropParachute.log (2)
[ClearOldAirdropFiles] Airdrop Log File Rremoved:  2023-02-21 @ 03-03-22 AirdropAircraft.log (2)
[ClearOldAirdropFiles] Airdrop Log File Rremoved:  2023-02-21 @ 03-05-58 AirdropContainer.log (2)
[ClearOldAirdropFiles] Airdrop Log File Rremoved:  2023-02-21 @ 03-05-58 AirdropParachute.log (2)
[ClearOldAirdropFiles] Airdrop Log File Rremoved:  2023-02-21 @ 03-33-15 AirdropAircraft.log (2)
[ClearOldAirdropFiles] Airdrop Log File Rremoved:  2023-02-21 @ 03-36-36 AirdropContainer.log (2)
[ClearOldAirdropFiles] Airdrop Log File Rremoved:  2023-02-21 @ 03-36-36 AirdropParachute.log (2)
[ClearOldAirdropFiles] Airdrop Log File Rremoved:  2023-02-21 @ 04-03-34 AirdropAircraft.log (2)
[ClearOldAirdropFiles] Airdrop Log File Rremoved:  2023-02-21 @ 04-08-11 AirdropContainer.log (2)
[ClearOldAirdropFiles] Airdrop Log File Rremoved:  2023-02-21 @ 04-08-11 AirdropParachute.log (2)
[ClearOldAirdropFiles] Airdrop Log File Rremoved:  2023-02-21 @ 04-33-58 AirdropAircraft.log (2)
[ClearOldAirdropFiles] Airdrop Log File Rremoved:  2023-02-21 @ 04-38-14 AirdropContainer.log (2)
[ClearOldAirdropFiles] Airdrop Log File Rremoved:  2023-02-21 @ 04-38-14 AirdropParachute.log (2)
[ClearOldAirdropFiles] Airdrop Log File Rremoved:  2023-02-21 @ 04-57-48 AirdropManager.log (2)
[ClearOldAirdropFiles] Airdrop Log File Rremoved:  2023-02-21 @ 05-28-59 AirdropAircraft.log (2)
[ClearOldAirdropFiles] Airdrop Log File Rremoved:  2023-02-21 @ 05-32-29 AirdropContainer.log (2)
[ClearOldAirdropFiles] Airdrop Log File Rremoved:  2023-02-21 @ 05-32-29 AirdropParachute.log (2)
[ClearOldAirdropFiles] Airdrop Log File Rremoved:  2023-02-21 @ 05-54-49 AirdropManager.log (2)
[ClearOldAirdropFiles] Airdrop Log File Rremoved:  2023-02-21 @ 06-02-14 AirdropManager.log (2)
[ClearOldAirdropFiles] Airdrop Log File Rremoved:  2023-02-21 @ 06-10-55 AirdropManager.log (2)
[ClearOldAirdropFiles] Airdrop Log File Rremoved:  2023-02-21 @ 06-13-44 AirdropManager.log (2)
[ClearOldAirdropFiles] Airdrop Log File Rremoved:  2023-02-21 @ 06-44-50 AirdropAircraft.log (2)
[ClearOldAirdropFiles] Airdrop Log File Rremoved:  2023-02-21 @ 06-46-26 AirdropContainer.log (2)
[ClearOldAirdropFiles] Airdrop Log File Rremoved:  2023-02-21 @ 06-46-26 AirdropParachute.log (2)
[ClearOldAirdropFiles] Airdrop Log File Rremoved:  2023-02-21 @ 15-35-32 AirdropManager.log (2)
[ClearOldAirdropFiles] Airdrop Log File Rremoved:  2023-02-21 @ 15-46-33 AirdropManager.log (2)
[ClearOldAirdropFiles] Airdrop Log File Rremoved:  2023-02-21 @ 15-49-25 AirdropManager.log (2)
[ClearOldAirdropFiles] Airdrop Log File Rremoved:  2023-02-21 @ 15-51-48 AirdropManager.log (2)
[ClearOldAirdropFiles] Airdrop Log File Rremoved:  2023-02-21 @ 15-57-01 AirdropManager.log (2)
[ClearOldAirdropFiles] Airdrop Log File Rremoved:  2023-02-21 @ 16-01-50 AirdropManager.log (2)
[ClearOldAirdropFiles] Airdrop Log File Rremoved:  2023-02-21 @ 16-12-39 AirdropManager.log (2)
[ClearOldAirdropFiles] Airdrop Log File Rremoved:  2023-02-21 @ 16-35-37 AirdropManager.log (2)
[ClearOldAirdropFiles] Airdrop Log File Rremoved:  2023-02-21 @ 16-50-04 AirdropManager.log (2)
[ClearOldAirdropFiles] Airdrop Log File Rremoved:  2023-02-21 @ 17-16-24 AirdropManager.log (2)
[ClearOldAirdropFiles] Airdrop Log File Rremoved:  2023-02-21 @ 17-32-20 AirdropManager.log (2)
[ClearOldAirdropFiles] Airdrop Log File Rremoved:  2023-02-21 @ 17-38-16 AirdropManager.log (2)
[ClearOldAirdropFiles] Airdrop Log File Rremoved:  2023-02-21 @ 17-41-50 AirdropManager.log (2)
[ClearOldAirdropFiles] Airdrop Log File Rremoved:  2023-02-21 @ 17-44-08 AirdropManager.log (2)
[ClearOldAirdropFiles] Airdrop Log File Rremoved:  2023-02-21 @ 17-56-47 AirdropManager.log (2)
[ClearOldAirdropFiles] Airdrop Log File Rremoved:  2023-02-21 @ 18-02-23 AirdropManager.log (2)
[ClearOldAirdropFiles] Airdrop Log File Rremoved:  2023-02-21 @ 18-05-17 AirdropManager.log (2)
[ClearOldAirdropFiles] Airdrop Log File Rremoved:  2023-02-21 @ 18-20-46 AirdropManager.log (2)
[ClearOldAirdropFiles] Airdrop Log File Rremoved:  2023-02-21 @ 18-51-49 AirdropAircraft.log (2)
[ClearOldAirdropFiles] Airdrop Log File Rremoved:  2023-02-21 @ 18-55-12 AirdropContainer.log (2)
[ClearOldAirdropFiles] Airdrop Log File Rremoved:  2023-02-21 @ 18-55-12 AirdropParachute.log (2)
[ClearOldAirdropFiles] Airdrop Log File Rremoved:  2023-02-21 @ 19-22-08 AirdropAircraft.log (2)
[ClearOldAirdropFiles] Airdrop Log File Rremoved:  2023-02-21 @ 19-24-07 AirdropContainer.log (2)
[ClearOldAirdropFiles] Airdrop Log File Rremoved:  2023-02-21 @ 19-24-07 AirdropParachute.log (2)
[ClearOldAirdropFiles] Airdrop Log File Rremoved:  2023-02-21 @ 19-52-24 AirdropAircraft.log (2)
[ClearOldAirdropFiles] Airdrop Log File Rremoved:  2023-02-21 @ 19-56-10 AirdropContainer.log (2)
[ClearOldAirdropFiles] Airdrop Log File Rremoved:  2023-02-21 @ 19-56-10 AirdropParachute.log (2)
[ClearOldAirdropFiles] Airdrop Log File Rremoved:  2023-02-21 @ 20-22-46 AirdropAircraft.log (2)
[ClearOldAirdropFiles] Airdrop Log File Rremoved:  2023-02-21 @ 20-24-47 AirdropContainer.log (2)
[ClearOldAirdropFiles] Airdrop Log File Rremoved:  2023-02-21 @ 20-24-47 AirdropParachute.log (2)
[ClearOldAirdropFiles] Airdrop Log File Rremoved:  2023-02-21 @ 20-53-09 AirdropAircraft.log (2)
[ClearOldAirdropFiles] Airdrop Log File Rremoved:  2023-02-21 @ 20-57-48 AirdropContainer.log (2)
[ClearOldAirdropFiles] Airdrop Log File Rremoved:  2023-02-21 @ 20-57-48 AirdropParachute.log (2)
[ClearOldAirdropFiles] Airdrop Log File Rremoved:  2023-02-21 @ 21-05-58 AirdropManager.log (2)
[ClearOldAirdropFiles] Airdrop Log File Rremoved:  2023-02-21 @ 21-37-09 AirdropAircraft.log (2)
[ClearOldAirdropFiles] Airdrop Log File Rremoved:  2023-02-21 @ 21-39-38 AirdropContainer.log (2)
[ClearOldAirdropFiles] Airdrop Log File Rremoved:  2023-02-21 @ 21-39-38 AirdropParachute.log (2)
[ClearOldAirdropFiles] Airdrop Log File Rremoved:  2023-02-21 @ 21-47-05 AirdropManager.log (2)
[ClearOldAirdropFiles] Airdrop Log File Rremoved:  2023-02-21 @ 22-01-39 AirdropManager.log (2)
[ClearOldAirdropFiles] Airdrop Log File Rremoved:  2023-02-21 @ 22-31-05 AirdropManager.log (2)
[ClearOldAirdropFiles] Airdrop Log File Rremoved:  2023-02-21 @ 22-52-27 AirdropManager.log (2)
[ClearOldAirdropFiles] Airdrop Log File Rremoved:  2023-02-21 @ 23-12-17 AirdropManager.log (2)
[ClearOldAirdropFiles] Airdrop Log File Rremoved:  2023-02-21 @ 23-15-55 AirdropManager.log (2)
[ClearOldAirdropFiles] Airdrop Log File Rremoved:  2023-02-21 @ 23-47-16 AirdropAircraft.log (2)
[ClearOldAirdropFiles] Airdrop Log File Rremoved:  2023-02-21 @ 23-51-38 AirdropContainer.log (2)
[ClearOldAirdropFiles] Airdrop Log File Rremoved:  2023-02-21 @ 23-51-38 AirdropParachute.log (2)
[ClearOldAirdropFiles] Logs Cleanup Completed.
[ExportDropZones] Exporting 7 DropZone coordinates.
[ExportDropZones] DropZone coordinates exported to VPP Map file.
[AirdropBase] Base class created & settings loaded.
