[ClearOldAirdropFiles] Backups Cleanup Started.
[ClearOldAirdropFiles] Backups Cleanup Completed.
[ClearOldAirdropFiles] Logs Cleanup Completed.
[ExportDropZones] Exporting 7 DropZone coordinates.
[ExportDropZones] DropZone coordinates exported to VPP Map file.
[AirdropBase] Base class created & settings loaded.
[2023-02-23 @ 16-39-07] ----------------------------------------------------------------------------------------------------
[EOnCallAirdrop] Drop zone asigned: Vesna Village <13535.000000, 0.000000, 18753.000000>
[EOnCallAirdrop] Drop zone offset to: <13508.518555, 2438.000000, 18762.531250>
[EOnCallAirdrop] Aircraft spawn point: <-329.189362, 2438.000000, 21474.900391>
[EOnCallAirdrop] Aircraft type used=<Land_AN_12>
[EOnCallAirdrop] Aircraft bearing ... Angle/Bearing: 2.94773° / 281.107°, Text: 'West (281°)'
[EOnCallAirdrop] Aircraft was dispatched to 'Vesna Village' (-329.189/21474.9), from the West (281°).
[2023-02-23 @ 17-09-35] ----------------------------------------------------------------------------------------------------
[EOnCallAirdrop] Drop zone asigned: Gringos Camping Resort <14726.000000, 0.000000, 10338.000000>
[EOnCallAirdrop] Drop zone offset to: <14674.547852, 2438.000000, 10357.922852>
[EOnCallAirdrop] Aircraft spawn point: <-1000.000000, 2438.000000, 18324.560547>
[EOnCallAirdrop] Aircraft type used=<Land_AN_12>
[EOnCallAirdrop] Aircraft bearing ... Angle/Bearing: 2.67168° / 296.924°, Text: 'North/West (297°)'
[EOnCallAirdrop] Aircraft was dispatched to 'Gringos Camping Resort' (-1000/18324.6), from the North/West (297°).
[2023-02-23 @ 17-40-02] ----------------------------------------------------------------------------------------------------
[EOnCallAirdrop] Drop zone asigned: Red Forest Farms <7075.000000, 0.000000, 10836.000000>
[EOnCallAirdrop] Drop zone offset to: <7065.395996, 2438.000000, 10830.399414>
[EOnCallAirdrop] Aircraft spawn point: <-1000.000000, 2438.000000, 17628.371094>
[EOnCallAirdrop] Aircraft type used=<Land_AN_12>
[EOnCallAirdrop] Aircraft bearing ... Angle/Bearing: 2.44225° / 310.069°, Text: 'North/West (310°)'
[EOnCallAirdrop] Aircraft was dispatched to 'Red Forest Farms' (-1000/17628.4), from the North/West (310°).
