00:42:38: null was killed by Barba_Imersivo with SNAFUHoneyBadger_Tan from 111 meters.
00:43:14: null was killed by Barba_Imersivo with SNAFUHoneyBadger_Tan from 187 meters.
02:32:05: null was killed by Barba_Imersivo with SNAFUHoneyBadger_Tan from 42 meters.
02:33:01: null was killed by Barba_Imersivo with SNAFUHoneyBadger_Tan from 276 meters.
02:33:09: null was killed by Barba_Imersivo with SNAFUHoneyBadger_Tan from 92 meters.
03:25:20: null was killed by null with CZ61 from 6 meters.
03:25:24: null was killed by null with CZ61 from 3 meters.
03:25:49: null was killed by Barba_Imersivo with SNAFUHoneyBadger_Tan from 67 meters.
03:26:04: null was killed by Barba_Imersivo with SNAFUHoneyBadger_Tan from 105 meters.
03:26:08: null was killed by Barba_Imersivo with SNAFUHoneyBadger_Tan from 66 meters.
03:27:36: null was killed by Barba_Imersivo with SNAFUHoneyBadger_Tan from 165 meters.
03:45:22: null was killed by Barba_Imersivo with SNAFUHoneyBadger_Tan from 63 meters.
16:00:29: null was killed by Barba_Imersivo with SNAFUHoneyBadger_Tan from 123 meters.
16:31:53: null was killed by Barba_Imersivo with SNAFUHoneyBadger_Tan from 133 meters.
16:32:07: null was killed by Barba_Imersivo with SNAFUHoneyBadger_Tan from 142 meters.
16:32:14: null was killed by Barba_Imersivo with SNAFUHoneyBadger_Tan from 102 meters.
16:32:17: null was killed by Barba_Imersivo with SNAFUHoneyBadger_Tan from 99 meters.
16:33:48: null was killed by Barba_Imersivo with SNAFUHoneyBadger_Tan from 84 meters.
16:36:52: null was killed by Barba_Imersivo with SNAFUHoneyBadger_Tan from 6 meters.
16:39:17: null was killed by Barba_Imersivo with SNAFUHoneyBadger_Tan from 212 meters.
18:11:00: null was killed by Barba_Imersivo with TF_SCAR_20_Shd from 260 meters.
18:12:24: null was killed by Barba_Imersivo with SNAFUHoneyBadger_Tan from 24 meters.
18:13:12: null was killed by Barba_Imersivo with TF_SCAR_20_Shd from 118 meters.
18:13:15: null was killed by Barba_Imersivo with TF_SCAR_20_Shd from 169 meters.
18:22:00: null was killed by Barba_Imersivo with SNAFUHoneyBadger_Tan from 12 meters.
18:22:15: null was killed by Barba_Imersivo with SNAFUHoneyBadger_Tan from 19 meters.
18:22:27: null was killed by Barba_Imersivo with SNAFUHoneyBadger_Tan from 20 meters.
18:22:59: null was killed by Barba_Imersivo with SNAFUHoneyBadger_Tan from 17 meters.
19:40:25: null was killed by Barba_Imersivo with TF_SCAR_20_Shd from 67 meters.
19:56:43: null was killed by Barba_Imersivo with TF_SCAR_20_Shd from 156 meters.
20:03:59: null was killed by Barba_Imersivo with TF_SCAR_20_Shd from 324 meters.
20:04:43: null was killed by Barba_Imersivo with TF_SCAR_20_Shd from 173 meters.
20:05:45: null was killed by Barba_Imersivo with TF_SCAR_20_Shd from 185 meters.
20:06:16: null was killed by Barba_Imersivo with TF_SCAR_20_Shd from 194 meters.
20:21:00: null was killed by Barba_Imersivo with TF_SCAR_20_Shd from 158 meters.
20:22:28: null was killed by Barba_Imersivo with TF_SCAR_20_Shd from 114 meters.
20:22:35: null was killed by Barba_Imersivo with TF_SCAR_20_Shd from 103 meters.
20:26:39: null was killed by Barba_Imersivo with TF_SCAR_20_Shd from 80 meters.
20:55:26: null was killed by Barba_Imersivo with TF_SCAR_20_Shd from 92 meters.
20:55:30: null was killed by Barba_Imersivo with TF_SCAR_20_Shd from 121 meters.
20:55:55: null was killed by Barba_Imersivo with TF_SCAR_20_Shd from 44 meters.
20:55:58: null was killed by Barba_Imersivo with TF_SCAR_20_Shd from 39 meters.
20:57:28: null was killed by Barba_Imersivo with TF_SCAR_20_Shd from 109 meters.
22:46:35: null was killed by Barba_Imersivo with TF_SCAR_20_Shd from 163 meters.
22:46:40: null was killed by Barba_Imersivo with TF_SCAR_20_Shd from 188 meters.
22:46:43: null was killed by Barba_Imersivo with TF_SCAR_20_Shd from 191 meters.
22:49:28: null was killed by null with AK74 from 14 meters.
22:53:33: null was killed by Barba_Imersivo with TF_SCAR_20_Shd from 560 meters.
22:53:36: null was killed by Barba_Imersivo with TF_SCAR_20_Shd from 552 meters.
22:53:46: null was killed by Barba_Imersivo with TF_SCAR_20_Shd from 603 meters.
22:54:50: null was killed by Barba_Imersivo with TF_SCAR_20_Shd from 714 meters.
22:57:07: null was killed by Barba_Imersivo with FAL from 161 meters.
22:57:18: null was killed by Barba_Imersivo with FAL from 153 meters.
22:58:07: null was killed by Barba_Imersivo with FAL from 16 meters.
23:08:10: null was killed by Barba_Imersivo with FAL from 136 meters.
23:08:16: null was killed by Barba_Imersivo with FAL from 166 meters.
23:08:54: null was killed by Barba_Imersivo with FAL from 63 meters.
23:11:30: null was killed by Barba_Imersivo with FAL from 6 meters.
23:11:32: null was killed by Barba_Imersivo with FAL from 10 meters.
23:36:52: null was killed by Barba_Imersivo with FAL from 145 meters.
23:36:54: null was killed by Barba_Imersivo with FAL from 106 meters.
