15:14:13: Barba_Imersivo died.
15:29:08: Barba_Imersivo died.
16:33:19: null killed by M1025.
16:33:19: null killed by M1025.
16:33:19: null killed by M1025.
16:33:31: null killed by M1025.
16:40:02: Barba_Imersivo died.
16:40:51: null died.
16:40:52: null died.
17:29:06: Barba_Imersivo died.
17:29:51: null died.
17:29:52: null died.
18:50:20: null died.
18:50:20: null died.
18:50:20: null died.
18:50:20: null died.
21:04:14: null died.
21:04:14: null died.
21:04:15: null died.
21:04:15: null died.
21:04:16: null died.
21:04:16: null died.
21:04:16: null died.
21:09:45: null was killed by null with AK74 from 3 meters.
21:11:06: Barba_Imersivo was killed by null with AK74 from 209 meters.
21:11:08: null died.
21:11:08: null died.
21:11:08: null died.
21:12:00: null died.
21:12:00: null died.
21:12:00: null died.
21:35:45: Barba_Imersivo died.
21:35:50: null died.
21:35:50: null died.
21:35:50: null died.
21:41:20: null died.
21:41:20: null died.
21:41:20: null died.
21:44:24: Barba_Imersivo died.
21:45:15: null died.
21:45:15: null died.
21:45:15: null died.
22:39:00: Barba_Imersivo died.
22:47:47: Barba_Imersivo died.
22:47:49: null died.
22:47:49: null died.
22:47:49: null died.
22:49:14: null died.
22:49:19: null died.
22:49:19: null died.
22:50:33: Barba_Imersivo died.
22:51:04: null died.
22:51:04: null died.
22:51:04: null died.
22:51:10: Barba_Imersivo died.
22:53:51: Barba_Imersivo died.
22:55:23: Barba_Imersivo died.
22:56:52: Barba_Imersivo died.
22:57:24: null died.
22:57:24: null died.
22:57:24: null died.
22:57:44: Barba_Imersivo died.
22:58:44: null died.
22:58:44: null died.
22:58:44: null died.
22:59:16: Barba_Imersivo died.
22:59:18: null died.
22:59:18: null died.
22:59:18: null died.
22:59:18: null died.
22:59:19: null died.
22:59:20: null died.
22:59:54: null died.
22:59:54: null died.
22:59:54: null died.
23:03:22: Barba_Imersivo died.
23:05:54: null died.
23:05:54: null died.
23:05:54: null died.
23:06:10: Barba_Imersivo died.
23:07:09: null died.
23:07:09: null died.
23:07:09: null died.
23:22:49: Barba_Imersivo died.
23:24:29: Barba_Imersivo died.
23:25:17: null died.
23:25:18: null died.
23:29:28: null killed by M1025.
23:29:50: null killed by M1025.
23:33:41: Barba_Imersivo died.
23:34:17: null died.
23:44:14: Barba_Imersivo died.
