00:08:07: null died.
00:08:12: null died.
00:08:17: null died.
00:11:27: null was killed by Barba_Imersivo with AugShort from 53 meters.
00:11:34: null was killed by Barba_Imersivo with AugShort from 70 meters.
00:11:45: null was killed by Barba_Imersivo with AugShort from 69 meters.
00:16:09: null died.
00:16:09: null died.
00:16:09: null died.
00:31:53: null was killed by Barba_Imersivo with AugShort from 125 meters.
00:33:03: null killed by STR_ChevroletCorvette_kamo.
00:33:06: null killed by STR_ChevroletCorvette_kamo.
00:33:07: null killed by STR_ChevroletCorvette_kamo.
00:48:09: Barba_Imersivo died.
02:18:09: null killed by STR_ChevroletCorvette_kamo.
02:18:09: null killed by STR_ChevroletCorvette_kamo.
02:18:24: null killed by STR_ChevroletCorvette_kamo.
02:18:25: null killed by STR_ChevroletCorvette_kamo.
02:29:25: null died.
02:29:25: null died.
02:29:25: null died.
02:48:21: null died.
02:48:21: null died.
02:48:21: null died.
02:48:22: null died.
02:48:22: null died.
02:53:54: null died.
02:53:54: null died.
02:53:54: null died.
02:53:54: null died.
02:53:54: null died.
03:12:00: null was killed by Barba_Imersivo with AK74 from 126 meters.
03:13:06: null was killed by Barba_Imersivo with AK74 from 201 meters.
03:13:13: null was killed by Barba_Imersivo with AK74 from 200 meters.
03:14:19: null was killed by Barba_Imersivo with AK74 from 78 meters.
03:15:32: null died.
03:15:32: null died.
03:15:33: null died.
03:15:33: null died.
03:15:33: null died.
03:15:33: null died.
03:15:33: null died.
03:15:33: null died.
03:15:33: null died.
03:15:33: null died.
03:15:33: null died.
03:15:33: null died.
03:15:34: null died.
03:15:34: null died.
03:16:02: null died.
03:16:02: null died.
03:16:02: null died.
03:16:02: null died.
03:22:14: null was killed by Barba_Imersivo with AK74 from 53 meters.
03:23:08: null was killed by Barba_Imersivo with AK74 from 150 meters.
12:47:21: null died.
12:47:22: null died.
12:48:41: null died.
12:48:41: null died.
12:48:46: null died.
12:49:04: null was killed by Barba_Imersivo with AK74 from 98 meters.
12:49:08: null was killed by Barba_Imersivo with AK74 from 47 meters.
12:49:32: null was killed by Barba_Imersivo with AK74 from 28 meters.
12:50:13: null was killed by Barba_Imersivo with AK74 from 128 meters.
12:51:10: null was killed by Zombie.
12:57:59: null was killed by Barba_Imersivo with AK74 from 3 meters.
13:02:28: null died.
13:02:28: null died.
13:02:32: null died.
13:03:57: null died.
13:04:24: null died.
13:04:24: null died.
13:04:25: null died.
13:04:27: null died.
13:17:42: null died.
13:17:43: null died.
13:18:16: null died.
13:18:16: null died.
13:18:16: null died.
13:20:46: null died.
13:20:46: null died.
13:20:46: null died.
13:20:46: null died.
13:21:22: null died.
13:21:22: null died.
13:21:22: null died.
13:21:36: null died.
13:21:36: null died.
13:27:30: null died.
15:20:21: null died.
15:20:21: null died.
15:35:10: null died.
15:35:10: null died.
15:35:10: null died.
15:35:10: null died.
17:51:21: null died.
17:51:22: null died.
17:54:58: null was killed by Barba_Imersivo with SNAFU_AR15SPRBK from 99 meters.
17:55:02: null was killed by Barba_Imersivo with SNAFU_AR15SPRBK from 121 meters.
17:58:02: null died.
17:58:06: null died.
17:58:06: null died.
17:58:06: null died.
18:04:20: null was killed by Barba_Imersivo with SNAFU_AR15SPRBK from 122 meters.
18:04:36: null was killed by Barba_Imersivo with SNAFU_AR15SPRBK from 66 meters.
18:04:54: null was killed by Barba_Imersivo with SNAFU_AR15SPRBK from 17 meters.
18:10:20: null died.
18:10:25: null died.
18:10:25: null died.
18:43:20: null died.
18:43:20: null died.
18:43:25: null died.
23:14:15: null died.
23:14:16: null died.
23:29:40: null died.
23:29:40: null died.
23:46:34: null died.
