03:15:10: null was killed by Barba_Imersivo with SNAFU_AR15SPRBK from 223 meters.
03:16:56: null was killed by Barba_Imersivo with SNAFU_AR15SPRBK from 156 meters.
03:59:06: null was killed by null with CZ61 from 1 meters.
04:01:05: null was killed by Barba_Imersivo with SNAFU_AR15SPRBK from 134 meters.
04:01:37: null was killed by Barba_Imersivo with SNAFU_AR15SPRBK from 213 meters.
05:05:07: null was killed by null with Scout from 24 meters.
05:05:09: null was killed by null with Aug from 20 meters.
05:06:22: null was killed by null with M4A1 from 7 meters.
05:06:23: null was killed by null with Aug from 19 meters.
05:07:08: null was killed by null with Scout from 8 meters.
05:08:29: null was killed by null with Aug from 6 meters.
05:08:36: null was killed by null with Aug from 2 meters.
05:08:36: null was killed by null with Aug from 3 meters.
05:08:39: null was killed by null with Aug from 2 meters.
20:18:33: null was killed by Barba_Imersivo with SNAFU_AR15SPRBK from 24 meters.
20:19:18: null was killed by Barba_Imersivo with SNAFU_AR15SPRBK from 17 meters.
20:20:11: null was killed by Barba_Imersivo with SNAFU_AR15SPRBK from 62 meters.
20:20:14: null was killed by Barba_Imersivo with SNAFU_AR15SPRBK from 58 meters.
20:29:35: null was killed by Angel*o with MP5K from 43 meters.
20:29:50: null was killed by Barba_Imersivo with SNAFU_AR15SPRBK from 54 meters.
23:37:44: null was killed by Barba_Imersivo with SNAFUHoneyBadger_Tan from 10 meters.
23:39:41: null was killed by Barba_Imersivo with SNAFUHoneyBadger_Tan from 2 meters.
