00:16:02: Barba_Imersivo died.
00:23:31: null died.
00:23:32: null died.
00:28:26: Barba_Imersivo died.
00:35:56: Barba_Imersivo died.
00:35:57: null died.
00:35:58: null died.
00:45:43: null died.
00:45:43: null died.
00:46:47: null died.
00:46:47: null died.
00:46:57: null died.
00:46:57: null died.
00:48:49: null was killed by Barba_Imersivo with AKM from 46 meters.
00:49:10: null was killed by Barba_Imersivo with AKM from 36 meters.
00:49:18: null was killed by null with SVD from 818 meters.
00:49:39: null was killed by null with AK74 from 4 meters.
00:51:50: null was killed by Barba_Imersivo with AKM from 142 meters.
00:56:17: null died.
00:56:17: null died.
00:56:23: null died.
00:56:23: null died.
00:56:25: null died.
01:04:55: Barba_Imersivo died.
01:05:43: null died.
01:05:43: null died.
01:13:07: Barba_Imersivo died.
01:14:09: null died.
01:40:58: Barba_Imersivo died.
01:41:34: null died.
01:41:35: null died.
01:41:35: null died.
02:09:34: Barba_Imersivo died.
02:10:49: Barba_Imersivo died.
02:10:54: null died.
02:10:54: null died.
02:10:54: null died.
02:16:02: Barba_Imersivo died.
02:16:05: null died.
02:16:05: null died.
02:16:05: null died.
02:16:30: null died.
02:20:40: Barba_Imersivo died.
02:20:42: null died.
02:20:42: null died.
02:20:42: null died.
02:20:42: null died.
02:20:42: null died.
02:20:43: null died.
02:21:23: null died.
02:21:23: null died.
02:26:53: Barba_Imersivo died.
02:35:56: Barba_Imersivo died.
02:36:28: null died.
02:36:28: null died.
02:36:28: null died.
02:39:51: Barba_Imersivo died.
02:52:32: Barba_Imersivo died.
02:52:36: null died.
02:52:37: null died.
02:53:26: null died.
02:53:27: null died.
02:55:06: null died.
02:55:07: null died.
02:59:18: Barba_Imersivo died.
03:01:47: null died.
12:34:57: Barba_Imersivo died.
12:35:01: null died.
12:35:01: null died.
12:35:53: Barba_Imersivo died.
12:35:56: null died.
13:10:56: Barba_Imersivo died.
13:15:44: null died.
13:15:45: null died.
13:25:30: Barba_Imersivo died.
13:25:31: null died.
13:25:35: null died.
13:26:05: null died.
13:55:55: Barba_Imersivo died.
13:55:58: null died.
13:55:59: null died.
14:04:04: Barba_Imersivo died dehydrated.
14:09:04: null died.
14:09:05: null died.
14:16:56: null died.
14:16:59: null died.
14:16:59: null died.
14:16:59: null died.
14:19:39: null died.
14:19:39: null died.
14:21:11: null died.
14:21:12: null died.
14:21:13: null died.
14:21:14: null died.
14:21:14: null died.
14:21:14: null died.
14:21:14: null died.
14:21:14: null died.
14:21:14: null died.
14:22:39: null died.
14:22:40: null died.
14:22:40: null died.
14:22:41: null died.
14:32:28: null died.
14:47:42: null was killed by null with AKM from 24 meters.
14:48:05: null died.
14:48:05: null died.
14:48:25: null died.
15:07:55: Barba_Imersivo died.
15:11:54: Barba_Imersivo died dehydrated.
15:12:49: null died.
15:12:49: null died.
15:12:49: null died.
15:21:38: Barba_Imersivo died.
15:22:16: null died.
15:22:17: null died.
15:22:17: null died.
15:31:40: null was killed by Barba_Imersivo with FNX45 from 22 meters.
15:32:37: null was killed by Barba_Imersivo with FNX45 from 27 meters.
15:32:48: null was killed by Barba_Imersivo with FNX45 from 21 meters.
15:41:15: Barba_Imersivo died.
15:41:19: null died.
15:41:19: null died.
15:41:19: null died.
15:54:01: null was killed by Izac with Glock19 from 16 meters.
15:54:22: null was killed by Izac with Glock19 from 3 meters.
16:40:19: null was killed by Barba_Imersivo with FNX45 from 7 meters.
16:40:46: Barba_Imersivo was killed by null with MP5K from 6 meters.
16:40:49: null died.
16:40:50: null died.
16:46:45: null died.
16:46:45: null died.
16:46:49: null died.
16:53:16: null died.
17:09:34: null died.
17:09:34: null died.
17:52:29: null died.
17:54:49: null died.
17:54:49: null died.
17:59:59: null died.
17:59:59: null died.
18:08:08: null killed by STR_Interceptor_name.
18:08:09: null killed by STR_Interceptor_name.
18:10:09: null died.
18:10:09: null died.
19:42:39: null was killed by GustavoN with FNX45 from 24 meters.
19:44:16: null was killed by GustavoN with Mp133Shotgun from 2 meters.
19:49:39: GustavoN was killed by Barba_imersivo with FNX45 from 13 meters.
20:17:00: null died.
20:17:00: null died.
20:17:01: null died.
20:19:00: null died.
20:19:00: null died.
20:19:01: null died.
20:36:04: null died.
20:36:04: null died.
20:48:29: null died.
20:48:33: null died.
20:52:33: null died.
20:52:34: null died.
21:01:37: null died.
23:13:14: null died.
23:13:14: null died.
